<?xml version="1.0" encoding="UTF-8"?>
<coverage generated="1542367802163" clover="3.2.0">
  <project timestamp="1542367802163" name="All files">
    <metrics statements="1382" coveredstatements="1121" conditionals="700" coveredconditionals="480" methods="377" coveredmethods="238" elements="2459" coveredelements="1839" complexity="0" loc="1382" ncloc="1382" packages="28" files="99" classes="99">
      <package name="main.webapp.app">
        <metrics statements="4" coveredstatements="4" conditionals="0" coveredconditionals="0" methods="0" coveredmethods="0"/>
        <file name="app.constants.ts" path="/home/vagrant/Documents/devops/src/main/webapp/app/app.constants.ts">
          <metrics statements="4" coveredstatements="4" conditionals="0" coveredconditionals="0" methods="0" coveredmethods="0"/>
          <line num="5" count="23" type="stmt"/>
          <line num="6" count="23" type="stmt"/>
          <line num="7" count="23" type="stmt"/>
          <line num="8" count="23" type="stmt"/>
        </file>
      </package>
      <package name="main.webapp.app.account.activate">
        <metrics statements="25" coveredstatements="23" conditionals="16" coveredconditionals="12" methods="10" coveredmethods="8"/>
        <file name="activate.component.html" path="/home/vagrant/Documents/devops/src/main/webapp/app/account/activate/activate.component.html">
          <metrics statements="1" coveredstatements="1" conditionals="0" coveredconditionals="0" methods="0" coveredmethods="0"/>
          <line num="1" count="1" type="stmt"/>
        </file>
        <file name="activate.component.ts" path="/home/vagrant/Documents/devops/src/main/webapp/app/account/activate/activate.component.ts">
          <metrics statements="16" coveredstatements="15" conditionals="13" coveredconditionals="10" methods="7" coveredmethods="6"/>
          <line num="1" count="1" type="stmt"/>
          <line num="3" count="1" type="stmt"/>
          <line num="5" count="1" type="stmt"/>
          <line num="6" count="1" type="stmt"/>
          <line num="12" count="1" type="stmt"/>
          <line num="17" count="3" type="cond" truecount="10" falsecount="3"/>
          <line num="19" count="3" type="stmt"/>
          <line num="20" count="3" type="stmt"/>
          <line num="21" count="3" type="stmt"/>
          <line num="23" count="1" type="stmt"/>
          <line num="24" count="1" type="stmt"/>
          <line num="27" count="1" type="stmt"/>
          <line num="28" count="1" type="stmt"/>
          <line num="34" count="1" type="stmt"/>
          <line num="35" count="0" type="stmt"/>
          <line num="37" count="1" type="stmt"/>
        </file>
        <file name="activate.service.ts" path="/home/vagrant/Documents/devops/src/main/webapp/app/account/activate/activate.service.ts">
          <metrics statements="8" coveredstatements="7" conditionals="3" coveredconditionals="2" methods="3" coveredmethods="2"/>
          <line num="1" count="1" type="stmt"/>
          <line num="2" count="1" type="stmt"/>
          <line num="5" count="1" type="stmt"/>
          <line num="8" count="1" type="stmt"/>
          <line num="9" count="3" type="cond" truecount="2" falsecount="1"/>
          <line num="11" count="1" type="stmt"/>
          <line num="12" count="0" type="stmt"/>
          <line num="16" count="1" type="stmt"/>
        </file>
      </package>
      <package name="main.webapp.app.account.password">
        <metrics statements="74" coveredstatements="61" conditionals="45" coveredconditionals="33" methods="16" coveredmethods="12"/>
        <file name="password-strength-bar.component.ts" path="/home/vagrant/Documents/devops/src/main/webapp/app/account/password/password-strength-bar.component.ts">
          <metrics statements="45" coveredstatements="35" conditionals="32" coveredconditionals="23" methods="6" coveredmethods="5"/>
          <line num="1" count="1" type="stmt"/>
          <line num="18" count="1" type="stmt"/>
          <line num="19" count="3" type="stmt"/>
          <line num="21" count="3" type="cond" truecount="6" falsecount="2"/>
          <line num="23" count="1" type="stmt"/>
          <line num="24" count="10" type="stmt"/>
          <line num="25" count="10" type="stmt"/>
          <line num="26" count="10" type="stmt"/>
          <line num="27" count="10" type="stmt"/>
          <line num="28" count="10" type="stmt"/>
          <line num="29" count="10" type="stmt"/>
          <line num="31" count="10" type="stmt"/>
          <line num="32" count="10" type="stmt"/>
          <line num="33" count="40" type="stmt"/>
          <line num="36" count="10" type="cond" truecount="2" falsecount="0"/>
          <line num="37" count="10" type="stmt"/>
          <line num="40" count="10" type="cond" truecount="2" falsecount="0"/>
          <line num="43" count="10" type="cond" truecount="2" falsecount="0"/>
          <line num="44" count="10" type="cond" truecount="1" falsecount="1"/>
          <line num="45" count="10" type="cond" truecount="2" falsecount="0"/>
          <line num="47" count="10" type="stmt"/>
          <line num="50" count="1" type="stmt"/>
          <line num="51" count="7" type="stmt"/>
          <line num="52" count="7" type="cond" truecount="2" falsecount="0"/>
          <line num="53" count="3" type="stmt"/>
          <line num="54" count="4" type="cond" truecount="2" falsecount="0"/>
          <line num="55" count="1" type="stmt"/>
          <line num="56" count="3" type="cond" truecount="2" falsecount="0"/>
          <line num="57" count="1" type="stmt"/>
          <line num="58" count="2" type="cond" truecount="2" falsecount="0"/>
          <line num="59" count="1" type="stmt"/>
          <line num="61" count="1" type="stmt"/>
          <line num="63" count="7" type="stmt"/>
          <line num="67" count="2" type="stmt"/>
          <line num="68" count="0" type="cond" truecount="0" falsecount="2"/>
          <line num="69" count="0" type="stmt"/>
          <line num="70" count="0" type="stmt"/>
          <line num="71" count="0" type="cond" truecount="0" falsecount="2"/>
          <line num="72" count="0" type="stmt"/>
          <line num="74" count="0" type="stmt"/>
          <line num="75" count="0" type="stmt"/>
          <line num="76" count="0" type="cond" truecount="0" falsecount="2"/>
          <line num="77" count="0" type="stmt"/>
          <line num="79" count="0" type="stmt"/>
          <line num="84" count="1" type="stmt"/>
        </file>
        <file name="password.component.html" path="/home/vagrant/Documents/devops/src/main/webapp/app/account/password/password.component.html">
          <metrics statements="1" coveredstatements="1" conditionals="0" coveredconditionals="0" methods="0" coveredmethods="0"/>
          <line num="1" count="1" type="stmt"/>
        </file>
        <file name="password.component.ts" path="/home/vagrant/Documents/devops/src/main/webapp/app/account/password/password.component.ts">
          <metrics statements="20" coveredstatements="18" conditionals="10" coveredconditionals="8" methods="7" coveredmethods="5"/>
          <line num="1" count="1" type="stmt"/>
          <line num="3" count="1" type="stmt"/>
          <line num="4" count="1" type="stmt"/>
          <line num="10" count="1" type="stmt"/>
          <line num="19" count="4" type="cond" truecount="6" falsecount="2"/>
          <line num="21" count="1" type="stmt"/>
          <line num="22" count="0" type="stmt"/>
          <line num="23" count="0" type="stmt"/>
          <line num="27" count="4" type="stmt"/>
          <line num="28" count="4" type="cond" truecount="2" falsecount="0"/>
          <line num="29" count="1" type="stmt"/>
          <line num="30" count="1" type="stmt"/>
          <line num="31" count="1" type="stmt"/>
          <line num="33" count="3" type="stmt"/>
          <line num="34" count="3" type="stmt"/>
          <line num="36" count="2" type="stmt"/>
          <line num="37" count="2" type="stmt"/>
          <line num="40" count="1" type="stmt"/>
          <line num="41" count="1" type="stmt"/>
          <line num="46" count="1" type="stmt"/>
        </file>
        <file name="password.service.ts" path="/home/vagrant/Documents/devops/src/main/webapp/app/account/password/password.service.ts">
          <metrics statements="8" coveredstatements="7" conditionals="3" coveredconditionals="2" methods="3" coveredmethods="2"/>
          <line num="1" count="1" type="stmt"/>
          <line num="2" count="1" type="stmt"/>
          <line num="5" count="1" type="stmt"/>
          <line num="8" count="1" type="stmt"/>
          <line num="9" count="4" type="cond" truecount="2" falsecount="1"/>
          <line num="11" count="1" type="stmt"/>
          <line num="12" count="0" type="stmt"/>
          <line num="14" count="1" type="stmt"/>
        </file>
      </package>
      <package name="main.webapp.app.account.password-reset.finish">
        <metrics statements="39" coveredstatements="37" conditionals="30" coveredconditionals="23" methods="12" coveredmethods="10"/>
        <file name="password-reset-finish.component.html" path="/home/vagrant/Documents/devops/src/main/webapp/app/account/password-reset/finish/password-reset-finish.component.html">
          <metrics statements="1" coveredstatements="1" conditionals="0" coveredconditionals="0" methods="0" coveredmethods="0"/>
          <line num="1" count="1" type="stmt"/>
        </file>
        <file name="password-reset-finish.component.ts" path="/home/vagrant/Documents/devops/src/main/webapp/app/account/password-reset/finish/password-reset-finish.component.ts">
          <metrics statements="30" coveredstatements="29" conditionals="27" coveredconditionals="21" methods="9" coveredmethods="8"/>
          <line num="1" count="1" type="stmt"/>
          <line num="3" count="1" type="stmt"/>
          <line num="5" count="1" type="stmt"/>
          <line num="6" count="1" type="stmt"/>
          <line num="12" count="1" type="stmt"/>
          <line num="23" count="10" type="cond" truecount="6" falsecount="2"/>
          <line num="24" count="10" type="cond" truecount="4" falsecount="1"/>
          <line num="25" count="10" type="cond" truecount="4" falsecount="1"/>
          <line num="26" count="10" type="cond" truecount="4" falsecount="1"/>
          <line num="27" count="10" type="stmt"/>
          <line num="30" count="6" type="stmt"/>
          <line num="31" count="6" type="stmt"/>
          <line num="32" count="6" type="stmt"/>
          <line num="34" count="6" type="stmt"/>
          <line num="35" count="6" type="stmt"/>
          <line num="38" count="1" type="stmt"/>
          <line num="39" count="1" type="cond" truecount="1" falsecount="1"/>
          <line num="40" count="1" type="stmt"/>
          <line num="44" count="3" type="stmt"/>
          <line num="45" count="3" type="stmt"/>
          <line num="46" count="3" type="stmt"/>
          <line num="47" count="3" type="cond" truecount="2" falsecount="0"/>
          <line num="48" count="1" type="stmt"/>
          <line num="50" count="2" type="stmt"/>
          <line num="52" count="1" type="stmt"/>
          <line num="55" count="1" type="stmt"/>
          <line num="56" count="1" type="stmt"/>
          <line num="62" count="1" type="stmt"/>
          <line num="63" count="0" type="stmt"/>
          <line num="65" count="1" type="stmt"/>
        </file>
        <file name="password-reset-finish.service.ts" path="/home/vagrant/Documents/devops/src/main/webapp/app/account/password-reset/finish/password-reset-finish.service.ts">
          <metrics statements="8" coveredstatements="7" conditionals="3" coveredconditionals="2" methods="3" coveredmethods="2"/>
          <line num="1" count="1" type="stmt"/>
          <line num="2" count="1" type="stmt"/>
          <line num="5" count="1" type="stmt"/>
          <line num="8" count="1" type="stmt"/>
          <line num="9" count="5" type="cond" truecount="2" falsecount="1"/>
          <line num="11" count="1" type="stmt"/>
          <line num="12" count="0" type="stmt"/>
          <line num="14" count="1" type="stmt"/>
        </file>
      </package>
      <package name="main.webapp.app.account.password-reset.init">
        <metrics statements="28" coveredstatements="27" conditionals="20" coveredconditionals="16" methods="10" coveredmethods="9"/>
        <file name="password-reset-init.component.html" path="/home/vagrant/Documents/devops/src/main/webapp/app/account/password-reset/init/password-reset-init.component.html">
          <metrics statements="1" coveredstatements="1" conditionals="0" coveredconditionals="0" methods="0" coveredmethods="0"/>
          <line num="1" count="1" type="stmt"/>
        </file>
        <file name="password-reset-init.component.ts" path="/home/vagrant/Documents/devops/src/main/webapp/app/account/password-reset/init/password-reset-init.component.ts">
          <metrics statements="19" coveredstatements="19" conditionals="17" coveredconditionals="14" methods="7" coveredmethods="7"/>
          <line num="1" count="1" type="stmt"/>
          <line num="2" count="1" type="stmt"/>
          <line num="3" count="1" type="stmt"/>
          <line num="9" count="1" type="stmt"/>
          <line num="15" count="5" type="cond" truecount="10" falsecount="3"/>
          <line num="17" count="1" type="stmt"/>
          <line num="18" count="5" type="stmt"/>
          <line num="21" count="1" type="stmt"/>
          <line num="22" count="1" type="stmt"/>
          <line num="25" count="3" type="stmt"/>
          <line num="26" count="3" type="stmt"/>
          <line num="27" count="3" type="stmt"/>
          <line num="29" count="3" type="stmt"/>
          <line num="31" count="1" type="stmt"/>
          <line num="34" count="2" type="stmt"/>
          <line num="35" count="2" type="cond" truecount="4" falsecount="0"/>
          <line num="36" count="1" type="stmt"/>
          <line num="38" count="1" type="stmt"/>
          <line num="43" count="1" type="stmt"/>
        </file>
        <file name="password-reset-init.service.ts" path="/home/vagrant/Documents/devops/src/main/webapp/app/account/password-reset/init/password-reset-init.service.ts">
          <metrics statements="8" coveredstatements="7" conditionals="3" coveredconditionals="2" methods="3" coveredmethods="2"/>
          <line num="1" count="1" type="stmt"/>
          <line num="2" count="1" type="stmt"/>
          <line num="5" count="1" type="stmt"/>
          <line num="8" count="1" type="stmt"/>
          <line num="9" count="5" type="cond" truecount="2" falsecount="1"/>
          <line num="11" count="1" type="stmt"/>
          <line num="12" count="0" type="stmt"/>
          <line num="14" count="1" type="stmt"/>
        </file>
      </package>
      <package name="main.webapp.app.account.register">
        <metrics statements="44" coveredstatements="41" conditionals="31" coveredconditionals="26" methods="12" coveredmethods="9"/>
        <file name="register.component.html" path="/home/vagrant/Documents/devops/src/main/webapp/app/account/register/register.component.html">
          <metrics statements="1" coveredstatements="1" conditionals="0" coveredconditionals="0" methods="0" coveredmethods="0"/>
          <line num="1" count="1" type="stmt"/>
        </file>
        <file name="register.component.ts" path="/home/vagrant/Documents/devops/src/main/webapp/app/account/register/register.component.ts">
          <metrics statements="35" coveredstatements="33" conditionals="28" coveredconditionals="24" methods="9" coveredmethods="7"/>
          <line num="1" count="1" type="stmt"/>
          <line num="5" count="1" type="stmt"/>
          <line num="6" count="1" type="stmt"/>
          <line num="7" count="1" type="stmt"/>
          <line num="13" count="1" type="stmt"/>
          <line num="24" count="5" type="cond" truecount="6" falsecount="2"/>
          <line num="25" count="5" type="cond" truecount="4" falsecount="1"/>
          <line num="26" count="5" type="cond" truecount="4" falsecount="1"/>
          <line num="27" count="5" type="stmt"/>
          <line num="30" count="1" type="stmt"/>
          <line num="31" count="5" type="stmt"/>
          <line num="32" count="5" type="stmt"/>
          <line num="35" count="1" type="stmt"/>
          <line num="36" count="0" type="stmt"/>
          <line num="39" count="5" type="stmt"/>
          <line num="40" count="5" type="cond" truecount="2" falsecount="0"/>
          <line num="41" count="1" type="stmt"/>
          <line num="43" count="4" type="stmt"/>
          <line num="44" count="4" type="stmt"/>
          <line num="45" count="4" type="stmt"/>
          <line num="46" count="4" type="stmt"/>
          <line num="47" count="4" type="stmt"/>
          <line num="48" count="4" type="stmt"/>
          <line num="50" count="1" type="stmt"/>
          <line num="52" count="3" type="stmt"/>
          <line num="57" count="1" type="stmt"/>
          <line num="58" count="0" type="stmt"/>
          <line num="61" count="1" type="stmt"/>
          <line num="62" count="3" type="stmt"/>
          <line num="63" count="3" type="cond" truecount="4" falsecount="0"/>
          <line num="64" count="1" type="stmt"/>
          <line num="65" count="2" type="cond" truecount="4" falsecount="0"/>
          <line num="66" count="1" type="stmt"/>
          <line num="68" count="1" type="stmt"/>
          <line num="71" count="1" type="stmt"/>
        </file>
        <file name="register.service.ts" path="/home/vagrant/Documents/devops/src/main/webapp/app/account/register/register.service.ts">
          <metrics statements="8" coveredstatements="7" conditionals="3" coveredconditionals="2" methods="3" coveredmethods="2"/>
          <line num="1" count="1" type="stmt"/>
          <line num="2" count="1" type="stmt"/>
          <line num="5" count="1" type="stmt"/>
          <line num="8" count="1" type="stmt"/>
          <line num="9" count="5" type="cond" truecount="2" falsecount="1"/>
          <line num="11" count="1" type="stmt"/>
          <line num="12" count="0" type="stmt"/>
          <line num="14" count="1" type="stmt"/>
        </file>
      </package>
      <package name="main.webapp.app.account.settings">
        <metrics statements="19" coveredstatements="17" conditionals="8" coveredconditionals="6" methods="9" coveredmethods="7"/>
        <file name="settings.component.html" path="/home/vagrant/Documents/devops/src/main/webapp/app/account/settings/settings.component.html">
          <metrics statements="1" coveredstatements="1" conditionals="0" coveredconditionals="0" methods="0" coveredmethods="0"/>
          <line num="1" count="1" type="stmt"/>
        </file>
        <file name="settings.component.ts" path="/home/vagrant/Documents/devops/src/main/webapp/app/account/settings/settings.component.ts">
          <metrics statements="18" coveredstatements="16" conditionals="8" coveredconditionals="6" methods="9" coveredmethods="7"/>
          <line num="1" count="1" type="stmt"/>
          <line num="3" count="1" type="stmt"/>
          <line num="9" count="1" type="stmt"/>
          <line num="15" count="3" type="cond" truecount="6" falsecount="2"/>
          <line num="17" count="1" type="stmt"/>
          <line num="18" count="0" type="stmt"/>
          <line num="19" count="0" type="stmt"/>
          <line num="23" count="3" type="stmt"/>
          <line num="24" count="3" type="stmt"/>
          <line num="26" count="2" type="stmt"/>
          <line num="27" count="2" type="stmt"/>
          <line num="28" count="2" type="stmt"/>
          <line num="29" count="2" type="stmt"/>
          <line num="33" count="1" type="stmt"/>
          <line num="34" count="1" type="stmt"/>
          <line num="39" count="1" type="stmt"/>
          <line num="40" count="2" type="stmt"/>
          <line num="50" count="1" type="stmt"/>
        </file>
      </package>
      <package name="main.webapp.app.admin">
        <metrics statements="32" coveredstatements="32" conditionals="0" coveredconditionals="0" methods="0" coveredmethods="0"/>
        <file name="admin.route.ts" path="/home/vagrant/Documents/devops/src/main/webapp/app/admin/admin.route.ts">
          <metrics statements="4" coveredstatements="4" conditionals="0" coveredconditionals="0" methods="0" coveredmethods="0"/>
          <line num="3" count="2" type="stmt"/>
          <line num="5" count="2" type="stmt"/>
          <line num="7" count="2" type="stmt"/>
          <line num="9" count="2" type="stmt"/>
        </file>
        <file name="index.ts" path="/home/vagrant/Documents/devops/src/main/webapp/app/admin/index.ts">
          <metrics statements="28" coveredstatements="28" conditionals="0" coveredconditionals="0" methods="0" coveredmethods="0"/>
          <line num="1" count="2" type="stmt"/>
          <line num="2" count="2" type="stmt"/>
          <line num="3" count="2" type="stmt"/>
          <line num="4" count="2" type="stmt"/>
          <line num="5" count="2" type="stmt"/>
          <line num="6" count="2" type="stmt"/>
          <line num="7" count="2" type="stmt"/>
          <line num="8" count="2" type="stmt"/>
          <line num="9" count="2" type="stmt"/>
          <line num="10" count="2" type="stmt"/>
          <line num="11" count="2" type="stmt"/>
          <line num="12" count="2" type="stmt"/>
          <line num="13" count="2" type="stmt"/>
          <line num="14" count="2" type="stmt"/>
          <line num="15" count="2" type="stmt"/>
          <line num="16" count="2" type="stmt"/>
          <line num="17" count="2" type="stmt"/>
          <line num="18" count="2" type="stmt"/>
          <line num="19" count="2" type="stmt"/>
          <line num="20" count="2" type="stmt"/>
          <line num="21" count="2" type="stmt"/>
          <line num="22" count="2" type="stmt"/>
          <line num="23" count="2" type="stmt"/>
          <line num="24" count="2" type="stmt"/>
          <line num="25" count="2" type="stmt"/>
          <line num="26" count="2" type="stmt"/>
          <line num="27" count="2" type="stmt"/>
          <line num="28" count="2" type="stmt"/>
        </file>
      </package>
      <package name="main.webapp.app.admin.audits">
        <metrics statements="86" coveredstatements="77" conditionals="41" coveredconditionals="29" methods="22" coveredmethods="17"/>
        <file name="audit-data.model.ts" path="/home/vagrant/Documents/devops/src/main/webapp/app/admin/audits/audit-data.model.ts">
          <metrics statements="3" coveredstatements="2" conditionals="0" coveredconditionals="0" methods="2" coveredmethods="1"/>
          <line num="1" count="2" type="stmt"/>
          <line num="2" count="0" type="stmt"/>
          <line num="3" count="2" type="stmt"/>
        </file>
        <file name="audit.model.ts" path="/home/vagrant/Documents/devops/src/main/webapp/app/admin/audits/audit.model.ts">
          <metrics statements="3" coveredstatements="3" conditionals="0" coveredconditionals="0" methods="2" coveredmethods="2"/>
          <line num="3" count="4" type="stmt"/>
          <line num="4" count="2" type="stmt"/>
          <line num="5" count="4" type="stmt"/>
        </file>
        <file name="audits.component.html" path="/home/vagrant/Documents/devops/src/main/webapp/app/admin/audits/audits.component.html">
          <metrics statements="1" coveredstatements="1" conditionals="0" coveredconditionals="0" methods="0" coveredmethods="0"/>
          <line num="1" count="3" type="stmt"/>
        </file>
        <file name="audits.component.ts" path="/home/vagrant/Documents/devops/src/main/webapp/app/admin/audits/audits.component.ts">
          <metrics statements="63" coveredstatements="55" conditionals="38" coveredconditionals="27" methods="15" coveredmethods="11"/>
          <line num="1" count="3" type="stmt"/>
          <line num="3" count="3" type="stmt"/>
          <line num="4" count="3" type="stmt"/>
          <line num="5" count="3" type="stmt"/>
          <line num="7" count="3" type="stmt"/>
          <line num="9" count="3" type="stmt"/>
          <line num="15" count="3" type="stmt"/>
          <line num="29" count="6" type="stmt"/>
          <line num="30" count="6" type="cond" truecount="6" falsecount="2"/>
          <line num="31" count="6" type="cond" truecount="4" falsecount="1"/>
          <line num="32" count="6" type="cond" truecount="4" falsecount="1"/>
          <line num="33" count="6" type="cond" truecount="4" falsecount="1"/>
          <line num="34" count="6" type="cond" truecount="4" falsecount="1"/>
          <line num="35" count="6" type="stmt"/>
          <line num="37" count="6" type="stmt"/>
          <line num="38" count="6" type="stmt"/>
          <line num="39" count="6" type="stmt"/>
          <line num="40" count="6" type="stmt"/>
          <line num="41" count="6" type="stmt"/>
          <line num="42" count="6" type="stmt"/>
          <line num="46" count="3" type="stmt"/>
          <line num="47" count="2" type="stmt"/>
          <line num="48" count="2" type="stmt"/>
          <line num="49" count="2" type="stmt"/>
          <line num="52" count="3" type="stmt"/>
          <line num="53" count="5" type="stmt"/>
          <line num="56" count="3" type="stmt"/>
          <line num="57" count="3" type="stmt"/>
          <line num="58" count="3" type="stmt"/>
          <line num="60" count="3" type="cond" truecount="1" falsecount="1"/>
          <line num="61" count="0" type="stmt"/>
          <line num="63" count="3" type="stmt"/>
          <line num="66" count="3" type="stmt"/>
          <line num="69" count="3" type="stmt"/>
          <line num="70" count="3" type="stmt"/>
          <line num="72" count="3" type="stmt"/>
          <line num="73" count="3" type="stmt"/>
          <line num="74" count="3" type="stmt"/>
          <line num="75" count="3" type="stmt"/>
          <line num="78" count="3" type="stmt"/>
          <line num="79" count="2" type="stmt"/>
          <line num="88" count="1" type="stmt"/>
          <line num="89" count="0" type="stmt"/>
          <line num="93" count="3" type="stmt"/>
          <line num="94" count="4" type="cond" truecount="2" falsecount="0"/>
          <line num="95" count="4" type="cond" truecount="2" falsecount="0"/>
          <line num="96" count="1" type="stmt"/>
          <line num="98" count="4" type="stmt"/>
          <line num="101" count="3" type="stmt"/>
          <line num="102" count="0" type="cond" truecount="0" falsecount="2"/>
          <line num="103" count="0" type="stmt"/>
          <line num="104" count="0" type="stmt"/>
          <line num="108" count="3" type="stmt"/>
          <line num="109" count="0" type="stmt"/>
          <line num="115" count="0" type="stmt"/>
          <line num="118" count="3" type="stmt"/>
          <line num="119" count="1" type="stmt"/>
          <line num="120" count="1" type="stmt"/>
          <line num="121" count="1" type="stmt"/>
          <line num="122" count="1" type="stmt"/>
          <line num="125" count="3" type="stmt"/>
          <line num="126" count="0" type="stmt"/>
          <line num="128" count="3" type="stmt"/>
        </file>
        <file name="audits.route.ts" path="/home/vagrant/Documents/devops/src/main/webapp/app/admin/audits/audits.route.ts">
          <metrics statements="3" coveredstatements="3" conditionals="0" coveredconditionals="0" methods="0" coveredmethods="0"/>
          <line num="3" count="2" type="stmt"/>
          <line num="5" count="2" type="stmt"/>
          <line num="7" count="2" type="stmt"/>
        </file>
        <file name="audits.service.ts" path="/home/vagrant/Documents/devops/src/main/webapp/app/admin/audits/audits.service.ts">
          <metrics statements="13" coveredstatements="13" conditionals="3" coveredconditionals="2" methods="3" coveredmethods="3"/>
          <line num="1" count="4" type="stmt"/>
          <line num="2" count="4" type="stmt"/>
          <line num="5" count="4" type="stmt"/>
          <line num="6" count="4" type="stmt"/>
          <line num="10" count="4" type="stmt"/>
          <line num="11" count="9" type="cond" truecount="2" falsecount="1"/>
          <line num="13" count="4" type="stmt"/>
          <line num="14" count="4" type="stmt"/>
          <line num="15" count="4" type="stmt"/>
          <line num="16" count="4" type="stmt"/>
          <line num="18" count="4" type="stmt"/>
          <line num="20" count="4" type="stmt"/>
          <line num="25" count="4" type="stmt"/>
        </file>
      </package>
      <package name="main.webapp.app.admin.configuration">
        <metrics statements="59" coveredstatements="46" conditionals="22" coveredconditionals="12" methods="14" coveredmethods="11"/>
        <file name="configuration.component.html" path="/home/vagrant/Documents/devops/src/main/webapp/app/admin/configuration/configuration.component.html">
          <metrics statements="1" coveredstatements="1" conditionals="0" coveredconditionals="0" methods="0" coveredmethods="0"/>
          <line num="1" count="3" type="stmt"/>
        </file>
        <file name="configuration.component.ts" path="/home/vagrant/Documents/devops/src/main/webapp/app/admin/configuration/configuration.component.ts">
          <metrics statements="21" coveredstatements="21" conditionals="7" coveredconditionals="6" methods="6" coveredmethods="6"/>
          <line num="1" count="3" type="stmt"/>
          <line num="3" count="3" type="stmt"/>
          <line num="9" count="3" type="stmt"/>
          <line num="10" count="3" type="stmt"/>
          <line num="11" count="3" type="stmt"/>
          <line num="17" count="3" type="cond" truecount="2" falsecount="1"/>
          <line num="18" count="3" type="stmt"/>
          <line num="19" count="3" type="stmt"/>
          <line num="20" count="3" type="stmt"/>
          <line num="21" count="3" type="stmt"/>
          <line num="24" count="3" type="stmt"/>
          <line num="25" count="2" type="cond" truecount="2" falsecount="0"/>
          <line num="28" count="3" type="stmt"/>
          <line num="29" count="1" type="stmt"/>
          <line num="30" count="1" type="stmt"/>
          <line num="32" count="2" type="stmt"/>
          <line num="33" count="2" type="cond" truecount="2" falsecount="0"/>
          <line num="34" count="1" type="stmt"/>
          <line num="39" count="1" type="stmt"/>
          <line num="40" count="1" type="stmt"/>
          <line num="43" count="3" type="stmt"/>
        </file>
        <file name="configuration.route.ts" path="/home/vagrant/Documents/devops/src/main/webapp/app/admin/configuration/configuration.route.ts">
          <metrics statements="2" coveredstatements="2" conditionals="0" coveredconditionals="0" methods="0" coveredmethods="0"/>
          <line num="3" count="2" type="stmt"/>
          <line num="5" count="2" type="stmt"/>
        </file>
        <file name="configuration.service.ts" path="/home/vagrant/Documents/devops/src/main/webapp/app/admin/configuration/configuration.service.ts">
          <metrics statements="35" coveredstatements="22" conditionals="15" coveredconditionals="6" methods="8" coveredmethods="5"/>
          <line num="1" count="4" type="stmt"/>
          <line num="2" count="4" type="stmt"/>
          <line num="4" count="4" type="stmt"/>
          <line num="6" count="4" type="stmt"/>
          <line num="9" count="4" type="stmt"/>
          <line num="10" count="6" type="cond" truecount="2" falsecount="1"/>
          <line num="12" count="4" type="stmt"/>
          <line num="13" count="3" type="stmt"/>
          <line num="15" count="2" type="stmt"/>
          <line num="16" count="2" type="stmt"/>
          <line num="17" count="1" type="stmt"/>
          <line num="18" count="1" type="cond" truecount="1" falsecount="1"/>
          <line num="19" count="1" type="stmt"/>
          <line num="23" count="1" type="stmt"/>
          <line num="24" count="0" type="cond" truecount="0" falsecount="4"/>
          <line num="30" count="4" type="stmt"/>
          <line num="32" count="2" type="cond" truecount="2" falsecount="0"/>
          <line num="33" count="1" type="stmt"/>
          <line num="37" count="1" type="cond" truecount="1" falsecount="1"/>
          <line num="38" count="1" type="stmt"/>
          <line num="43" count="1" type="stmt"/>
          <line num="46" count="4" type="stmt"/>
          <line num="47" count="0" type="stmt"/>
          <line num="49" count="0" type="stmt"/>
          <line num="50" count="0" type="stmt"/>
          <line num="52" count="0" type="stmt"/>
          <line num="53" count="0" type="stmt"/>
          <line num="54" count="0" type="stmt"/>
          <line num="55" count="0" type="stmt"/>
          <line num="56" count="0" type="stmt"/>
          <line num="57" count="0" type="cond" truecount="0" falsecount="2"/>
          <line num="58" count="0" type="stmt"/>
          <line num="61" count="0" type="stmt"/>
          <line num="63" count="0" type="stmt"/>
          <line num="67" count="4" type="stmt"/>
        </file>
      </package>
      <package name="main.webapp.app.admin.docs">
        <metrics statements="6" coveredstatements="6" conditionals="0" coveredconditionals="0" methods="2" coveredmethods="1"/>
        <file name="docs.component.html" path="/home/vagrant/Documents/devops/src/main/webapp/app/admin/docs/docs.component.html">
          <metrics statements="1" coveredstatements="1" conditionals="0" coveredconditionals="0" methods="0" coveredmethods="0"/>
          <line num="1" count="2" type="stmt"/>
        </file>
        <file name="docs.component.ts" path="/home/vagrant/Documents/devops/src/main/webapp/app/admin/docs/docs.component.ts">
          <metrics statements="3" coveredstatements="3" conditionals="0" coveredconditionals="0" methods="2" coveredmethods="1"/>
          <line num="1" count="2" type="stmt"/>
          <line num="7" count="2" type="stmt"/>
          <line num="9" count="2" type="stmt"/>
        </file>
        <file name="docs.route.ts" path="/home/vagrant/Documents/devops/src/main/webapp/app/admin/docs/docs.route.ts">
          <metrics statements="2" coveredstatements="2" conditionals="0" coveredconditionals="0" methods="0" coveredmethods="0"/>
          <line num="3" count="2" type="stmt"/>
          <line num="5" count="2" type="stmt"/>
        </file>
      </package>
      <package name="main.webapp.app.admin.health">
        <metrics statements="126" coveredstatements="109" conditionals="74" coveredconditionals="54" methods="28" coveredmethods="20"/>
        <file name="health-modal.component.html" path="/home/vagrant/Documents/devops/src/main/webapp/app/admin/health/health-modal.component.html">
          <metrics statements="1" coveredstatements="1" conditionals="0" coveredconditionals="0" methods="0" coveredmethods="0"/>
          <line num="1" count="3" type="stmt"/>
        </file>
        <file name="health-modal.component.ts" path="/home/vagrant/Documents/devops/src/main/webapp/app/admin/health/health-modal.component.ts">
          <metrics statements="19" coveredstatements="8" conditionals="14" coveredconditionals="6" methods="5" coveredmethods="1"/>
          <line num="1" count="3" type="stmt"/>
          <line num="2" count="3" type="stmt"/>
          <line num="4" count="3" type="stmt"/>
          <line num="10" count="3" type="stmt"/>
          <line num="13" count="0" type="cond" truecount="6" falsecount="2"/>
          <line num="15" count="3" type="stmt"/>
          <line num="16" count="0" type="stmt"/>
          <line num="19" count="3" type="stmt"/>
          <line num="20" count="0" type="stmt"/>
          <line num="23" count="3" type="stmt"/>
          <line num="24" count="0" type="cond" truecount="0" falsecount="2"/>
          <line num="26" count="0" type="stmt"/>
          <line num="27" count="0" type="cond" truecount="0" falsecount="2"/>
          <line num="29" count="0" type="stmt"/>
          <line num="31" count="0" type="stmt"/>
          <line num="35" count="0" type="cond" truecount="0" falsecount="2"/>
          <line num="36" count="0" type="stmt"/>
          <line num="38" count="0" type="stmt"/>
          <line num="41" count="3" type="stmt"/>
        </file>
        <file name="health.component.html" path="/home/vagrant/Documents/devops/src/main/webapp/app/admin/health/health.component.html">
          <metrics statements="1" coveredstatements="1" conditionals="0" coveredconditionals="0" methods="0" coveredmethods="0"/>
          <line num="1" count="3" type="stmt"/>
        </file>
        <file name="health.component.ts" path="/home/vagrant/Documents/devops/src/main/webapp/app/admin/health/health.component.ts">
          <metrics statements="29" coveredstatements="26" conditionals="12" coveredconditionals="9" methods="12" coveredmethods="9"/>
          <line num="1" count="3" type="stmt"/>
          <line num="2" count="3" type="stmt"/>
          <line num="4" count="3" type="stmt"/>
          <line num="5" count="3" type="stmt"/>
          <line num="11" count="3" type="stmt"/>
          <line num="15" count="12" type="cond" truecount="6" falsecount="2"/>
          <line num="17" count="3" type="stmt"/>
          <line num="18" count="1" type="stmt"/>
          <line num="21" count="3" type="stmt"/>
          <line num="22" count="2" type="stmt"/>
          <line num="25" count="3" type="stmt"/>
          <line num="26" count="2" type="cond" truecount="2" falsecount="0"/>
          <line num="27" count="1" type="stmt"/>
          <line num="29" count="1" type="stmt"/>
          <line num="33" count="3" type="stmt"/>
          <line num="34" count="2" type="stmt"/>
          <line num="36" count="2" type="stmt"/>
          <line num="38" count="1" type="stmt"/>
          <line num="39" count="1" type="stmt"/>
          <line num="42" count="1" type="cond" truecount="1" falsecount="1"/>
          <line num="43" count="1" type="stmt"/>
          <line num="44" count="1" type="stmt"/>
          <line num="50" count="3" type="stmt"/>
          <line num="51" count="0" type="stmt"/>
          <line num="52" count="0" type="stmt"/>
          <line num="53" count="0" type="stmt"/>
          <line num="63" count="3" type="stmt"/>
          <line num="64" count="2" type="stmt"/>
          <line num="66" count="3" type="stmt"/>
        </file>
        <file name="health.route.ts" path="/home/vagrant/Documents/devops/src/main/webapp/app/admin/health/health.route.ts">
          <metrics statements="2" coveredstatements="2" conditionals="0" coveredconditionals="0" methods="0" coveredmethods="0"/>
          <line num="3" count="2" type="stmt"/>
          <line num="5" count="2" type="stmt"/>
        </file>
        <file name="health.service.ts" path="/home/vagrant/Documents/devops/src/main/webapp/app/admin/health/health.service.ts">
          <metrics statements="74" coveredstatements="71" conditionals="48" coveredconditionals="39" methods="11" coveredmethods="10"/>
          <line num="1" count="3" type="stmt"/>
          <line num="2" count="3" type="stmt"/>
          <line num="5" count="3" type="stmt"/>
          <line num="8" count="3" type="stmt"/>
          <line num="11" count="12" type="cond" truecount="2" falsecount="1"/>
          <line num="12" count="12" type="stmt"/>
          <line num="15" count="3" type="stmt"/>
          <line num="16" count="0" type="stmt"/>
          <line num="19" count="3" type="stmt"/>
          <line num="20" count="5" type="stmt"/>
          <line num="21" count="5" type="stmt"/>
          <line num="22" count="5" type="stmt"/>
          <line num="25" count="3" type="stmt"/>
          <line num="26" count="2" type="cond" truecount="1" falsecount="1"/>
          <line num="27" count="2" type="stmt"/>
          <line num="28" count="2" type="stmt"/>
          <line num="32" count="3" type="stmt"/>
          <line num="33" count="2" type="cond" truecount="1" falsecount="1"/>
          <line num="34" count="2" type="stmt"/>
          <line num="35" count="2" type="stmt"/>
          <line num="36" count="2" type="stmt"/>
          <line num="37" count="2" type="cond" truecount="2" falsecount="0"/>
          <line num="42" count="3" type="stmt"/>
          <line num="43" count="17" type="stmt"/>
          <line num="47" count="17" type="stmt"/>
          <line num="48" count="17" type="stmt"/>
          <line num="50" count="17" type="stmt"/>
          <line num="51" count="46" type="cond" truecount="1" falsecount="1"/>
          <line num="52" count="46" type="stmt"/>
          <line num="53" count="46" type="cond" truecount="4" falsecount="0"/>
          <line num="54" count="25" type="stmt"/>
          <line num="56" count="21" type="cond" truecount="2" falsecount="0"/>
          <line num="57" count="15" type="stmt"/>
          <line num="58" count="15" type="stmt"/>
          <line num="65" count="17" type="cond" truecount="2" falsecount="0"/>
          <line num="66" count="11" type="stmt"/>
          <line num="70" count="17" type="cond" truecount="5" falsecount="0"/>
          <line num="71" count="16" type="stmt"/>
          <line num="73" count="17" type="stmt"/>
          <line num="76" count="3" type="stmt"/>
          <line num="77" count="8" type="stmt"/>
          <line num="78" count="26" type="cond" truecount="1" falsecount="1"/>
          <line num="79" count="26" type="stmt"/>
          <line num="80" count="26" type="cond" truecount="2" falsecount="0"/>
          <line num="81" count="17" type="cond" truecount="2" falsecount="0"/>
          <line num="82" count="3" type="stmt"/>
          <line num="83" count="3" type="stmt"/>
          <line num="85" count="14" type="stmt"/>
          <line num="90" count="8" type="stmt"/>
          <line num="93" count="3" type="stmt"/>
          <line num="95" count="20" type="cond" truecount="4" falsecount="0"/>
          <line num="96" count="6" type="stmt"/>
          <line num="97" count="14" type="cond" truecount="1" falsecount="1"/>
          <line num="98" count="0" type="stmt"/>
          <line num="99" count="14" type="cond" truecount="1" falsecount="1"/>
          <line num="100" count="14" type="stmt"/>
          <line num="102" count="0" type="stmt"/>
          <line num="104" count="20" type="stmt"/>
          <line num="107" count="3" type="stmt"/>
          <line num="108" count="17" type="stmt"/>
          <line num="110" count="17" type="stmt"/>
          <line num="111" count="46" type="cond" truecount="1" falsecount="1"/>
          <line num="112" count="46" type="stmt"/>
          <line num="113" count="46" type="cond" truecount="4" falsecount="0"/>
          <line num="114" count="6" type="stmt"/>
          <line num="118" count="17" type="stmt"/>
          <line num="121" count="3" type="stmt"/>
          <line num="122" count="47" type="stmt"/>
          <line num="124" count="47" type="stmt"/>
          <line num="125" count="294" type="cond" truecount="1" falsecount="1"/>
          <line num="126" count="294" type="cond" truecount="2" falsecount="0"/>
          <line num="127" count="23" type="stmt"/>
          <line num="131" count="47" type="stmt"/>
          <line num="133" count="3" type="stmt"/>
        </file>
      </package>
      <package name="main.webapp.app.admin.logs">
        <metrics statements="31" coveredstatements="31" conditionals="6" coveredconditionals="4" methods="13" coveredmethods="13"/>
        <file name="log.model.ts" path="/home/vagrant/Documents/devops/src/main/webapp/app/admin/logs/log.model.ts">
          <metrics statements="3" coveredstatements="3" conditionals="0" coveredconditionals="0" methods="2" coveredmethods="2"/>
          <line num="1" count="3" type="stmt"/>
          <line num="2" count="5" type="stmt"/>
          <line num="3" count="3" type="stmt"/>
        </file>
        <file name="logs.component.html" path="/home/vagrant/Documents/devops/src/main/webapp/app/admin/logs/logs.component.html">
          <metrics statements="1" coveredstatements="1" conditionals="0" coveredconditionals="0" methods="0" coveredmethods="0"/>
          <line num="1" count="2" type="stmt"/>
        </file>
        <file name="logs.component.ts" path="/home/vagrant/Documents/devops/src/main/webapp/app/admin/logs/logs.component.ts">
          <metrics statements="15" coveredstatements="15" conditionals="3" coveredconditionals="2" methods="7" coveredmethods="7"/>
          <line num="1" count="2" type="stmt"/>
          <line num="3" count="2" type="stmt"/>
          <line num="4" count="2" type="stmt"/>
          <line num="10" count="2" type="stmt"/>
          <line num="16" count="3" type="cond" truecount="2" falsecount="1"/>
          <line num="17" count="3" type="stmt"/>
          <line num="18" count="3" type="stmt"/>
          <line num="19" count="3" type="stmt"/>
          <line num="22" count="2" type="stmt"/>
          <line num="23" count="1" type="stmt"/>
          <line num="26" count="2" type="stmt"/>
          <line num="27" count="1" type="stmt"/>
          <line num="28" count="1" type="stmt"/>
          <line num="29" count="1" type="stmt"/>
          <line num="32" count="2" type="stmt"/>
        </file>
        <file name="logs.route.ts" path="/home/vagrant/Documents/devops/src/main/webapp/app/admin/logs/logs.route.ts">
          <metrics statements="2" coveredstatements="2" conditionals="0" coveredconditionals="0" methods="0" coveredmethods="0"/>
          <line num="3" count="2" type="stmt"/>
          <line num="5" count="2" type="stmt"/>
        </file>
        <file name="logs.service.ts" path="/home/vagrant/Documents/devops/src/main/webapp/app/admin/logs/logs.service.ts">
          <metrics statements="10" coveredstatements="10" conditionals="3" coveredconditionals="2" methods="4" coveredmethods="4"/>
          <line num="1" count="3" type="stmt"/>
          <line num="2" count="3" type="stmt"/>
          <line num="5" count="3" type="stmt"/>
          <line num="9" count="3" type="stmt"/>
          <line num="10" count="6" type="cond" truecount="2" falsecount="1"/>
          <line num="12" count="3" type="stmt"/>
          <line num="13" count="1" type="stmt"/>
          <line num="16" count="3" type="stmt"/>
          <line num="17" count="2" type="stmt"/>
          <line num="19" count="3" type="stmt"/>
        </file>
      </package>
      <package name="main.webapp.app.admin.metrics">
        <metrics statements="84" coveredstatements="80" conditionals="38" coveredconditionals="34" methods="21" coveredmethods="17"/>
        <file name="metrics-modal.component.html" path="/home/vagrant/Documents/devops/src/main/webapp/app/admin/metrics/metrics-modal.component.html">
          <metrics statements="1" coveredstatements="1" conditionals="0" coveredconditionals="0" methods="0" coveredmethods="0"/>
          <line num="1" count="4" type="stmt"/>
        </file>
        <file name="metrics-modal.component.ts" path="/home/vagrant/Documents/devops/src/main/webapp/app/admin/metrics/metrics-modal.component.ts">
          <metrics statements="30" coveredstatements="30" conditionals="19" coveredconditionals="18" methods="5" coveredmethods="5"/>
          <line num="1" count="4" type="stmt"/>
          <line num="2" count="4" type="stmt"/>
          <line num="8" count="4" type="stmt"/>
          <line num="11" count="10" type="stmt"/>
          <line num="12" count="10" type="stmt"/>
          <line num="13" count="10" type="stmt"/>
          <line num="14" count="10" type="stmt"/>
          <line num="15" count="10" type="stmt"/>
          <line num="17" count="10" type="cond" truecount="2" falsecount="1"/>
          <line num="19" count="4" type="stmt"/>
          <line num="20" count="1" type="stmt"/>
          <line num="21" count="6" type="cond" truecount="2" falsecount="0"/>
          <line num="22" count="1" type="stmt"/>
          <line num="23" count="5" type="cond" truecount="2" falsecount="0"/>
          <line num="24" count="1" type="stmt"/>
          <line num="25" count="4" type="cond" truecount="2" falsecount="0"/>
          <line num="26" count="1" type="stmt"/>
          <line num="27" count="3" type="cond" truecount="2" falsecount="0"/>
          <line num="28" count="2" type="stmt"/>
          <line num="32" count="1" type="stmt"/>
          <line num="35" count="4" type="stmt"/>
          <line num="36" count="9" type="cond" truecount="2" falsecount="0"/>
          <line num="37" count="1" type="stmt"/>
          <line num="38" count="8" type="cond" truecount="2" falsecount="0"/>
          <line num="39" count="2" type="stmt"/>
          <line num="40" count="6" type="cond" truecount="2" falsecount="0"/>
          <line num="41" count="2" type="stmt"/>
          <line num="42" count="4" type="cond" truecount="2" falsecount="0"/>
          <line num="43" count="2" type="stmt"/>
          <line num="46" count="4" type="stmt"/>
        </file>
        <file name="metrics.component.html" path="/home/vagrant/Documents/devops/src/main/webapp/app/admin/metrics/metrics.component.html">
          <metrics statements="1" coveredstatements="1" conditionals="0" coveredconditionals="0" methods="0" coveredmethods="0"/>
          <line num="1" count="3" type="stmt"/>
        </file>
        <file name="metrics.component.ts" path="/home/vagrant/Documents/devops/src/main/webapp/app/admin/metrics/metrics.component.ts">
          <metrics statements="40" coveredstatements="36" conditionals="16" coveredconditionals="14" methods="12" coveredmethods="8"/>
          <line num="1" count="3" type="stmt"/>
          <line num="2" count="3" type="stmt"/>
          <line num="4" count="3" type="stmt"/>
          <line num="5" count="3" type="stmt"/>
          <line num="11" count="3" type="stmt"/>
          <line num="12" count="2" type="stmt"/>
          <line num="13" count="2" type="stmt"/>
          <line num="14" count="2" type="stmt"/>
          <line num="15" count="2" type="stmt"/>
          <line num="18" count="2" type="cond" truecount="6" falsecount="2"/>
          <line num="19" count="2" type="stmt"/>
          <line num="22" count="3" type="stmt"/>
          <line num="23" count="1" type="stmt"/>
          <line num="26" count="3" type="stmt"/>
          <line num="27" count="1" type="stmt"/>
          <line num="28" count="1" type="stmt"/>
          <line num="29" count="1" type="stmt"/>
          <line num="30" count="1" type="stmt"/>
          <line num="31" count="1" type="stmt"/>
          <line num="32" count="1" type="stmt"/>
          <line num="33" count="1" type="stmt"/>
          <line num="34" count="2" type="stmt"/>
          <line num="35" count="2" type="cond" truecount="4" falsecount="0"/>
          <line num="36" count="1" type="stmt"/>
          <line num="39" count="1" type="stmt"/>
          <line num="40" count="2" type="cond" truecount="2" falsecount="0"/>
          <line num="41" count="1" type="stmt"/>
          <line num="43" count="1" type="stmt"/>
          <line num="44" count="1" type="stmt"/>
          <line num="47" count="1" type="stmt"/>
          <line num="56" count="3" type="stmt"/>
          <line num="57" count="0" type="stmt"/>
          <line num="58" count="0" type="stmt"/>
          <line num="59" count="0" type="stmt"/>
          <line num="60" count="0" type="stmt"/>
          <line num="71" count="3" type="stmt"/>
          <line num="72" count="2" type="cond" truecount="2" falsecount="0"/>
          <line num="73" count="1" type="stmt"/>
          <line num="75" count="1" type="stmt"/>
          <line num="77" count="3" type="stmt"/>
        </file>
        <file name="metrics.route.ts" path="/home/vagrant/Documents/devops/src/main/webapp/app/admin/metrics/metrics.route.ts">
          <metrics statements="2" coveredstatements="2" conditionals="0" coveredconditionals="0" methods="0" coveredmethods="0"/>
          <line num="3" count="2" type="stmt"/>
          <line num="5" count="2" type="stmt"/>
        </file>
        <file name="metrics.service.ts" path="/home/vagrant/Documents/devops/src/main/webapp/app/admin/metrics/metrics.service.ts">
          <metrics statements="10" coveredstatements="10" conditionals="3" coveredconditionals="2" methods="4" coveredmethods="4"/>
          <line num="1" count="5" type="stmt"/>
          <line num="2" count="5" type="stmt"/>
          <line num="5" count="5" type="stmt"/>
          <line num="8" count="5" type="stmt"/>
          <line num="9" count="15" type="cond" truecount="2" falsecount="1"/>
          <line num="11" count="5" type="stmt"/>
          <line num="12" count="2" type="stmt"/>
          <line num="15" count="5" type="stmt"/>
          <line num="16" count="1" type="stmt"/>
          <line num="18" count="5" type="stmt"/>
        </file>
      </package>
      <package name="main.webapp.app.admin.user-management">
        <metrics statements="142" coveredstatements="119" conditionals="93" coveredconditionals="63" methods="51" coveredmethods="33"/>
        <file name="user-management-delete-dialog.component.html" path="/home/vagrant/Documents/devops/src/main/webapp/app/admin/user-management/user-management-delete-dialog.component.html">
          <metrics statements="1" coveredstatements="1" conditionals="0" coveredconditionals="0" methods="0" coveredmethods="0"/>
          <line num="1" count="3" type="stmt"/>
        </file>
        <file name="user-management-delete-dialog.component.ts" path="/home/vagrant/Documents/devops/src/main/webapp/app/admin/user-management/user-management-delete-dialog.component.ts">
          <metrics statements="13" coveredstatements="12" conditionals="13" coveredconditionals="10" methods="5" coveredmethods="4"/>
          <line num="1" count="3" type="stmt"/>
          <line num="2" count="3" type="stmt"/>
          <line num="3" count="3" type="stmt"/>
          <line num="5" count="3" type="stmt"/>
          <line num="11" count="3" type="stmt"/>
          <line num="14" count="1" type="cond" truecount="10" falsecount="3"/>
          <line num="16" count="3" type="stmt"/>
          <line num="17" count="0" type="stmt"/>
          <line num="20" count="3" type="stmt"/>
          <line num="21" count="1" type="stmt"/>
          <line num="22" count="1" type="stmt"/>
          <line num="26" count="1" type="stmt"/>
          <line num="29" count="3" type="stmt"/>
        </file>
        <file name="user-management-detail.component.html" path="/home/vagrant/Documents/devops/src/main/webapp/app/admin/user-management/user-management-detail.component.html">
          <metrics statements="1" coveredstatements="1" conditionals="0" coveredconditionals="0" methods="0" coveredmethods="0"/>
          <line num="1" count="3" type="stmt"/>
        </file>
        <file name="user-management-detail.component.ts" path="/home/vagrant/Documents/devops/src/main/webapp/app/admin/user-management/user-management-detail.component.ts">
          <metrics statements="8" coveredstatements="8" conditionals="5" coveredconditionals="3" methods="4" coveredmethods="4"/>
          <line num="1" count="3" type="stmt"/>
          <line num="2" count="3" type="stmt"/>
          <line num="10" count="3" type="stmt"/>
          <line num="13" count="1" type="cond" truecount="2" falsecount="1"/>
          <line num="15" count="3" type="stmt"/>
          <line num="16" count="1" type="stmt"/>
          <line num="17" count="1" type="cond" truecount="1" falsecount="1"/>
          <line num="20" count="3" type="stmt"/>
        </file>
        <file name="user-management-update.component.html" path="/home/vagrant/Documents/devops/src/main/webapp/app/admin/user-management/user-management-update.component.html">
          <metrics statements="1" coveredstatements="1" conditionals="0" coveredconditionals="0" methods="0" coveredmethods="0"/>
          <line num="1" count="3" type="stmt"/>
        </file>
        <file name="user-management-update.component.ts" path="/home/vagrant/Documents/devops/src/main/webapp/app/admin/user-management/user-management-update.component.ts">
          <metrics statements="26" coveredstatements="25" conditionals="17" coveredconditionals="13" methods="13" coveredmethods="10"/>
          <line num="1" count="3" type="stmt"/>
          <line num="2" count="3" type="stmt"/>
          <line num="4" count="3" type="stmt"/>
          <line num="10" count="3" type="stmt"/>
          <line num="16" count="3" type="cond" truecount="10" falsecount="3"/>
          <line num="18" count="3" type="stmt"/>
          <line num="19" count="1" type="stmt"/>
          <line num="20" count="1" type="stmt"/>
          <line num="21" count="1" type="cond" truecount="1" falsecount="1"/>
          <line num="23" count="1" type="stmt"/>
          <line num="24" count="1" type="stmt"/>
          <line num="25" count="1" type="stmt"/>
          <line num="29" count="3" type="stmt"/>
          <line num="30" count="2" type="stmt"/>
          <line num="33" count="3" type="stmt"/>
          <line num="34" count="2" type="stmt"/>
          <line num="35" count="2" type="cond" truecount="2" falsecount="0"/>
          <line num="36" count="1" type="stmt"/>
          <line num="38" count="1" type="stmt"/>
          <line num="39" count="1" type="stmt"/>
          <line num="43" count="3" type="stmt"/>
          <line num="44" count="2" type="stmt"/>
          <line num="45" count="2" type="stmt"/>
          <line num="48" count="3" type="stmt"/>
          <line num="49" count="0" type="stmt"/>
          <line num="51" count="3" type="stmt"/>
        </file>
        <file name="user-management.component.html" path="/home/vagrant/Documents/devops/src/main/webapp/app/admin/user-management/user-management.component.html">
          <metrics statements="1" coveredstatements="1" conditionals="0" coveredconditionals="0" methods="0" coveredmethods="0"/>
          <line num="1" count="2" type="stmt"/>
        </file>
        <file name="user-management.component.ts" path="/home/vagrant/Documents/devops/src/main/webapp/app/admin/user-management/user-management.component.ts">
          <metrics statements="71" coveredstatements="57" conditionals="48" coveredconditionals="33" methods="22" coveredmethods="13"/>
          <line num="1" count="2" type="stmt"/>
          <line num="3" count="2" type="stmt"/>
          <line num="5" count="2" type="stmt"/>
          <line num="6" count="2" type="stmt"/>
          <line num="8" count="2" type="stmt"/>
          <line num="9" count="2" type="stmt"/>
          <line num="10" count="2" type="stmt"/>
          <line num="16" count="2" type="stmt"/>
          <line num="31" count="2" type="stmt"/>
          <line num="32" count="2" type="cond" truecount="6" falsecount="2"/>
          <line num="33" count="2" type="cond" truecount="4" falsecount="1"/>
          <line num="34" count="2" type="cond" truecount="4" falsecount="1"/>
          <line num="35" count="2" type="cond" truecount="4" falsecount="1"/>
          <line num="36" count="2" type="cond" truecount="4" falsecount="1"/>
          <line num="37" count="2" type="cond" truecount="4" falsecount="1"/>
          <line num="38" count="2" type="cond" truecount="4" falsecount="1"/>
          <line num="39" count="2" type="stmt"/>
          <line num="41" count="2" type="stmt"/>
          <line num="42" count="2" type="stmt"/>
          <line num="43" count="2" type="stmt"/>
          <line num="44" count="2" type="stmt"/>
          <line num="45" count="2" type="stmt"/>
          <line num="46" count="2" type="stmt"/>
          <line num="50" count="2" type="stmt"/>
          <line num="51" count="1" type="stmt"/>
          <line num="52" count="1" type="stmt"/>
          <line num="53" count="1" type="stmt"/>
          <line num="54" count="1" type="stmt"/>
          <line num="58" count="2" type="stmt"/>
          <line num="59" count="1" type="stmt"/>
          <line num="62" count="2" type="stmt"/>
          <line num="63" count="1" type="stmt"/>
          <line num="66" count="2" type="stmt"/>
          <line num="67" count="1" type="stmt"/>
          <line num="69" count="1" type="stmt"/>
          <line num="70" count="1" type="cond" truecount="1" falsecount="1"/>
          <line num="71" count="1" type="stmt"/>
          <line num="72" count="1" type="stmt"/>
          <line num="73" count="1" type="stmt"/>
          <line num="75" count="0" type="stmt"/>
          <line num="76" count="0" type="stmt"/>
          <line num="81" count="2" type="stmt"/>
          <line num="82" count="2" type="stmt"/>
          <line num="89" count="2" type="stmt"/>
          <line num="90" count="0" type="stmt"/>
          <line num="94" count="2" type="stmt"/>
          <line num="95" count="0" type="stmt"/>
          <line num="98" count="2" type="stmt"/>
          <line num="99" count="2" type="cond" truecount="1" falsecount="1"/>
          <line num="100" count="2" type="cond" truecount="1" falsecount="1"/>
          <line num="101" count="0" type="stmt"/>
          <line num="103" count="2" type="stmt"/>
          <line num="106" count="2" type="stmt"/>
          <line num="107" count="0" type="cond" truecount="0" falsecount="2"/>
          <line num="108" count="0" type="stmt"/>
          <line num="109" count="0" type="stmt"/>
          <line num="113" count="2" type="stmt"/>
          <line num="114" count="0" type="stmt"/>
          <line num="120" count="0" type="stmt"/>
          <line num="123" count="2" type="stmt"/>
          <line num="124" count="0" type="stmt"/>
          <line num="125" count="0" type="stmt"/>
          <line num="126" count="0" type="stmt"/>
          <line num="136" count="2" type="stmt"/>
          <line num="137" count="2" type="stmt"/>
          <line num="138" count="2" type="stmt"/>
          <line num="139" count="2" type="stmt"/>
          <line num="140" count="2" type="stmt"/>
          <line num="143" count="2" type="stmt"/>
          <line num="144" count="0" type="stmt"/>
          <line num="146" count="2" type="stmt"/>
        </file>
        <file name="user-management.route.ts" path="/home/vagrant/Documents/devops/src/main/webapp/app/admin/user-management/user-management.route.ts">
          <metrics statements="20" coveredstatements="13" conditionals="10" coveredconditionals="4" methods="7" coveredmethods="2"/>
          <line num="1" count="2" type="stmt"/>
          <line num="3" count="2" type="stmt"/>
          <line num="5" count="2" type="stmt"/>
          <line num="6" count="2" type="stmt"/>
          <line num="7" count="2" type="stmt"/>
          <line num="8" count="2" type="stmt"/>
          <line num="11" count="2" type="stmt"/>
          <line num="12" count="0" type="cond" truecount="2" falsecount="1"/>
          <line num="14" count="2" type="stmt"/>
          <line num="15" count="0" type="stmt"/>
          <line num="17" count="2" type="stmt"/>
          <line num="20" count="2" type="stmt"/>
          <line num="21" count="0" type="cond" truecount="2" falsecount="1"/>
          <line num="23" count="2" type="stmt"/>
          <line num="24" count="0" type="cond" truecount="0" falsecount="2"/>
          <line num="25" count="0" type="cond" truecount="0" falsecount="2"/>
          <line num="26" count="0" type="stmt"/>
          <line num="28" count="0" type="stmt"/>
          <line num="30" count="2" type="stmt"/>
          <line num="32" count="2" type="stmt"/>
        </file>
      </package>
      <package name="main.webapp.app.core">
        <metrics statements="20" coveredstatements="19" conditionals="0" coveredconditionals="0" methods="2" coveredmethods="1"/>
        <file name="core.module.ts" path="/home/vagrant/Documents/devops/src/main/webapp/app/core/core.module.ts">
          <metrics statements="8" coveredstatements="7" conditionals="0" coveredconditionals="0" methods="2" coveredmethods="1"/>
          <line num="1" count="19" type="stmt"/>
          <line num="2" count="19" type="stmt"/>
          <line num="3" count="19" type="stmt"/>
          <line num="4" count="19" type="stmt"/>
          <line num="5" count="19" type="stmt"/>
          <line num="20" count="19" type="stmt"/>
          <line num="22" count="0" type="stmt"/>
          <line num="24" count="19" type="stmt"/>
        </file>
        <file name="index.ts" path="/home/vagrant/Documents/devops/src/main/webapp/app/core/index.ts">
          <metrics statements="12" coveredstatements="12" conditionals="0" coveredconditionals="0" methods="0" coveredmethods="0"/>
          <line num="1" count="19" type="stmt"/>
          <line num="2" count="19" type="stmt"/>
          <line num="3" count="19" type="stmt"/>
          <line num="4" count="19" type="stmt"/>
          <line num="5" count="19" type="stmt"/>
          <line num="6" count="19" type="stmt"/>
          <line num="7" count="19" type="stmt"/>
          <line num="8" count="19" type="stmt"/>
          <line num="9" count="19" type="stmt"/>
          <line num="10" count="19" type="stmt"/>
          <line num="11" count="19" type="stmt"/>
          <line num="12" count="19" type="stmt"/>
        </file>
      </package>
      <package name="main.webapp.app.core.auth">
        <metrics statements="156" coveredstatements="59" conditionals="86" coveredconditionals="32" methods="47" coveredmethods="6"/>
        <file name="account.service.ts" path="/home/vagrant/Documents/devops/src/main/webapp/app/core/auth/account.service.ts">
          <metrics statements="10" coveredstatements="7" conditionals="3" coveredconditionals="2" methods="4" coveredmethods="1"/>
          <line num="1" count="20" type="stmt"/>
          <line num="2" count="20" type="stmt"/>
          <line num="5" count="20" type="stmt"/>
          <line num="8" count="20" type="stmt"/>
          <line num="9" count="0" type="cond" truecount="2" falsecount="1"/>
          <line num="11" count="20" type="stmt"/>
          <line num="12" count="0" type="stmt"/>
          <line num="15" count="20" type="stmt"/>
          <line num="16" count="0" type="stmt"/>
          <line num="18" count="20" type="stmt"/>
        </file>
        <file name="auth-jwt.service.ts" path="/home/vagrant/Documents/devops/src/main/webapp/app/core/auth/auth-jwt.service.ts">
          <metrics statements="33" coveredstatements="13" conditionals="23" coveredconditionals="10" methods="9" coveredmethods="1"/>
          <line num="1" count="20" type="stmt"/>
          <line num="2" count="20" type="stmt"/>
          <line num="3" count="20" type="stmt"/>
          <line num="4" count="20" type="stmt"/>
          <line num="5" count="20" type="stmt"/>
          <line num="7" count="20" type="stmt"/>
          <line num="10" count="20" type="stmt"/>
          <line num="11" count="0" type="cond" truecount="10" falsecount="3"/>
          <line num="13" count="20" type="stmt"/>
          <line num="14" count="0" type="cond" truecount="0" falsecount="2"/>
          <line num="17" count="20" type="stmt"/>
          <line num="18" count="0" type="stmt"/>
          <line num="23" count="0" type="stmt"/>
          <line num="26" count="0" type="stmt"/>
          <line num="27" count="0" type="cond" truecount="0" falsecount="4"/>
          <line num="28" count="0" type="stmt"/>
          <line num="29" count="0" type="stmt"/>
          <line num="30" count="0" type="stmt"/>
          <line num="35" count="20" type="stmt"/>
          <line num="36" count="0" type="cond" truecount="0" falsecount="2"/>
          <line num="37" count="0" type="stmt"/>
          <line num="38" count="0" type="stmt"/>
          <line num="40" count="0" type="stmt"/>
          <line num="44" count="20" type="stmt"/>
          <line num="45" count="0" type="cond" truecount="0" falsecount="2"/>
          <line num="46" count="0" type="stmt"/>
          <line num="48" count="0" type="stmt"/>
          <line num="52" count="20" type="stmt"/>
          <line num="53" count="0" type="stmt"/>
          <line num="54" count="0" type="stmt"/>
          <line num="55" count="0" type="stmt"/>
          <line num="56" count="0" type="stmt"/>
          <line num="59" count="20" type="stmt"/>
        </file>
        <file name="csrf.service.ts" path="/home/vagrant/Documents/devops/src/main/webapp/app/core/auth/csrf.service.ts">
          <metrics statements="8" coveredstatements="5" conditionals="5" coveredconditionals="2" methods="3" coveredmethods="1"/>
          <line num="1" count="19" type="stmt"/>
          <line num="2" count="19" type="stmt"/>
          <line num="5" count="19" type="stmt"/>
          <line num="6" count="0" type="cond" truecount="2" falsecount="1"/>
          <line num="8" count="19" type="stmt"/>
          <line num="9" count="0" type="cond" truecount="0" falsecount="2"/>
          <line num="10" count="0" type="stmt"/>
          <line num="12" count="19" type="stmt"/>
        </file>
        <file name="principal.service.ts" path="/home/vagrant/Documents/devops/src/main/webapp/app/core/auth/principal.service.ts">
          <metrics statements="53" coveredstatements="14" conditionals="22" coveredconditionals="2" methods="15" coveredmethods="1"/>
          <line num="1" count="20" type="stmt"/>
          <line num="2" count="20" type="stmt"/>
          <line num="3" count="20" type="stmt"/>
          <line num="6" count="20" type="stmt"/>
          <line num="8" count="0" type="stmt"/>
          <line num="9" count="0" type="stmt"/>
          <line num="11" count="0" type="cond" truecount="2" falsecount="1"/>
          <line num="13" count="20" type="stmt"/>
          <line num="14" count="0" type="stmt"/>
          <line num="15" count="0" type="stmt"/>
          <line num="16" count="0" type="stmt"/>
          <line num="19" count="20" type="stmt"/>
          <line num="20" count="0" type="stmt"/>
          <line num="23" count="20" type="stmt"/>
          <line num="24" count="0" type="cond" truecount="0" falsecount="5"/>
          <line num="25" count="0" type="stmt"/>
          <line num="28" count="0" type="stmt"/>
          <line num="29" count="0" type="cond" truecount="0" falsecount="2"/>
          <line num="30" count="0" type="stmt"/>
          <line num="34" count="0" type="stmt"/>
          <line num="37" count="20" type="stmt"/>
          <line num="38" count="0" type="cond" truecount="0" falsecount="2"/>
          <line num="39" count="0" type="stmt"/>
          <line num="42" count="0" type="stmt"/>
          <line num="44" count="0" type="cond" truecount="0" falsecount="2"/>
          <line num="47" count="0" type="stmt"/>
          <line num="52" count="20" type="stmt"/>
          <line num="53" count="0" type="cond" truecount="0" falsecount="2"/>
          <line num="54" count="0" type="stmt"/>
          <line num="59" count="0" type="cond" truecount="0" falsecount="2"/>
          <line num="60" count="0" type="stmt"/>
          <line num="64" count="0" type="stmt"/>
          <line num="68" count="0" type="stmt"/>
          <line num="69" count="0" type="cond" truecount="0" falsecount="2"/>
          <line num="70" count="0" type="stmt"/>
          <line num="71" count="0" type="stmt"/>
          <line num="73" count="0" type="stmt"/>
          <line num="74" count="0" type="stmt"/>
          <line num="76" count="0" type="stmt"/>
          <line num="77" count="0" type="stmt"/>
          <line num="80" count="0" type="stmt"/>
          <line num="81" count="0" type="stmt"/>
          <line num="82" count="0" type="stmt"/>
          <line num="83" count="0" type="stmt"/>
          <line num="87" count="20" type="stmt"/>
          <line num="88" count="0" type="stmt"/>
          <line num="91" count="20" type="stmt"/>
          <line num="92" count="0" type="stmt"/>
          <line num="95" count="20" type="stmt"/>
          <line num="96" count="0" type="stmt"/>
          <line num="99" count="20" type="stmt"/>
          <line num="100" count="0" type="cond" truecount="0" falsecount="2"/>
          <line num="102" count="20" type="stmt"/>
        </file>
        <file name="state-storage.service.ts" path="/home/vagrant/Documents/devops/src/main/webapp/app/core/auth/state-storage.service.ts">
          <metrics statements="21" coveredstatements="11" conditionals="3" coveredconditionals="2" methods="9" coveredmethods="1"/>
          <line num="1" count="20" type="stmt"/>
          <line num="2" count="20" type="stmt"/>
          <line num="5" count="20" type="stmt"/>
          <line num="6" count="0" type="cond" truecount="2" falsecount="1"/>
          <line num="8" count="20" type="stmt"/>
          <line num="9" count="0" type="stmt"/>
          <line num="12" count="20" type="stmt"/>
          <line num="13" count="0" type="stmt"/>
          <line num="16" count="20" type="stmt"/>
          <line num="17" count="0" type="stmt"/>
          <line num="18" count="0" type="stmt"/>
          <line num="21" count="20" type="stmt"/>
          <line num="22" count="0" type="stmt"/>
          <line num="25" count="20" type="stmt"/>
          <line num="26" count="0" type="stmt"/>
          <line num="29" count="20" type="stmt"/>
          <line num="30" count="0" type="stmt"/>
          <line num="33" count="20" type="stmt"/>
          <line num="34" count="0" type="stmt"/>
          <line num="44" count="0" type="stmt"/>
          <line num="46" count="20" type="stmt"/>
        </file>
        <file name="user-route-access-service.ts" path="/home/vagrant/Documents/devops/src/main/webapp/app/core/auth/user-route-access-service.ts">
          <metrics statements="31" coveredstatements="9" conditionals="30" coveredconditionals="14" methods="7" coveredmethods="1"/>
          <line num="1" count="19" type="stmt"/>
          <line num="2" count="19" type="stmt"/>
          <line num="4" count="19" type="stmt"/>
          <line num="5" count="19" type="stmt"/>
          <line num="6" count="19" type="stmt"/>
          <line num="9" count="19" type="stmt"/>
          <line num="11" count="0" type="cond" truecount="6" falsecount="2"/>
          <line num="12" count="0" type="cond" truecount="4" falsecount="1"/>
          <line num="13" count="0" type="cond" truecount="4" falsecount="1"/>
          <line num="14" count="0" type="stmt"/>
          <line num="17" count="19" type="stmt"/>
          <line num="18" count="0" type="stmt"/>
          <line num="22" count="0" type="stmt"/>
          <line num="25" count="19" type="stmt"/>
          <line num="26" count="0" type="stmt"/>
          <line num="27" count="0" type="stmt"/>
          <line num="29" count="0" type="cond" truecount="0" falsecount="4"/>
          <line num="30" count="0" type="stmt"/>
          <line num="33" count="0" type="cond" truecount="0" falsecount="2"/>
          <line num="34" count="0" type="stmt"/>
          <line num="35" count="0" type="cond" truecount="0" falsecount="2"/>
          <line num="36" count="0" type="stmt"/>
          <line num="38" count="0" type="cond" truecount="0" falsecount="2"/>
          <line num="39" count="0" type="stmt"/>
          <line num="41" count="0" type="stmt"/>
          <line num="45" count="0" type="stmt"/>
          <line num="46" count="0" type="stmt"/>
          <line num="48" count="0" type="cond" truecount="0" falsecount="2"/>
          <line num="49" count="0" type="stmt"/>
          <line num="52" count="0" type="stmt"/>
          <line num="56" count="19" type="stmt"/>
        </file>
      </package>
      <package name="main.webapp.app.core.login">
        <metrics statements="37" coveredstatements="14" conditionals="15" coveredconditionals="8" methods="15" coveredmethods="2"/>
        <file name="login-modal.service.ts" path="/home/vagrant/Documents/devops/src/main/webapp/app/core/login/login-modal.service.ts">
          <metrics statements="16" coveredstatements="6" conditionals="5" coveredconditionals="2" methods="5" coveredmethods="1"/>
          <line num="1" count="19" type="stmt"/>
          <line num="2" count="19" type="stmt"/>
          <line num="4" count="19" type="stmt"/>
          <line num="7" count="19" type="stmt"/>
          <line num="8" count="0" type="stmt"/>
          <line num="9" count="0" type="cond" truecount="2" falsecount="1"/>
          <line num="11" count="19" type="stmt"/>
          <line num="12" count="0" type="cond" truecount="0" falsecount="2"/>
          <line num="13" count="0" type="stmt"/>
          <line num="15" count="0" type="stmt"/>
          <line num="16" count="0" type="stmt"/>
          <line num="17" count="0" type="stmt"/>
          <line num="19" count="0" type="stmt"/>
          <line num="22" count="0" type="stmt"/>
          <line num="25" count="0" type="stmt"/>
          <line num="27" count="19" type="stmt"/>
        </file>
        <file name="login.service.ts" path="/home/vagrant/Documents/devops/src/main/webapp/app/core/login/login.service.ts">
          <metrics statements="21" coveredstatements="8" conditionals="10" coveredconditionals="6" methods="10" coveredmethods="1"/>
          <line num="1" count="20" type="stmt"/>
          <line num="3" count="20" type="stmt"/>
          <line num="4" count="20" type="stmt"/>
          <line num="7" count="20" type="stmt"/>
          <line num="8" count="0" type="cond" truecount="6" falsecount="2"/>
          <line num="10" count="20" type="stmt"/>
          <line num="11" count="0" type="cond" truecount="0" falsecount="2"/>
          <line num="13" count="0" type="stmt"/>
          <line num="14" count="0" type="stmt"/>
          <line num="16" count="0" type="stmt"/>
          <line num="17" count="0" type="stmt"/>
          <line num="19" count="0" type="stmt"/>
          <line num="22" count="0" type="stmt"/>
          <line num="23" count="0" type="stmt"/>
          <line num="24" count="0" type="stmt"/>
          <line num="30" count="20" type="stmt"/>
          <line num="31" count="0" type="stmt"/>
          <line num="34" count="20" type="stmt"/>
          <line num="35" count="0" type="stmt"/>
          <line num="36" count="0" type="stmt"/>
          <line num="38" count="20" type="stmt"/>
        </file>
      </package>
      <package name="main.webapp.app.core.user">
        <metrics statements="59" coveredstatements="46" conditionals="29" coveredconditionals="24" methods="12" coveredmethods="7"/>
        <file name="account.model.ts" path="/home/vagrant/Documents/devops/src/main/webapp/app/core/user/account.model.ts">
          <metrics statements="10" coveredstatements="2" conditionals="0" coveredconditionals="0" methods="2" coveredmethods="1"/>
          <line num="1" count="19" type="stmt"/>
          <line num="3" count="0" type="stmt"/>
          <line num="4" count="0" type="stmt"/>
          <line num="5" count="0" type="stmt"/>
          <line num="6" count="0" type="stmt"/>
          <line num="7" count="0" type="stmt"/>
          <line num="8" count="0" type="stmt"/>
          <line num="9" count="0" type="stmt"/>
          <line num="10" count="0" type="stmt"/>
          <line num="12" count="19" type="stmt"/>
        </file>
        <file name="user.model.ts" path="/home/vagrant/Documents/devops/src/main/webapp/app/core/user/user.model.ts">
          <metrics statements="28" coveredstatements="28" conditionals="26" coveredconditionals="22" methods="2" coveredmethods="2"/>
          <line num="17" count="19" type="stmt"/>
          <line num="19" count="7" type="stmt"/>
          <line num="20" count="7" type="stmt"/>
          <line num="21" count="7" type="stmt"/>
          <line num="22" count="7" type="stmt"/>
          <line num="23" count="7" type="stmt"/>
          <line num="24" count="7" type="stmt"/>
          <line num="25" count="7" type="stmt"/>
          <line num="26" count="7" type="stmt"/>
          <line num="27" count="7" type="stmt"/>
          <line num="28" count="7" type="stmt"/>
[...]
          <line num="98" count="7" type="stmt"/>
          <line num="99" count="8" type="stmt"/>
          <line num="112" count="7" type="stmt"/>
        </file>
        <file name="alert.component.ts" path="/home/vagrant/Documents/devops/src/main/webapp/app/shared/alert/alert.component.ts">
          <metrics statements="11" coveredstatements="7" conditionals="3" coveredconditionals="2" methods="5" coveredmethods="1"/>
          <line num="1" count="6" type="stmt"/>
          <line num="2" count="6" type="stmt"/>
          <line num="15" count="6" type="stmt"/>
          <line num="18" count="0" type="cond" truecount="2" falsecount="1"/>
          <line num="20" count="6" type="stmt"/>
          <line num="21" count="0" type="stmt"/>
          <line num="24" count="6" type="stmt"/>
          <line num="25" count="0" type="stmt"/>
          <line num="31" count="6" type="stmt"/>
          <line num="32" count="0" type="stmt"/>
          <line num="34" count="6" type="stmt"/>
        </file>
      </package>
      <package name="main.webapp.app.shared.auth">
        <metrics statements="15" coveredstatements="6" conditionals="17" coveredconditionals="10" methods="6" coveredmethods="1"/>
        <file name="has-any-authority.directive.ts" path="/home/vagrant/Documents/devops/src/main/webapp/app/shared/auth/has-any-authority.directive.ts">
          <metrics statements="15" coveredstatements="6" conditionals="17" coveredconditionals="10" methods="6" coveredmethods="1"/>
          <line num="1" count="6" type="stmt"/>
          <line num="2" count="6" type="stmt"/>
          <line num="18" count="6" type="stmt"/>
          <line num="21" count="0" type="cond" truecount="10" falsecount="3"/>
          <line num="23" count="0" type="stmt"/>
          <line num="24" count="12" type="stmt"/>
          <line num="25" count="0" type="cond" truecount="0" falsecount="2"/>
          <line num="26" count="0" type="stmt"/>
          <line num="28" count="0" type="stmt"/>
          <line num="31" count="6" type="stmt"/>
          <line num="32" count="0" type="stmt"/>
          <line num="33" count="0" type="stmt"/>
          <line num="34" count="0" type="cond" truecount="0" falsecount="2"/>
          <line num="35" count="0" type="stmt"/>
          <line num="39" count="6" type="stmt"/>
        </file>
      </package>
      <package name="main.webapp.app.shared.constants">
        <metrics statements="7" coveredstatements="7" conditionals="0" coveredconditionals="0" methods="0" coveredmethods="0"/>
        <file name="error.constants.ts" path="/home/vagrant/Documents/devops/src/main/webapp/app/shared/constants/error.constants.ts">
          <metrics statements="4" coveredstatements="4" conditionals="0" coveredconditionals="0" methods="0" coveredmethods="0"/>
          <line num="1" count="6" type="stmt"/>
          <line num="2" count="6" type="stmt"/>
          <line num="3" count="6" type="stmt"/>
          <line num="4" count="6" type="stmt"/>
        </file>
        <file name="input.constants.ts" path="/home/vagrant/Documents/devops/src/main/webapp/app/shared/constants/input.constants.ts">
          <metrics statements="2" coveredstatements="2" conditionals="0" coveredconditionals="0" methods="0" coveredmethods="0"/>
          <line num="1" count="6" type="stmt"/>
          <line num="2" count="6" type="stmt"/>
        </file>
        <file name="pagination.constants.ts" path="/home/vagrant/Documents/devops/src/main/webapp/app/shared/constants/pagination.constants.ts">
          <metrics statements="1" coveredstatements="1" conditionals="0" coveredconditionals="0" methods="0" coveredmethods="0"/>
          <line num="1" count="6" type="stmt"/>
        </file>
      </package>
      <package name="main.webapp.app.shared.login">
        <metrics statements="41" coveredstatements="38" conditionals="40" coveredconditionals="32" methods="10" coveredmethods="7"/>
        <file name="login.component.html" path="/home/vagrant/Documents/devops/src/main/webapp/app/shared/login/login.component.html">
          <metrics statements="1" coveredstatements="1" conditionals="0" coveredconditionals="0" methods="0" coveredmethods="0"/>
          <line num="1" count="20" type="stmt"/>
        </file>
        <file name="login.component.ts" path="/home/vagrant/Documents/devops/src/main/webapp/app/shared/login/login.component.ts">
          <metrics statements="40" coveredstatements="37" conditionals="40" coveredconditionals="32" methods="10" coveredmethods="7"/>
          <line num="1" count="20" type="stmt"/>
          <line num="2" count="20" type="stmt"/>
          <line num="3" count="20" type="stmt"/>
          <line num="4" count="20" type="stmt"/>
          <line num="6" count="20" type="stmt"/>
          <line num="7" count="20" type="stmt"/>
          <line num="13" count="20" type="stmt"/>
          <line num="21" count="5" type="cond" truecount="6" falsecount="2"/>
          <line num="22" count="5" type="cond" truecount="4" falsecount="1"/>
          <line num="23" count="5" type="cond" truecount="4" falsecount="1"/>
          <line num="24" count="5" type="cond" truecount="4" falsecount="1"/>
          <line num="25" count="5" type="cond" truecount="4" falsecount="1"/>
          <line num="26" count="5" type="cond" truecount="4" falsecount="1"/>
          <line num="27" count="5" type="stmt"/>
          <line num="29" count="5" type="stmt"/>
          <line num="32" count="20" type="stmt"/>
          <line num="33" count="0" type="stmt"/>
          <line num="36" count="20" type="stmt"/>
          <line num="37" count="1" type="stmt"/>
          <line num="42" count="1" type="stmt"/>
          <line num="43" count="1" type="stmt"/>
          <line num="46" count="20" type="stmt"/>
          <line num="47" count="2" type="stmt"/>
          <line num="54" count="2" type="stmt"/>
          <line num="55" count="2" type="stmt"/>
          <line num="56" count="2" type="cond" truecount="4" falsecount="1"/>
          <line num="57" count="0" type="stmt"/>
          <line num="60" count="2" type="stmt"/>
          <line num="67" count="2" type="stmt"/>
          <line num="68" count="2" type="cond" truecount="2" falsecount="0"/>
          <line num="69" count="1" type="stmt"/>
          <line num="70" count="1" type="stmt"/>
          <line num="74" count="0" type="stmt"/>
          <line num="78" count="20" type="stmt"/>
          <line num="79" count="1" type="stmt"/>
          <line num="80" count="1" type="stmt"/>
          <line num="83" count="20" type="stmt"/>
          <line num="84" count="1" type="stmt"/>
          <line num="85" count="1" type="stmt"/>
          <line num="87" count="20" type="stmt"/>
        </file>
      </package>
      <package name="main.webapp.app.shared.util">
        <metrics statements="22" coveredstatements="18" conditionals="12" coveredconditionals="5" methods="6" coveredmethods="4"/>
        <file name="datepicker-adapter.ts" path="/home/vagrant/Documents/devops/src/main/webapp/app/shared/util/datepicker-adapter.ts">
          <metrics statements="11" coveredstatements="7" conditionals="6" coveredconditionals="0" methods="3" coveredmethods="1"/>
          <line num="4" count="6" type="stmt"/>
          <line num="5" count="6" type="stmt"/>
          <line num="7" count="6" type="stmt"/>
          <line num="10" count="6" type="stmt"/>
          <line num="11" count="6" type="stmt"/>
          <line num="12" count="0" type="cond" truecount="0" falsecount="4"/>
          <line num="13" count="0" type="stmt"/>
          <line num="15" count="0" type="stmt"/>
          <line num="18" count="6" type="stmt"/>
          <line num="19" count="0" type="cond" truecount="0" falsecount="2"/>
          <line num="21" count="6" type="stmt"/>
        </file>
        <file name="request-util.ts" path="/home/vagrant/Documents/devops/src/main/webapp/app/shared/util/request-util.ts">
          <metrics statements="11" coveredstatements="11" conditionals="6" coveredconditionals="5" methods="3" coveredmethods="3"/>
          <line num="1" count="20" type="stmt"/>
          <line num="3" count="20" type="stmt"/>
          <line num="4" count="4" type="stmt"/>
          <line num="5" count="4" type="cond" truecount="1" falsecount="1"/>
          <line num="6" count="4" type="stmt"/>
          <line num="7" count="5" type="cond" truecount="2" falsecount="0"/>
          <line num="8" count="4" type="stmt"/>
          <line num="11" count="4" type="cond" truecount="2" falsecount="0"/>
          <line num="12" count="1" type="stmt"/>
          <line num="13" count="1" type="stmt"/>
          <line num="17" count="4" type="stmt"/>
        </file>
      </package>
      <package name="test.javascript">
        <metrics statements="13" coveredstatements="8" conditionals="4" coveredconditionals="0" methods="6" coveredmethods="1"/>
        <file name="jest-global-mocks.ts" path="/home/vagrant/Documents/devops/src/test/javascript/jest-global-mocks.ts">
          <metrics statements="11" coveredstatements="6" conditionals="4" coveredconditionals="0" methods="6" coveredmethods="1"/>
          <line num="1" count="24" type="stmt"/>
          <line num="2" count="48" type="stmt"/>
          <line num="3" count="48" type="stmt"/>
          <line num="4" count="0" type="cond" truecount="0" falsecount="2"/>
          <line num="5" count="0" type="cond" truecount="0" falsecount="2"/>
          <line num="6" count="0" type="stmt"/>
          <line num="7" count="0" type="stmt"/>
          <line num="11" count="24" type="stmt"/>
          <line num="12" count="24" type="stmt"/>
          <line num="13" count="24" type="stmt"/>
          <line num="14" count="0" type="stmt"/>
        </file>
        <file name="jest.ts" path="/home/vagrant/Documents/devops/src/test/javascript/jest.ts">
          <metrics statements="2" coveredstatements="2" conditionals="0" coveredconditionals="0" methods="0" coveredmethods="0"/>
          <line num="1" count="24" type="stmt"/>
          <line num="2" count="24" type="stmt"/>
        </file>
      </package>
      <package name="test.javascript.spec">
        <metrics statements="13" coveredstatements="13" conditionals="0" coveredconditionals="0" methods="1" coveredmethods="1"/>
        <file name="test.module.ts" path="/home/vagrant/Documents/devops/src/test/javascript/spec/test.module.ts">
          <metrics statements="13" coveredstatements="13" conditionals="0" coveredconditionals="0" methods="1" coveredmethods="1"/>
          <line num="1" count="18" type="stmt"/>
          <line num="2" count="18" type="stmt"/>
          <line num="3" count="18" type="stmt"/>
          <line num="4" count="18" type="stmt"/>
          <line num="5" count="18" type="stmt"/>
          <line num="6" count="18" type="stmt"/>
          <line num="8" count="18" type="stmt"/>
          <line num="9" count="18" type="stmt"/>
          <line num="10" count="18" type="stmt"/>
          <line num="11" count="18" type="stmt"/>
          <line num="12" count="18" type="stmt"/>
          <line num="13" count="18" type="stmt"/>
          <line num="68" count="18" type="stmt"/>
        </file>
      </package>
      <package name="test.javascript.spec.helpers">
        <metrics statements="112" coveredstatements="100" conditionals="34" coveredconditionals="24" methods="37" coveredmethods="31"/>
        <file name="mock-account.service.ts" path="/home/vagrant/Documents/devops/src/test/javascript/spec/helpers/mock-account.service.ts">
          <metrics statements="12" coveredstatements="11" conditionals="2" coveredconditionals="2" methods="4" coveredmethods="3"/>
          <line num="1" count="18" type="stmt"/>
          <line num="2" count="18" type="stmt"/>
          <line num="5" count="18" type="stmt"/>
          <line num="11" count="3" type="cond" truecount="2" falsecount="0"/>
          <line num="13" count="3" type="stmt"/>
          <line num="14" count="3" type="stmt"/>
          <line num="15" count="3" type="stmt"/>
          <line num="18" count="18" type="stmt"/>
          <line num="19" count="2" type="stmt"/>
          <line num="22" count="18" type="stmt"/>
          <line num="23" count="0" type="stmt"/>
          <line num="25" count="18" type="stmt"/>
        </file>
        <file name="mock-active-modal.service.ts" path="/home/vagrant/Documents/devops/src/test/javascript/spec/helpers/mock-active-modal.service.ts">
          <metrics statements="6" coveredstatements="6" conditionals="2" coveredconditionals="2" methods="2" coveredmethods="2"/>
          <line num="1" count="18" type="stmt"/>
          <line num="2" count="18" type="stmt"/>
          <line num="5" count="18" type="stmt"/>
          <line num="9" count="16" type="cond" truecount="2" falsecount="0"/>
          <line num="10" count="16" type="stmt"/>
          <line num="12" count="18" type="stmt"/>
        </file>
        <file name="mock-alert.service.ts" path="/home/vagrant/Documents/devops/src/test/javascript/spec/helpers/mock-alert.service.ts">
          <metrics statements="6" coveredstatements="6" conditionals="2" coveredconditionals="2" methods="3" coveredmethods="3"/>
          <line num="1" count="1" type="stmt"/>
          <line num="2" count="1" type="stmt"/>
          <line num="4" count="1" type="stmt"/>
          <line num="8" count="1" type="stmt"/>
          <line num="9" count="8" type="stmt"/>
          <line num="11" count="1" type="stmt"/>
        </file>
        <file name="mock-event-manager.service.ts" path="/home/vagrant/Documents/devops/src/test/javascript/spec/helpers/mock-event-manager.service.ts">
          <metrics statements="6" coveredstatements="6" conditionals="2" coveredconditionals="2" methods="2" coveredmethods="2"/>
          <line num="1" count="18" type="stmt"/>
          <line num="2" count="18" type="stmt"/>
          <line num="5" count="18" type="stmt"/>
          <line num="9" count="8" type="cond" truecount="2" falsecount="0"/>
          <line num="10" count="8" type="stmt"/>
          <line num="12" count="18" type="stmt"/>
        </file>
        <file name="mock-login.service.ts" path="/home/vagrant/Documents/devops/src/test/javascript/spec/helpers/mock-login.service.ts">
          <metrics statements="14" coveredstatements="14" conditionals="2" coveredconditionals="2" methods="4" coveredmethods="4"/>
          <line num="1" count="1" type="stmt"/>
          <line num="2" count="1" type="stmt"/>
          <line num="5" count="1" type="stmt"/>
          <line num="13" count="5" type="cond" truecount="2" falsecount="0"/>
          <line num="15" count="5" type="stmt"/>
          <line num="16" count="5" type="stmt"/>
          <line num="17" count="5" type="stmt"/>
          <line num="18" count="5" type="stmt"/>
          <line num="19" count="5" type="stmt"/>
          <line num="22" count="1" type="stmt"/>
          <line num="23" count="7" type="stmt"/>
          <line num="26" count="1" type="stmt"/>
          <line num="27" count="2" type="stmt"/>
          <line num="29" count="1" type="stmt"/>
        </file>
        <file name="mock-principal.service.ts" path="/home/vagrant/Documents/devops/src/test/javascript/spec/helpers/mock-principal.service.ts">
          <metrics statements="10" coveredstatements="10" conditionals="2" coveredconditionals="2" methods="4" coveredmethods="4"/>
          <line num="1" count="18" type="stmt"/>
          <line num="2" count="18" type="stmt"/>
          <line num="5" count="18" type="stmt"/>
          <line num="9" count="9" type="cond" truecount="2" falsecount="0"/>
          <line num="11" count="9" type="stmt"/>
          <line num="13" count="18" type="stmt"/>
          <line num="14" count="11" type="stmt"/>
          <line num="17" count="18" type="stmt"/>
          <line num="18" count="2" type="stmt"/>
          <line num="20" count="18" type="stmt"/>
        </file>
        <file name="mock-route.service.ts" path="/home/vagrant/Documents/devops/src/test/javascript/spec/helpers/mock-route.service.ts">
          <metrics statements="13" coveredstatements="13" conditionals="4" coveredconditionals="4" methods="4" coveredmethods="4"/>
          <line num="1" count="18" type="stmt"/>
          <line num="2" count="18" type="stmt"/>
          <line num="3" count="18" type="stmt"/>
          <line num="6" count="18" type="stmt"/>
          <line num="8" count="26" type="cond" truecount="2" falsecount="0"/>
          <line num="9" count="26" type="stmt"/>
          <line num="10" count="26" type="stmt"/>
          <line num="11" count="26" type="stmt"/>
          <line num="20" count="18" type="stmt"/>
          <line num="22" count="18" type="stmt"/>
          <line num="26" count="16" type="cond" truecount="2" falsecount="0"/>
          <line num="27" count="16" type="stmt"/>
          <line num="29" count="18" type="stmt"/>
        </file>
        <file name="mock-state-storage.service.ts" path="/home/vagrant/Documents/devops/src/test/javascript/spec/helpers/mock-state-storage.service.ts">
          <metrics statements="11" coveredstatements="11" conditionals="2" coveredconditionals="2" methods="4" coveredmethods="4"/>
          <line num="1" count="1" type="stmt"/>
          <line num="2" count="1" type="stmt"/>
          <line num="5" count="1" type="stmt"/>
          <line num="10" count="5" type="cond" truecount="2" falsecount="0"/>
          <line num="11" count="5" type="stmt"/>
          <line num="12" count="5" type="stmt"/>
          <line num="15" count="1" type="stmt"/>
          <line num="16" count="7" type="stmt"/>
          <line num="19" count="1" type="stmt"/>
          <line num="20" count="2" type="stmt"/>
          <line num="22" count="1" type="stmt"/>
        </file>
        <file name="spyobject.ts" path="/home/vagrant/Documents/devops/src/test/javascript/spec/helpers/spyobject.ts">
          <metrics statements="34" coveredstatements="23" conditionals="16" coveredconditionals="6" methods="10" coveredmethods="5"/>
          <line num="12" count="18" type="stmt"/>
          <line num="13" count="18" type="cond" truecount="0" falsecount="6"/>
          <line num="14" count="0" type="cond" truecount="0" falsecount="2"/>
          <line num="15" count="0" type="stmt"/>
          <line num="16" count="0" type="stmt"/>
          <line num="17" count="0" type="stmt"/>
          <line num="20" count="0" type="stmt"/>
          <line num="21" count="0" type="stmt"/>
          <line num="22" count="0" type="stmt"/>
          <line num="23" count="0" type="stmt"/>
          <line num="24" count="0" type="stmt"/>
          <line num="26" count="0" type="stmt"/>
          <line num="29" count="69" type="cond" truecount="1" falsecount="1"/>
          <line num="30" count="69" type="cond" truecount="1" falsecount="1"/>
          <line num="31" count="69" type="stmt"/>
          <line num="32" count="638" type="stmt"/>
          <line num="33" count="638" type="stmt"/>
          <line num="34" count="638" type="stmt"/>
          <line num="41" count="638" type="cond" truecount="2" falsecount="0"/>
          <line num="42" count="622" type="stmt"/>
          <line num="48" count="18" type="stmt"/>
          <line num="49" count="718" type="cond" truecount="2" falsecount="0"/>
          <line num="50" count="630" type="stmt"/>
          <line num="52" count="718" type="stmt"/>
          <line num="55" count="18" type="stmt"/>
          <line num="56" count="0" type="stmt"/>
          <line num="60" count="18" type="stmt"/>
          <line num="61" count="630" type="stmt"/>
          <line num="62" count="630" type="stmt"/>
          <line num="63" count="630" type="stmt"/>
          <line num="64" count="630" type="stmt"/>
          <line num="66" count="630" type="stmt"/>
          <line num="67" count="630" type="stmt"/>
          <line num="69" count="18" type="stmt"/>
        </file>
      </package>
    </metrics>
  </project>
</coverage>
