{"/home/vagrant/Documents/devops/src/main/webapp/app/app.constants.ts": {"path":"/home/vagrant/Documents/devops/src/main/webapp/app/app.constants.ts","statementMap":{"0":{"start":{"line":5,"column":13},"end":{"line":5,"column":43}},"1":{"start":{"line":6,"column":13},"end":{"line":6,"column":76}},"2":{"start":{"line":7,"column":13},"end":{"line":7,"column":57}},"3":{"start":{"line":8,"column":13},"end":{"line":8,"column":59}}},"fnMap":{},"branchMap":{},"s":{"0":23,"1":23,"2":23,"3":23},"f":{},"b":{}}
,"/home/vagrant/Documents/devops/src/main/webapp/app/account/activate/activate.component.html": {"path":"/home/vagrant/Documents/devops/src/main/webapp/app/account/activate/activate.component.html","statementMap":{"0":{"start":{"line":1,"column":0},"end":{"line":18,"column":2}}},"fnMap":{},"branchMap":{},"s":{"0":1},"f":{},"b":{},"_coverageSchema":"332fd63041d2c1bcb487cc26dd0d5f7d97098a6c","hash":"948e9328e797568089378df7a6585db06f73beb8"}
,"/home/vagrant/Documents/devops/src/main/webapp/app/account/activate/activate.component.ts": {"path":"/home/vagrant/Documents/devops/src/main/webapp/app/account/activate/activate.component.ts","statementMap":{"0":{"start":{"line":1,"column":0},"end":{"line":1,"column":49}},"1":{"start":{"line":3,"column":0},"end":{"line":3,"column":48}},"2":{"start":{"line":5,"column":0},"end":{"line":5,"column":44}},"3":{"start":{"line":6,"column":0},"end":{"line":6,"column":52}},"4":{"start":{"line":12,"column":0},"end":{"line":37,"column":0}},"5":{"start":{"line":17,"column":24},"end":{"line":17,"column":56}},"6":{"start":{"line":17,"column":66},"end":{"line":17,"column":102}},"7":{"start":{"line":17,"column":112},"end":{"line":17,"column":133}},"8":{"start":{"line":19,"column":4},"end":{"line":32,"column":5}},"9":{"start":{"line":19,"column":4},"end":{"line":32,"column":4}},"10":{"start":{"line":20,"column":8},"end":{"line":31,"column":11}},"11":{"start":{"line":21,"column":12},"end":{"line":30,"column":14}},"12":{"start":{"line":23,"column":20},"end":{"line":23,"column":38}},"13":{"start":{"line":24,"column":20},"end":{"line":24,"column":40}},"14":{"start":{"line":27,"column":20},"end":{"line":27,"column":40}},"15":{"start":{"line":28,"column":20},"end":{"line":28,"column":41}},"16":{"start":{"line":34,"column":4},"end":{"line":36,"column":5}},"17":{"start":{"line":35,"column":8},"end":{"line":35,"column":54}},"18":{"start":{"line":12,"column":13},"end":{"line":37,"column":1}},"19":{"start":{"line":37,"column":0},"end":{"line":37,"column":1}},"20":{"start":{"line":12,"column":13},"end":{"line":12,"column":30}}},"fnMap":{"0":{"name":"(anonymous_0)","decl":{"start":{"line":12,"column":0},"end":{"line":null,"column":-1}},"loc":{"start":{"line":12,"column":0},"end":{"line":12,"column":-1}}},"1":{"name":"ActivateComponent","decl":{"start":{"line":17,"column":4},"end":{"line":17,"column":23}},"loc":{"start":{"line":17,"column":133},"end":{"line":17,"column":137}}},"2":{"name":"(anonymous_2)","decl":{"start":{"line":19,"column":4},"end":{"line":null,"column":-1}},"loc":{"start":{"line":19,"column":4},"end":{"line":32,"column":5}}},"3":{"name":"(anonymous_3)","decl":{"start":{"line":20,"column":41},"end":{"line":20,"column":40}},"loc":{"start":{"line":20,"column":47},"end":{"line":31,"column":9}}},"4":{"name":"(anonymous_4)","decl":{"start":{"line":22,"column":16},"end":{"line":null,"column":-1}},"loc":{"start":{"line":22,"column":16},"end":{"line":25,"column":17}}},"5":{"name":"(anonymous_5)","decl":{"start":{"line":26,"column":16},"end":{"line":null,"column":-1}},"loc":{"start":{"line":26,"column":16},"end":{"line":29,"column":17}}},"6":{"name":"(anonymous_6)","decl":{"start":{"line":34,"column":4},"end":{"line":null,"column":-1}},"loc":{"start":{"line":34,"column":4},"end":{"line":36,"column":5}}}},"branchMap":{"0":{"loc":{"start":{"line":17,"column":56},"end":{"line":17,"column":84}},"type":"binary-expr","locations":[{"start":{"line":17,"column":56},"end":{"line":17,"column":84}},{"start":{"line":17,"column":56},"end":{"line":17,"column":84}}]},"1":{"loc":{"start":{"line":17,"column":41},"end":{"line":17,"column":56}},"type":"binary-expr","locations":[{"start":{"line":17,"column":41},"end":{"line":17,"column":56}}]},"2":{"loc":{"start":{"line":17,"column":56},"end":{"line":17,"column":102}},"type":"binary-expr","locations":[{"start":{"line":17,"column":56},"end":{"line":17,"column":102}},{"start":{"line":17,"column":102},"end":{"line":17,"column":118}},{"start":{"line":17,"column":102},"end":{"line":17,"column":118}}]},"3":{"loc":{"start":{"line":17,"column":56},"end":{"line":17,"column":102}},"type":"binary-expr","locations":[{"start":{"line":17,"column":56},"end":{"line":17,"column":102}},{"start":{"line":17,"column":85},"end":{"line":17,"column":102}}]},"4":{"loc":{"start":{"line":17,"column":102},"end":{"line":17,"column":133}},"type":"binary-expr","locations":[{"start":{"line":17,"column":102},"end":{"line":17,"column":133}},{"start":{"line":17,"column":133},"end":{"line":null,"column":-1}},{"start":{"line":17,"column":133},"end":{"line":null,"column":-1}}]},"5":{"loc":{"start":{"line":17,"column":102},"end":{"line":17,"column":133}},"type":"binary-expr","locations":[{"start":{"line":17,"column":102},"end":{"line":17,"column":133}},{"start":{"line":17,"column":119},"end":{"line":17,"column":133}}]}},"s":{"0":1,"1":1,"2":1,"3":1,"4":1,"5":3,"6":3,"7":3,"8":1,"9":3,"10":3,"11":3,"12":1,"13":1,"14":1,"15":1,"16":1,"17":0,"18":1,"19":1,"20":1},"f":{"0":1,"1":3,"2":3,"3":3,"4":1,"5":1,"6":0},"b":{"0":[1,0],"1":[1],"2":[1,1,0],"3":[1,1],"4":[1,1,0],"5":[1,1]}}
,"/home/vagrant/Documents/devops/src/main/webapp/app/account/activate/activate.service.ts": {"path":"/home/vagrant/Documents/devops/src/main/webapp/app/account/activate/activate.service.ts","statementMap":{"0":{"start":{"line":1,"column":0},"end":{"line":1,"column":42}},"1":{"start":{"line":2,"column":0},"end":{"line":2,"column":61}},"2":{"start":{"line":5,"column":0},"end":{"line":5,"column":50}},"3":{"start":{"line":8,"column":0},"end":{"line":16,"column":0}},"4":{"start":{"line":9,"column":24},"end":{"line":9,"column":40}},"5":{"start":{"line":11,"column":4},"end":{"line":15,"column":5}},"6":{"start":{"line":12,"column":8},"end":{"line":14,"column":11}},"7":{"start":{"line":8,"column":13},"end":{"line":16,"column":1}},"8":{"start":{"line":16,"column":0},"end":{"line":16,"column":1}},"9":{"start":{"line":8,"column":13},"end":{"line":8,"column":28}}},"fnMap":{"0":{"name":"(anonymous_0)","decl":{"start":{"line":8,"column":0},"end":{"line":null,"column":-1}},"loc":{"start":{"line":8,"column":0},"end":{"line":8,"column":-1}}},"1":{"name":"ActivateService","decl":{"start":{"line":9,"column":4},"end":{"line":9,"column":23}},"loc":{"start":{"line":9,"column":40},"end":{"line":9,"column":44}}},"2":{"name":"(anonymous_2)","decl":{"start":{"line":11,"column":4},"end":{"line":11,"column":7}},"loc":{"start":{"line":11,"column":19},"end":{"line":15,"column":5}}}},"branchMap":{"0":{"loc":{"start":{"line":9,"column":40},"end":{"line":null,"column":-1}},"type":"binary-expr","locations":[{"start":{"line":9,"column":40},"end":{"line":null,"column":-1}},{"start":{"line":9,"column":40},"end":{"line":null,"column":-1}}]},"1":{"loc":{"start":{"line":9,"column":30},"end":{"line":9,"column":40}},"type":"binary-expr","locations":[{"start":{"line":9,"column":30},"end":{"line":9,"column":40}}]}},"s":{"0":1,"1":1,"2":1,"3":1,"4":3,"5":1,"6":0,"7":1,"8":1,"9":1},"f":{"0":1,"1":3,"2":0},"b":{"0":[1,0],"1":[1]}}
,"/home/vagrant/Documents/devops/src/main/webapp/app/account/password/password-strength-bar.component.ts": {"path":"/home/vagrant/Documents/devops/src/main/webapp/app/account/password/password-strength-bar.component.ts","statementMap":{"0":{"start":{"line":1,"column":0},"end":{"line":1,"column":70}},"1":{"start":{"line":18,"column":0},"end":{"line":84,"column":0}},"2":{"start":{"line":21,"column":24},"end":{"line":21,"column":42}},"3":{"start":{"line":21,"column":52},"end":{"line":21,"column":74}},"4":{"start":{"line":19,"column":4},"end":{"line":19,"column":54}},"5":{"start":{"line":23,"column":4},"end":{"line":48,"column":5}},"6":{"start":{"line":24,"column":20},"end":{"line":24,"column":21}},"7":{"start":{"line":25,"column":22},"end":{"line":25,"column":45}},"8":{"start":{"line":26,"column":29},"end":{"line":26,"column":45}},"9":{"start":{"line":27,"column":29},"end":{"line":27,"column":45}},"10":{"start":{"line":28,"column":24},"end":{"line":28,"column":40}},"11":{"start":{"line":29,"column":24},"end":{"line":29,"column":37}},"12":{"start":{"line":31,"column":22},"end":{"line":31,"column":68}},"13":{"start":{"line":32,"column":30},"end":{"line":34,"column":17}},"14":{"start":{"line":33,"column":12},"end":{"line":33,"column":42}},"15":{"start":{"line":36,"column":8},"end":{"line":36,"column":57}},"16":{"start":{"line":37,"column":8},"end":{"line":37,"column":36}},"17":{"start":{"line":40,"column":8},"end":{"line":40,"column":60}},"18":{"start":{"line":43,"column":8},"end":{"line":43,"column":66}},"19":{"start":{"line":44,"column":8},"end":{"line":44,"column":66}},"20":{"start":{"line":45,"column":8},"end":{"line":45,"column":66}},"21":{"start":{"line":47,"column":8},"end":{"line":47,"column":21}},"22":{"start":{"line":50,"column":4},"end":{"line":64,"column":5}},"23":{"start":{"line":51,"column":18},"end":{"line":51,"column":19}},"24":{"start":{"line":52,"column":8},"end":{"line":62,"column":9}},"25":{"start":{"line":53,"column":12},"end":{"line":53,"column":20}},"26":{"start":{"line":54,"column":15},"end":{"line":62,"column":9}},"27":{"start":{"line":55,"column":12},"end":{"line":55,"column":20}},"28":{"start":{"line":56,"column":15},"end":{"line":62,"column":9}},"29":{"start":{"line":57,"column":12},"end":{"line":57,"column":20}},"30":{"start":{"line":58,"column":15},"end":{"line":62,"column":9}},"31":{"start":{"line":59,"column":12},"end":{"line":59,"column":20}},"32":{"start":{"line":61,"column":12},"end":{"line":61,"column":20}},"33":{"start":{"line":63,"column":8},"end":{"line":63,"column":55}},"34":{"start":{"line":67,"column":4},"end":{"line":83,"column":5}},"35":{"start":{"line":68,"column":8},"end":{"line":82,"column":9}},"36":{"start":{"line":69,"column":22},"end":{"line":69,"column":67}},"37":{"start":{"line":70,"column":28},"end":{"line":70,"column":57}},"38":{"start":{"line":71,"column":12},"end":{"line":73,"column":13}},"39":{"start":{"line":72,"column":16},"end":{"line":72,"column":81}},"40":{"start":{"line":74,"column":24},"end":{"line":74,"column":58}},"41":{"start":{"line":75,"column":12},"end":{"line":81,"column":13}},"42":{"start":{"line":76,"column":16},"end":{"line":80,"column":17}},"43":{"start":{"line":77,"column":20},"end":{"line":77,"column":84}},"44":{"start":{"line":79,"column":20},"end":{"line":79,"column":85}},"45":{"start":{"line":18,"column":13},"end":{"line":84,"column":1}},"46":{"start":{"line":84,"column":0},"end":{"line":84,"column":1}},"47":{"start":{"line":18,"column":13},"end":{"line":18,"column":41}}},"fnMap":{"0":{"name":"(anonymous_0)","decl":{"start":{"line":18,"column":0},"end":{"line":null,"column":-1}},"loc":{"start":{"line":18,"column":0},"end":{"line":18,"column":-1}}},"1":{"name":"PasswordStrengthBarComponent","decl":{"start":{"line":21,"column":4},"end":{"line":21,"column":23}},"loc":{"start":{"line":21,"column":74},"end":{"line":21,"column":78}}},"2":{"name":"(anonymous_2)","decl":{"start":{"line":23,"column":4},"end":{"line":23,"column":19}},"loc":{"start":{"line":23,"column":29},"end":{"line":48,"column":5}}},"3":{"name":"(anonymous_3)","decl":{"start":{"line":32,"column":43},"end":{"line":32,"column":43}},"loc":{"start":{"line":32,"column":66},"end":{"line":34,"column":9}}},"4":{"name":"(anonymous_4)","decl":{"start":{"line":50,"column":4},"end":{"line":50,"column":12}},"loc":{"start":{"line":50,"column":22},"end":{"line":64,"column":5}}},"5":{"name":"(anonymous_5)","decl":{"start":{"line":67,"column":4},"end":{"line":67,"column":23}},"loc":{"start":{"line":67,"column":40},"end":{"line":83,"column":5}}}},"branchMap":{"0":{"loc":{"start":{"line":36,"column":50},"end":{"line":36,"column":51}},"type":"cond-expr","locations":[{"start":{"line":36,"column":50},"end":{"line":36,"column":51}},{"start":{"line":36,"column":54},"end":{"line":36,"column":55}}]},"1":{"loc":{"start":{"line":40,"column":32},"end":{"line":40,"column":51}},"type":"cond-expr","locations":[{"start":{"line":40,"column":32},"end":{"line":40,"column":51}},{"start":{"line":40,"column":54},"end":{"line":40,"column":59}}]},"2":{"loc":{"start":{"line":43,"column":38},"end":{"line":43,"column":57}},"type":"cond-expr","locations":[{"start":{"line":43,"column":38},"end":{"line":43,"column":57}},{"start":{"line":43,"column":60},"end":{"line":43,"column":65}}]},"3":{"loc":{"start":{"line":44,"column":38},"end":{"line":44,"column":57}},"type":"cond-expr","locations":[{"start":{"line":44,"column":38},"end":{"line":44,"column":57}},{"start":{"line":44,"column":60},"end":{"line":44,"column":65}}]},"4":{"loc":{"start":{"line":45,"column":38},"end":{"line":45,"column":57}},"type":"cond-expr","locations":[{"start":{"line":45,"column":38},"end":{"line":45,"column":57}},{"start":{"line":45,"column":60},"end":{"line":45,"column":65}}]},"5":{"loc":{"start":{"line":52,"column":8},"end":{"line":62,"column":9}},"type":"if","locations":[{"start":{"line":52,"column":8},"end":{"line":62,"column":9}},{"start":{"line":52,"column":8},"end":{"line":62,"column":9}}]},"6":{"loc":{"start":{"line":54,"column":15},"end":{"line":62,"column":9}},"type":"if","locations":[{"start":{"line":54,"column":15},"end":{"line":62,"column":9}},{"start":{"line":54,"column":15},"end":{"line":62,"column":9}}]},"7":{"loc":{"start":{"line":56,"column":15},"end":{"line":62,"column":9}},"type":"if","locations":[{"start":{"line":56,"column":15},"end":{"line":62,"column":9}},{"start":{"line":56,"column":15},"end":{"line":62,"column":9}}]},"8":{"loc":{"start":{"line":58,"column":15},"end":{"line":62,"column":9}},"type":"if","locations":[{"start":{"line":58,"column":15},"end":{"line":62,"column":9}},{"start":{"line":58,"column":15},"end":{"line":62,"column":9}}]},"9":{"loc":{"start":{"line":68,"column":8},"end":{"line":82,"column":9}},"type":"if","locations":[{"start":{"line":68,"column":8},"end":{"line":82,"column":9}},{"start":{"line":68,"column":8},"end":{"line":82,"column":9}}]},"10":{"loc":{"start":{"line":71,"column":12},"end":{"line":73,"column":13}},"type":"if","locations":[{"start":{"line":71,"column":12},"end":{"line":73,"column":13}},{"start":{"line":71,"column":12},"end":{"line":73,"column":13}}]},"11":{"loc":{"start":{"line":76,"column":16},"end":{"line":80,"column":17}},"type":"if","locations":[{"start":{"line":76,"column":16},"end":{"line":80,"column":17}},{"start":{"line":76,"column":16},"end":{"line":80,"column":17}}]},"12":{"loc":{"start":{"line":21,"column":42},"end":{"line":21,"column":63}},"type":"binary-expr","locations":[{"start":{"line":21,"column":42},"end":{"line":21,"column":63}},{"start":{"line":21,"column":42},"end":{"line":21,"column":63}}]},"13":{"loc":{"start":{"line":21,"column":34},"end":{"line":21,"column":42}},"type":"binary-expr","locations":[{"start":{"line":21,"column":34},"end":{"line":21,"column":42}}]},"14":{"loc":{"start":{"line":21,"column":42},"end":{"line":21,"column":74}},"type":"binary-expr","locations":[{"start":{"line":21,"column":42},"end":{"line":21,"column":74}},{"start":{"line":21,"column":74},"end":{"line":null,"column":-1}},{"start":{"line":21,"column":74},"end":{"line":null,"column":-1}}]},"15":{"loc":{"start":{"line":21,"column":42},"end":{"line":21,"column":74}},"type":"binary-expr","locations":[{"start":{"line":21,"column":42},"end":{"line":21,"column":74}},{"start":{"line":21,"column":64},"end":{"line":21,"column":74}}]}},"s":{"0":1,"1":1,"2":3,"3":3,"4":3,"5":1,"6":10,"7":10,"8":10,"9":10,"10":10,"11":10,"12":10,"13":10,"14":40,"15":10,"16":10,"17":10,"18":10,"19":10,"20":10,"21":10,"22":1,"23":7,"24":7,"25":3,"26":4,"27":1,"28":3,"29":1,"30":2,"31":1,"32":1,"33":7,"34":2,"35":0,"36":0,"37":0,"38":0,"39":0,"40":0,"41":0,"42":0,"43":0,"44":0,"45":1,"46":1,"47":1},"f":{"0":1,"1":3,"2":10,"3":40,"4":7,"5":0},"b":{"0":[1,9],"1":[7,3],"2":[2,8],"3":[0,10],"4":[2,8],"5":[3,4],"6":[1,3],"7":[1,2],"8":[1,1],"9":[0,0],"10":[0,0],"11":[0,0],"12":[1,0],"13":[1],"14":[1,1,0],"15":[1,1]}}
,"/home/vagrant/Documents/devops/src/main/webapp/app/account/password/password.component.html": {"path":"/home/vagrant/Documents/devops/src/main/webapp/app/account/password/password.component.html","statementMap":{"0":{"start":{"line":1,"column":0},"end":{"line":78,"column":2}}},"fnMap":{},"branchMap":{},"s":{"0":1},"f":{},"b":{},"_coverageSchema":"332fd63041d2c1bcb487cc26dd0d5f7d97098a6c","hash":"e74fbe1c1a190aedc9b71929ce02b7881370ce2d"}
,"/home/vagrant/Documents/devops/src/main/webapp/app/account/password/password.component.ts": {"path":"/home/vagrant/Documents/devops/src/main/webapp/app/account/password/password.component.ts","statementMap":{"0":{"start":{"line":1,"column":0},"end":{"line":1,"column":49}},"1":{"start":{"line":3,"column":0},"end":{"line":3,"column":36}},"2":{"start":{"line":4,"column":0},"end":{"line":4,"column":52}},"3":{"start":{"line":10,"column":0},"end":{"line":46,"column":0}},"4":{"start":{"line":19,"column":24},"end":{"line":19,"column":56}},"5":{"start":{"line":19,"column":66},"end":{"line":19,"column":86}},"6":{"start":{"line":21,"column":4},"end":{"line":25,"column":5}},"7":{"start":{"line":21,"column":4},"end":{"line":25,"column":4}},"8":{"start":{"line":22,"column":8},"end":{"line":24,"column":11}},"9":{"start":{"line":23,"column":12},"end":{"line":23,"column":35}},"10":{"start":{"line":27,"column":4},"end":{"line":45,"column":5}},"11":{"start":{"line":27,"column":4},"end":{"line":45,"column":4}},"12":{"start":{"line":28,"column":8},"end":{"line":44,"column":9}},"13":{"start":{"line":29,"column":12},"end":{"line":29,"column":30}},"14":{"start":{"line":30,"column":12},"end":{"line":30,"column":32}},"15":{"start":{"line":31,"column":12},"end":{"line":31,"column":38}},"16":{"start":{"line":33,"column":12},"end":{"line":33,"column":35}},"17":{"start":{"line":34,"column":12},"end":{"line":43,"column":14}},"18":{"start":{"line":36,"column":20},"end":{"line":36,"column":38}},"19":{"start":{"line":37,"column":20},"end":{"line":37,"column":40}},"20":{"start":{"line":40,"column":20},"end":{"line":40,"column":40}},"21":{"start":{"line":41,"column":20},"end":{"line":41,"column":41}},"22":{"start":{"line":10,"column":13},"end":{"line":46,"column":1}},"23":{"start":{"line":46,"column":0},"end":{"line":46,"column":1}},"24":{"start":{"line":10,"column":13},"end":{"line":10,"column":30}}},"fnMap":{"0":{"name":"(anonymous_0)","decl":{"start":{"line":10,"column":0},"end":{"line":null,"column":-1}},"loc":{"start":{"line":10,"column":0},"end":{"line":10,"column":-1}}},"1":{"name":"PasswordComponent","decl":{"start":{"line":19,"column":4},"end":{"line":19,"column":23}},"loc":{"start":{"line":19,"column":86},"end":{"line":19,"column":90}}},"2":{"name":"(anonymous_2)","decl":{"start":{"line":21,"column":4},"end":{"line":null,"column":-1}},"loc":{"start":{"line":21,"column":4},"end":{"line":25,"column":5}}},"3":{"name":"(anonymous_3)","decl":{"start":{"line":22,"column":39},"end":{"line":22,"column":38}},"loc":{"start":{"line":22,"column":46},"end":{"line":24,"column":9}}},"4":{"name":"(anonymous_4)","decl":{"start":{"line":27,"column":4},"end":{"line":null,"column":-1}},"loc":{"start":{"line":27,"column":4},"end":{"line":45,"column":5}}},"5":{"name":"(anonymous_5)","decl":{"start":{"line":35,"column":16},"end":{"line":null,"column":-1}},"loc":{"start":{"line":35,"column":16},"end":{"line":38,"column":17}}},"6":{"name":"(anonymous_6)","decl":{"start":{"line":39,"column":16},"end":{"line":null,"column":-1}},"loc":{"start":{"line":39,"column":16},"end":{"line":42,"column":17}}}},"branchMap":{"0":{"loc":{"start":{"line":28,"column":8},"end":{"line":44,"column":9}},"type":"if","locations":[{"start":{"line":28,"column":8},"end":{"line":44,"column":9}},{"start":{"line":28,"column":8},"end":{"line":44,"column":9}}]},"1":{"loc":{"start":{"line":19,"column":56},"end":{"line":19,"column":76}},"type":"binary-expr","locations":[{"start":{"line":19,"column":56},"end":{"line":19,"column":76}},{"start":{"line":19,"column":56},"end":{"line":19,"column":76}}]},"2":{"loc":{"start":{"line":19,"column":41},"end":{"line":19,"column":56}},"type":"binary-expr","locations":[{"start":{"line":19,"column":41},"end":{"line":19,"column":56}}]},"3":{"loc":{"start":{"line":19,"column":56},"end":{"line":19,"column":86}},"type":"binary-expr","locations":[{"start":{"line":19,"column":56},"end":{"line":19,"column":86}},{"start":{"line":19,"column":86},"end":{"line":null,"column":-1}},{"start":{"line":19,"column":86},"end":{"line":null,"column":-1}}]},"4":{"loc":{"start":{"line":19,"column":56},"end":{"line":19,"column":86}},"type":"binary-expr","locations":[{"start":{"line":19,"column":56},"end":{"line":19,"column":86}},{"start":{"line":19,"column":77},"end":{"line":19,"column":86}}]}},"s":{"0":1,"1":1,"2":1,"3":1,"4":4,"5":4,"6":1,"7":0,"8":0,"9":0,"10":1,"11":4,"12":4,"13":1,"14":1,"15":1,"16":3,"17":3,"18":2,"19":2,"20":1,"21":1,"22":1,"23":1,"24":1},"f":{"0":1,"1":4,"2":0,"3":0,"4":4,"5":2,"6":1},"b":{"0":[1,3],"1":[1,0],"2":[1],"3":[1,1,0],"4":[1,1]}}
,"/home/vagrant/Documents/devops/src/main/webapp/app/account/password/password.service.ts": {"path":"/home/vagrant/Documents/devops/src/main/webapp/app/account/password/password.service.ts","statementMap":{"0":{"start":{"line":1,"column":0},"end":{"line":1,"column":42}},"1":{"start":{"line":2,"column":0},"end":{"line":2,"column":49}},"2":{"start":{"line":5,"column":0},"end":{"line":5,"column":50}},"3":{"start":{"line":8,"column":0},"end":{"line":14,"column":0}},"4":{"start":{"line":9,"column":24},"end":{"line":9,"column":40}},"5":{"start":{"line":11,"column":4},"end":{"line":13,"column":5}},"6":{"start":{"line":12,"column":8},"end":{"line":12,"column":112}},"7":{"start":{"line":8,"column":13},"end":{"line":14,"column":1}},"8":{"start":{"line":14,"column":0},"end":{"line":14,"column":1}},"9":{"start":{"line":8,"column":13},"end":{"line":8,"column":28}}},"fnMap":{"0":{"name":"(anonymous_0)","decl":{"start":{"line":8,"column":0},"end":{"line":null,"column":-1}},"loc":{"start":{"line":8,"column":0},"end":{"line":8,"column":-1}}},"1":{"name":"PasswordService","decl":{"start":{"line":9,"column":4},"end":{"line":9,"column":23}},"loc":{"start":{"line":9,"column":40},"end":{"line":9,"column":44}}},"2":{"name":"(anonymous_2)","decl":{"start":{"line":11,"column":4},"end":{"line":11,"column":8}},"loc":{"start":{"line":11,"column":53},"end":{"line":13,"column":5}}}},"branchMap":{"0":{"loc":{"start":{"line":9,"column":40},"end":{"line":null,"column":-1}},"type":"binary-expr","locations":[{"start":{"line":9,"column":40},"end":{"line":null,"column":-1}},{"start":{"line":9,"column":40},"end":{"line":null,"column":-1}}]},"1":{"loc":{"start":{"line":9,"column":30},"end":{"line":9,"column":40}},"type":"binary-expr","locations":[{"start":{"line":9,"column":30},"end":{"line":9,"column":40}}]}},"s":{"0":1,"1":1,"2":1,"3":1,"4":4,"5":1,"6":0,"7":1,"8":1,"9":1},"f":{"0":1,"1":4,"2":0},"b":{"0":[1,0],"1":[1]}}
,"/home/vagrant/Documents/devops/src/main/webapp/app/account/password-reset/finish/password-reset-finish.component.html": {"path":"/home/vagrant/Documents/devops/src/main/webapp/app/account/password-reset/finish/password-reset-finish.component.html","statementMap":{"0":{"start":{"line":1,"column":0},"end":{"line":78,"column":2}}},"fnMap":{},"branchMap":{},"s":{"0":1},"f":{},"b":{},"_coverageSchema":"332fd63041d2c1bcb487cc26dd0d5f7d97098a6c","hash":"bd1828bd6f62ae8d3674244b3cc7d62b3bbad75d"}
,"/home/vagrant/Documents/devops/src/main/webapp/app/account/password-reset/finish/password-reset-finish.component.ts": {"path":"/home/vagrant/Documents/devops/src/main/webapp/app/account/password-reset/finish/password-reset-finish.component.ts","statementMap":{"0":{"start":{"line":1,"column":0},"end":{"line":1,"column":86}},"1":{"start":{"line":3,"column":0},"end":{"line":3,"column":48}},"2":{"start":{"line":5,"column":0},"end":{"line":5,"column":44}},"3":{"start":{"line":6,"column":0},"end":{"line":6,"column":76}},"4":{"start":{"line":12,"column":0},"end":{"line":65,"column":0}},"5":{"start":{"line":23,"column":16},"end":{"line":23,"column":70}},"6":{"start":{"line":24,"column":16},"end":{"line":24,"column":52}},"7":{"start":{"line":25,"column":16},"end":{"line":25,"column":37}},"8":{"start":{"line":26,"column":16},"end":{"line":26,"column":38}},"9":{"start":{"line":27,"column":16},"end":{"line":27,"column":34}},"10":{"start":{"line":30,"column":4},"end":{"line":36,"column":5}},"11":{"start":{"line":30,"column":4},"end":{"line":36,"column":4}},"12":{"start":{"line":31,"column":8},"end":{"line":33,"column":11}},"13":{"start":{"line":32,"column":12},"end":{"line":32,"column":37}},"14":{"start":{"line":34,"column":8},"end":{"line":34,"column":31}},"15":{"start":{"line":35,"column":8},"end":{"line":35,"column":36}},"16":{"start":{"line":38,"column":4},"end":{"line":42,"column":5}},"17":{"start":{"line":39,"column":8},"end":{"line":41,"column":9}},"18":{"start":{"line":40,"column":12},"end":{"line":40,"column":117}},"19":{"start":{"line":44,"column":4},"end":{"line":60,"column":5}},"20":{"start":{"line":44,"column":4},"end":{"line":60,"column":4}},"21":{"start":{"line":45,"column":8},"end":{"line":45,"column":31}},"22":{"start":{"line":46,"column":8},"end":{"line":46,"column":26}},"23":{"start":{"line":47,"column":8},"end":{"line":59,"column":9}},"24":{"start":{"line":48,"column":12},"end":{"line":48,"column":38}},"25":{"start":{"line":50,"column":12},"end":{"line":58,"column":14}},"26":{"start":{"line":52,"column":20},"end":{"line":52,"column":40}},"27":{"start":{"line":55,"column":20},"end":{"line":55,"column":40}},"28":{"start":{"line":56,"column":20},"end":{"line":56,"column":41}},"29":{"start":{"line":62,"column":4},"end":{"line":64,"column":5}},"30":{"start":{"line":63,"column":8},"end":{"line":63,"column":54}},"31":{"start":{"line":12,"column":13},"end":{"line":65,"column":1}},"32":{"start":{"line":65,"column":0},"end":{"line":65,"column":1}},"33":{"start":{"line":12,"column":13},"end":{"line":12,"column":41}}},"fnMap":{"0":{"name":"(anonymous_0)","decl":{"start":{"line":12,"column":0},"end":{"line":null,"column":-1}},"loc":{"start":{"line":12,"column":0},"end":{"line":12,"column":-1}}},"1":{"name":"PasswordResetFinishComponent","decl":{"start":{"line":22,"column":4},"end":{"line":23,"column":15}},"loc":{"start":{"line":27,"column":34},"end":{"line":28,"column":8}}},"2":{"name":"(anonymous_2)","decl":{"start":{"line":30,"column":4},"end":{"line":null,"column":-1}},"loc":{"start":{"line":30,"column":4},"end":{"line":36,"column":5}}},"3":{"name":"(anonymous_3)","decl":{"start":{"line":31,"column":41},"end":{"line":31,"column":40}},"loc":{"start":{"line":31,"column":47},"end":{"line":33,"column":9}}},"4":{"name":"(anonymous_4)","decl":{"start":{"line":38,"column":4},"end":{"line":null,"column":-1}},"loc":{"start":{"line":38,"column":4},"end":{"line":42,"column":5}}},"5":{"name":"(anonymous_5)","decl":{"start":{"line":44,"column":4},"end":{"line":null,"column":-1}},"loc":{"start":{"line":44,"column":4},"end":{"line":60,"column":5}}},"6":{"name":"(anonymous_6)","decl":{"start":{"line":51,"column":16},"end":{"line":null,"column":-1}},"loc":{"start":{"line":51,"column":16},"end":{"line":53,"column":17}}},"7":{"name":"(anonymous_7)","decl":{"start":{"line":54,"column":16},"end":{"line":null,"column":-1}},"loc":{"start":{"line":54,"column":16},"end":{"line":57,"column":17}}},"8":{"name":"(anonymous_8)","decl":{"start":{"line":62,"column":4},"end":{"line":null,"column":-1}},"loc":{"start":{"line":62,"column":4},"end":{"line":64,"column":5}}}},"branchMap":{"0":{"loc":{"start":{"line":39,"column":8},"end":{"line":41,"column":9}},"type":"if","locations":[{"start":{"line":39,"column":8},"end":{"line":41,"column":9}},{"start":{"line":39,"column":8},"end":{"line":41,"column":9}}]},"1":{"loc":{"start":{"line":47,"column":8},"end":{"line":59,"column":9}},"type":"if","locations":[{"start":{"line":47,"column":8},"end":{"line":59,"column":9}},{"start":{"line":47,"column":8},"end":{"line":59,"column":9}}]},"2":{"loc":{"start":{"line":23,"column":70},"end":{"line":24,"column":34}},"type":"binary-expr","locations":[{"start":{"line":23,"column":70},"end":{"line":24,"column":34}},{"start":{"line":23,"column":70},"end":{"line":24,"column":34}}]},"3":{"loc":{"start":{"line":23,"column":44},"end":{"line":23,"column":70}},"type":"binary-expr","locations":[{"start":{"line":23,"column":44},"end":{"line":23,"column":70}}]},"4":{"loc":{"start":{"line":23,"column":70},"end":{"line":24,"column":52}},"type":"binary-expr","locations":[{"start":{"line":23,"column":70},"end":{"line":24,"column":52}},{"start":{"line":24,"column":52},"end":{"line":25,"column":22}},{"start":{"line":24,"column":52},"end":{"line":25,"column":22}}]},"5":{"loc":{"start":{"line":23,"column":70},"end":{"line":24,"column":52}},"type":"binary-expr","locations":[{"start":{"line":23,"column":70},"end":{"line":24,"column":52}},{"start":{"line":24,"column":35},"end":{"line":24,"column":52}}]},"6":{"loc":{"start":{"line":24,"column":52},"end":{"line":25,"column":37}},"type":"binary-expr","locations":[{"start":{"line":24,"column":52},"end":{"line":25,"column":37}},{"start":{"line":25,"column":37},"end":{"line":26,"column":27}},{"start":{"line":25,"column":37},"end":{"line":26,"column":27}}]},"7":{"loc":{"start":{"line":24,"column":52},"end":{"line":25,"column":37}},"type":"binary-expr","locations":[{"start":{"line":24,"column":52},"end":{"line":25,"column":37}},{"start":{"line":25,"column":23},"end":{"line":25,"column":37}}]},"8":{"loc":{"start":{"line":25,"column":37},"end":{"line":26,"column":38}},"type":"binary-expr","locations":[{"start":{"line":25,"column":37},"end":{"line":26,"column":38}},{"start":{"line":26,"column":38},"end":{"line":27,"column":25}},{"start":{"line":26,"column":38},"end":{"line":27,"column":25}}]},"9":{"loc":{"start":{"line":25,"column":37},"end":{"line":26,"column":38}},"type":"binary-expr","locations":[{"start":{"line":25,"column":37},"end":{"line":26,"column":38}},{"start":{"line":26,"column":28},"end":{"line":26,"column":38}}]},"10":{"loc":{"start":{"line":26,"column":38},"end":{"line":27,"column":34}},"type":"binary-expr","locations":[{"start":{"line":26,"column":38},"end":{"line":27,"column":34}},{"start":{"line":27,"column":34},"end":{"line":null,"column":-1}},{"start":{"line":27,"column":34},"end":{"line":null,"column":-1}}]},"11":{"loc":{"start":{"line":26,"column":38},"end":{"line":27,"column":34}},"type":"binary-expr","locations":[{"start":{"line":26,"column":38},"end":{"line":27,"column":34}},{"start":{"line":27,"column":26},"end":{"line":27,"column":34}}]}},"s":{"0":1,"1":1,"2":1,"3":1,"4":1,"5":10,"6":10,"7":10,"8":10,"9":10,"10":1,"11":6,"12":6,"13":6,"14":6,"15":6,"16":1,"17":1,"18":1,"19":1,"20":3,"21":3,"22":3,"23":3,"24":1,"25":2,"26":1,"27":1,"28":1,"29":1,"30":0,"31":1,"32":1,"33":1},"f":{"0":1,"1":10,"2":6,"3":6,"4":1,"5":3,"6":1,"7":1,"8":0},"b":{"0":[1,0],"1":[1,2],"2":[1,0],"3":[1],"4":[1,1,0],"5":[1,1],"6":[1,1,0],"7":[1,1],"8":[1,1,0],"9":[1,1],"10":[1,1,0],"11":[1,1]}}
,"/home/vagrant/Documents/devops/src/main/webapp/app/account/password-reset/finish/password-reset-finish.service.ts": {"path":"/home/vagrant/Documents/devops/src/main/webapp/app/account/password-reset/finish/password-reset-finish.service.ts","statementMap":{"0":{"start":{"line":1,"column":0},"end":{"line":1,"column":42}},"1":{"start":{"line":2,"column":0},"end":{"line":2,"column":49}},"2":{"start":{"line":5,"column":0},"end":{"line":5,"column":50}},"3":{"start":{"line":8,"column":0},"end":{"line":14,"column":0}},"4":{"start":{"line":9,"column":24},"end":{"line":9,"column":40}},"5":{"start":{"line":11,"column":4},"end":{"line":13,"column":5}},"6":{"start":{"line":12,"column":8},"end":{"line":12,"column":100}},"7":{"start":{"line":8,"column":13},"end":{"line":14,"column":1}},"8":{"start":{"line":14,"column":0},"end":{"line":14,"column":1}},"9":{"start":{"line":8,"column":13},"end":{"line":8,"column":39}}},"fnMap":{"0":{"name":"(anonymous_0)","decl":{"start":{"line":8,"column":0},"end":{"line":null,"column":-1}},"loc":{"start":{"line":8,"column":0},"end":{"line":8,"column":-1}}},"1":{"name":"PasswordResetFinishService","decl":{"start":{"line":9,"column":4},"end":{"line":9,"column":23}},"loc":{"start":{"line":9,"column":40},"end":{"line":9,"column":44}}},"2":{"name":"(anonymous_2)","decl":{"start":{"line":11,"column":4},"end":{"line":11,"column":8}},"loc":{"start":{"line":11,"column":28},"end":{"line":13,"column":5}}}},"branchMap":{"0":{"loc":{"start":{"line":9,"column":40},"end":{"line":null,"column":-1}},"type":"binary-expr","locations":[{"start":{"line":9,"column":40},"end":{"line":null,"column":-1}},{"start":{"line":9,"column":40},"end":{"line":null,"column":-1}}]},"1":{"loc":{"start":{"line":9,"column":30},"end":{"line":9,"column":40}},"type":"binary-expr","locations":[{"start":{"line":9,"column":30},"end":{"line":9,"column":40}}]}},"s":{"0":1,"1":1,"2":1,"3":1,"4":5,"5":1,"6":0,"7":1,"8":1,"9":1},"f":{"0":1,"1":5,"2":0},"b":{"0":[1,0],"1":[1]}}
,"/home/vagrant/Documents/devops/src/main/webapp/app/account/password-reset/init/password-reset-init.component.html": {"path":"/home/vagrant/Documents/devops/src/main/webapp/app/account/password-reset/init/password-reset-init.component.html","statementMap":{"0":{"start":{"line":1,"column":0},"end":{"line":47,"column":2}}},"fnMap":{},"branchMap":{},"s":{"0":1},"f":{},"b":{},"_coverageSchema":"332fd63041d2c1bcb487cc26dd0d5f7d97098a6c","hash":"345c791c5b5fe12c9099a749d58d6ef93252e488"}
,"/home/vagrant/Documents/devops/src/main/webapp/app/account/password-reset/init/password-reset-init.component.ts": {"path":"/home/vagrant/Documents/devops/src/main/webapp/app/account/password-reset/init/password-reset-init.component.ts","statementMap":{"0":{"start":{"line":1,"column":0},"end":{"line":1,"column":86}},"1":{"start":{"line":2,"column":0},"end":{"line":2,"column":49}},"2":{"start":{"line":3,"column":0},"end":{"line":3,"column":72}},"3":{"start":{"line":9,"column":0},"end":{"line":43,"column":0}},"4":{"start":{"line":15,"column":24},"end":{"line":15,"column":74}},"5":{"start":{"line":15,"column":84},"end":{"line":15,"column":106}},"6":{"start":{"line":15,"column":116},"end":{"line":15,"column":134}},"7":{"start":{"line":17,"column":4},"end":{"line":19,"column":5}},"8":{"start":{"line":18,"column":8},"end":{"line":18,"column":31}},"9":{"start":{"line":21,"column":4},"end":{"line":23,"column":5}},"10":{"start":{"line":22,"column":8},"end":{"line":22,"column":110}},"11":{"start":{"line":25,"column":4},"end":{"line":42,"column":5}},"12":{"start":{"line":25,"column":4},"end":{"line":42,"column":4}},"13":{"start":{"line":26,"column":8},"end":{"line":26,"column":26}},"14":{"start":{"line":27,"column":8},"end":{"line":27,"column":40}},"15":{"start":{"line":29,"column":8},"end":{"line":41,"column":10}},"16":{"start":{"line":31,"column":16},"end":{"line":31,"column":36}},"17":{"start":{"line":34,"column":16},"end":{"line":34,"column":36}},"18":{"start":{"line":35,"column":16},"end":{"line":39,"column":17}},"19":{"start":{"line":36,"column":20},"end":{"line":36,"column":55}},"20":{"start":{"line":38,"column":20},"end":{"line":38,"column":41}},"21":{"start":{"line":9,"column":13},"end":{"line":43,"column":1}},"22":{"start":{"line":43,"column":0},"end":{"line":43,"column":1}},"23":{"start":{"line":9,"column":13},"end":{"line":9,"column":39}}},"fnMap":{"0":{"name":"(anonymous_0)","decl":{"start":{"line":9,"column":0},"end":{"line":null,"column":-1}},"loc":{"start":{"line":9,"column":0},"end":{"line":9,"column":-1}}},"1":{"name":"PasswordResetInitComponent","decl":{"start":{"line":15,"column":4},"end":{"line":15,"column":23}},"loc":{"start":{"line":15,"column":134},"end":{"line":15,"column":138}}},"2":{"name":"(anonymous_2)","decl":{"start":{"line":17,"column":4},"end":{"line":null,"column":-1}},"loc":{"start":{"line":17,"column":4},"end":{"line":19,"column":5}}},"3":{"name":"(anonymous_3)","decl":{"start":{"line":21,"column":4},"end":{"line":null,"column":-1}},"loc":{"start":{"line":21,"column":4},"end":{"line":23,"column":5}}},"4":{"name":"(anonymous_4)","decl":{"start":{"line":25,"column":4},"end":{"line":null,"column":-1}},"loc":{"start":{"line":25,"column":4},"end":{"line":42,"column":5}}},"5":{"name":"(anonymous_5)","decl":{"start":{"line":30,"column":12},"end":{"line":null,"column":-1}},"loc":{"start":{"line":30,"column":12},"end":{"line":32,"column":13}}},"6":{"name":"(anonymous_6)","decl":{"start":{"line":33,"column":12},"end":{"line":33,"column":11}},"loc":{"start":{"line":33,"column":20},"end":{"line":40,"column":13}}}},"branchMap":{"0":{"loc":{"start":{"line":35,"column":16},"end":{"line":39,"column":17}},"type":"if","locations":[{"start":{"line":35,"column":16},"end":{"line":39,"column":17}},{"start":{"line":35,"column":16},"end":{"line":39,"column":17}}]},"1":{"loc":{"start":{"line":35,"column":20},"end":{"line":35,"column":43}},"type":"binary-expr","locations":[{"start":{"line":35,"column":20},"end":{"line":35,"column":43}},{"start":{"line":35,"column":47},"end":{"line":35,"column":91}}]},"2":{"loc":{"start":{"line":15,"column":74},"end":{"line":15,"column":95}},"type":"binary-expr","locations":[{"start":{"line":15,"column":74},"end":{"line":15,"column":95}},{"start":{"line":15,"column":74},"end":{"line":15,"column":95}}]},"3":{"loc":{"start":{"line":15,"column":50},"end":{"line":15,"column":74}},"type":"binary-expr","locations":[{"start":{"line":15,"column":50},"end":{"line":15,"column":74}}]},"4":{"loc":{"start":{"line":15,"column":74},"end":{"line":15,"column":106}},"type":"binary-expr","locations":[{"start":{"line":15,"column":74},"end":{"line":15,"column":106}},{"start":{"line":15,"column":106},"end":{"line":15,"column":125}},{"start":{"line":15,"column":106},"end":{"line":15,"column":125}}]},"5":{"loc":{"start":{"line":15,"column":74},"end":{"line":15,"column":106}},"type":"binary-expr","locations":[{"start":{"line":15,"column":74},"end":{"line":15,"column":106}},{"start":{"line":15,"column":96},"end":{"line":15,"column":106}}]},"6":{"loc":{"start":{"line":15,"column":106},"end":{"line":15,"column":134}},"type":"binary-expr","locations":[{"start":{"line":15,"column":106},"end":{"line":15,"column":134}},{"start":{"line":15,"column":134},"end":{"line":null,"column":-1}},{"start":{"line":15,"column":134},"end":{"line":null,"column":-1}}]},"7":{"loc":{"start":{"line":15,"column":106},"end":{"line":15,"column":134}},"type":"binary-expr","locations":[{"start":{"line":15,"column":106},"end":{"line":15,"column":134}},{"start":{"line":15,"column":126},"end":{"line":15,"column":134}}]}},"s":{"0":1,"1":1,"2":1,"3":1,"4":5,"5":5,"6":5,"7":1,"8":5,"9":1,"10":1,"11":1,"12":3,"13":3,"14":3,"15":3,"16":1,"17":2,"18":2,"19":1,"20":1,"21":1,"22":1,"23":1},"f":{"0":1,"1":5,"2":5,"3":1,"4":3,"5":1,"6":2},"b":{"0":[1,1],"1":[2,1],"2":[1,0],"3":[1],"4":[1,1,0],"5":[1,1],"6":[1,1,0],"7":[1,1]}}
,"/home/vagrant/Documents/devops/src/main/webapp/app/account/password-reset/init/password-reset-init.service.ts": {"path":"/home/vagrant/Documents/devops/src/main/webapp/app/account/password-reset/init/password-reset-init.service.ts","statementMap":{"0":{"start":{"line":1,"column":0},"end":{"line":1,"column":42}},"1":{"start":{"line":2,"column":0},"end":{"line":2,"column":49}},"2":{"start":{"line":5,"column":0},"end":{"line":5,"column":50}},"3":{"start":{"line":8,"column":0},"end":{"line":14,"column":0}},"4":{"start":{"line":9,"column":24},"end":{"line":9,"column":40}},"5":{"start":{"line":11,"column":4},"end":{"line":13,"column":5}},"6":{"start":{"line":12,"column":8},"end":{"line":12,"column":88}},"7":{"start":{"line":8,"column":13},"end":{"line":14,"column":1}},"8":{"start":{"line":14,"column":0},"end":{"line":14,"column":1}},"9":{"start":{"line":8,"column":13},"end":{"line":8,"column":37}}},"fnMap":{"0":{"name":"(anonymous_0)","decl":{"start":{"line":8,"column":0},"end":{"line":null,"column":-1}},"loc":{"start":{"line":8,"column":0},"end":{"line":8,"column":-1}}},"1":{"name":"PasswordResetInitService","decl":{"start":{"line":9,"column":4},"end":{"line":9,"column":23}},"loc":{"start":{"line":9,"column":40},"end":{"line":9,"column":44}}},"2":{"name":"(anonymous_2)","decl":{"start":{"line":11,"column":4},"end":{"line":11,"column":8}},"loc":{"start":{"line":11,"column":21},"end":{"line":13,"column":5}}}},"branchMap":{"0":{"loc":{"start":{"line":9,"column":40},"end":{"line":null,"column":-1}},"type":"binary-expr","locations":[{"start":{"line":9,"column":40},"end":{"line":null,"column":-1}},{"start":{"line":9,"column":40},"end":{"line":null,"column":-1}}]},"1":{"loc":{"start":{"line":9,"column":30},"end":{"line":9,"column":40}},"type":"binary-expr","locations":[{"start":{"line":9,"column":30},"end":{"line":9,"column":40}}]}},"s":{"0":1,"1":1,"2":1,"3":1,"4":5,"5":1,"6":0,"7":1,"8":1,"9":1},"f":{"0":1,"1":5,"2":0},"b":{"0":[1,0],"1":[1]}}
,"/home/vagrant/Documents/devops/src/main/webapp/app/account/register/register.component.html": {"path":"/home/vagrant/Documents/devops/src/main/webapp/app/account/register/register.component.html","statementMap":{"0":{"start":{"line":1,"column":0},"end":{"line":125,"column":2}}},"fnMap":{},"branchMap":{},"s":{"0":1},"f":{},"b":{},"_coverageSchema":"332fd63041d2c1bcb487cc26dd0d5f7d97098a6c","hash":"eded07ee278254a7a3d4030a8d13fecea024dd32"}
,"/home/vagrant/Documents/devops/src/main/webapp/app/account/register/register.component.ts": {"path":"/home/vagrant/Documents/devops/src/main/webapp/app/account/register/register.component.ts","statementMap":{"0":{"start":{"line":1,"column":0},"end":{"line":1,"column":86}},"1":{"start":{"line":5,"column":0},"end":{"line":5,"column":77}},"2":{"start":{"line":6,"column":0},"end":{"line":6,"column":44}},"3":{"start":{"line":7,"column":0},"end":{"line":7,"column":45}},"4":{"start":{"line":13,"column":0},"end":{"line":71,"column":0}},"5":{"start":{"line":24,"column":16},"end":{"line":24,"column":52}},"6":{"start":{"line":25,"column":16},"end":{"line":25,"column":41}},"7":{"start":{"line":26,"column":16},"end":{"line":26,"column":38}},"8":{"start":{"line":27,"column":16},"end":{"line":27,"column":34}},"9":{"start":{"line":30,"column":4},"end":{"line":33,"column":5}},"10":{"start":{"line":31,"column":8},"end":{"line":31,"column":29}},"11":{"start":{"line":32,"column":8},"end":{"line":32,"column":34}},"12":{"start":{"line":35,"column":4},"end":{"line":37,"column":5}},"13":{"start":{"line":36,"column":8},"end":{"line":36,"column":110}},"14":{"start":{"line":39,"column":4},"end":{"line":55,"column":5}},"15":{"start":{"line":39,"column":4},"end":{"line":55,"column":4}},"16":{"start":{"line":40,"column":8},"end":{"line":54,"column":9}},"17":{"start":{"line":41,"column":12},"end":{"line":41,"column":38}},"18":{"start":{"line":43,"column":12},"end":{"line":43,"column":35}},"19":{"start":{"line":44,"column":12},"end":{"line":44,"column":30}},"20":{"start":{"line":45,"column":12},"end":{"line":45,"column":40}},"21":{"start":{"line":46,"column":12},"end":{"line":46,"column":41}},"22":{"start":{"line":47,"column":12},"end":{"line":47,"column":48}},"23":{"start":{"line":48,"column":12},"end":{"line":53,"column":14}},"24":{"start":{"line":50,"column":20},"end":{"line":50,"column":40}},"25":{"start":{"line":52,"column":28},"end":{"line":52,"column":55}},"26":{"start":{"line":57,"column":4},"end":{"line":59,"column":5}},"27":{"start":{"line":58,"column":8},"end":{"line":58,"column":54}},"28":{"start":{"line":61,"column":12},"end":{"line":70,"column":5}},"29":{"start":{"line":62,"column":8},"end":{"line":62,"column":28}},"30":{"start":{"line":63,"column":8},"end":{"line":69,"column":9}},"31":{"start":{"line":64,"column":12},"end":{"line":64,"column":43}},"32":{"start":{"line":65,"column":15},"end":{"line":69,"column":9}},"33":{"start":{"line":66,"column":12},"end":{"line":66,"column":44}},"34":{"start":{"line":68,"column":12},"end":{"line":68,"column":33}},"35":{"start":{"line":13,"column":13},"end":{"line":71,"column":1}},"36":{"start":{"line":71,"column":0},"end":{"line":71,"column":1}},"37":{"start":{"line":13,"column":13},"end":{"line":13,"column":30}}},"fnMap":{"0":{"name":"(anonymous_0)","decl":{"start":{"line":13,"column":0},"end":{"line":null,"column":-1}},"loc":{"start":{"line":13,"column":0},"end":{"line":13,"column":-1}}},"1":{"name":"RegisterComponent","decl":{"start":{"line":23,"column":4},"end":{"line":24,"column":15}},"loc":{"start":{"line":27,"column":34},"end":{"line":28,"column":8}}},"2":{"name":"(anonymous_2)","decl":{"start":{"line":30,"column":4},"end":{"line":null,"column":-1}},"loc":{"start":{"line":30,"column":4},"end":{"line":33,"column":5}}},"3":{"name":"(anonymous_3)","decl":{"start":{"line":35,"column":4},"end":{"line":null,"column":-1}},"loc":{"start":{"line":35,"column":4},"end":{"line":37,"column":5}}},"4":{"name":"(anonymous_4)","decl":{"start":{"line":39,"column":4},"end":{"line":null,"column":-1}},"loc":{"start":{"line":39,"column":4},"end":{"line":55,"column":5}}},"5":{"name":"(anonymous_5)","decl":{"start":{"line":49,"column":16},"end":{"line":null,"column":-1}},"loc":{"start":{"line":49,"column":16},"end":{"line":51,"column":17}}},"6":{"name":"(anonymous_6)","decl":{"start":{"line":52,"column":16},"end":{"line":52,"column":15}},"loc":{"start":{"line":52,"column":24},"end":{"line":52,"column":55}}},"7":{"name":"(anonymous_7)","decl":{"start":{"line":57,"column":4},"end":{"line":null,"column":-1}},"loc":{"start":{"line":57,"column":4},"end":{"line":59,"column":5}}},"8":{"name":"(anonymous_8)","decl":{"start":{"line":61,"column":4},"end":{"line":61,"column":24}},"loc":{"start":{"line":61,"column":52},"end":{"line":70,"column":5}}}},"branchMap":{"0":{"loc":{"start":{"line":40,"column":8},"end":{"line":54,"column":9}},"type":"if","locations":[{"start":{"line":40,"column":8},"end":{"line":54,"column":9}},{"start":{"line":40,"column":8},"end":{"line":54,"column":9}}]},"1":{"loc":{"start":{"line":63,"column":8},"end":{"line":69,"column":9}},"type":"if","locations":[{"start":{"line":63,"column":8},"end":{"line":69,"column":9}},{"start":{"line":63,"column":8},"end":{"line":69,"column":9}}]},"2":{"loc":{"start":{"line":63,"column":12},"end":{"line":63,"column":35}},"type":"binary-expr","locations":[{"start":{"line":63,"column":12},"end":{"line":63,"column":35}},{"start":{"line":63,"column":39},"end":{"line":63,"column":86}}]},"3":{"loc":{"start":{"line":65,"column":15},"end":{"line":69,"column":9}},"type":"if","locations":[{"start":{"line":65,"column":15},"end":{"line":69,"column":9}},{"start":{"line":65,"column":15},"end":{"line":69,"column":9}}]},"4":{"loc":{"start":{"line":65,"column":19},"end":{"line":65,"column":42}},"type":"binary-expr","locations":[{"start":{"line":65,"column":19},"end":{"line":65,"column":42}},{"start":{"line":65,"column":46},"end":{"line":65,"column":93}}]},"5":{"loc":{"start":{"line":24,"column":52},"end":{"line":25,"column":32}},"type":"binary-expr","locations":[{"start":{"line":24,"column":52},"end":{"line":25,"column":32}},{"start":{"line":24,"column":52},"end":{"line":25,"column":32}}]},"6":{"loc":{"start":{"line":24,"column":35},"end":{"line":24,"column":52}},"type":"binary-expr","locations":[{"start":{"line":24,"column":35},"end":{"line":24,"column":52}}]},"7":{"loc":{"start":{"line":24,"column":52},"end":{"line":25,"column":41}},"type":"binary-expr","locations":[{"start":{"line":24,"column":52},"end":{"line":25,"column":41}},{"start":{"line":25,"column":41},"end":{"line":26,"column":27}},{"start":{"line":25,"column":41},"end":{"line":26,"column":27}}]},"8":{"loc":{"start":{"line":24,"column":52},"end":{"line":25,"column":41}},"type":"binary-expr","locations":[{"start":{"line":24,"column":52},"end":{"line":25,"column":41}},{"start":{"line":25,"column":33},"end":{"line":25,"column":41}}]},"9":{"loc":{"start":{"line":25,"column":41},"end":{"line":26,"column":38}},"type":"binary-expr","locations":[{"start":{"line":25,"column":41},"end":{"line":26,"column":38}},{"start":{"line":26,"column":38},"end":{"line":27,"column":25}},{"start":{"line":26,"column":38},"end":{"line":27,"column":25}}]},"10":{"loc":{"start":{"line":25,"column":41},"end":{"line":26,"column":38}},"type":"binary-expr","locations":[{"start":{"line":25,"column":41},"end":{"line":26,"column":38}},{"start":{"line":26,"column":28},"end":{"line":26,"column":38}}]},"11":{"loc":{"start":{"line":26,"column":38},"end":{"line":27,"column":34}},"type":"binary-expr","locations":[{"start":{"line":26,"column":38},"end":{"line":27,"column":34}},{"start":{"line":27,"column":34},"end":{"line":null,"column":-1}},{"start":{"line":27,"column":34},"end":{"line":null,"column":-1}}]},"12":{"loc":{"start":{"line":26,"column":38},"end":{"line":27,"column":34}},"type":"binary-expr","locations":[{"start":{"line":26,"column":38},"end":{"line":27,"column":34}},{"start":{"line":27,"column":26},"end":{"line":27,"column":34}}]}},"s":{"0":1,"1":1,"2":1,"3":1,"4":1,"5":5,"6":5,"7":5,"8":5,"9":1,"10":5,"11":5,"12":1,"13":0,"14":1,"15":5,"16":5,"17":1,"18":4,"19":4,"20":4,"21":4,"22":4,"23":4,"24":1,"25":3,"26":1,"27":0,"28":1,"29":3,"30":3,"31":1,"32":2,"33":1,"34":1,"35":1,"36":1,"37":1},"f":{"0":1,"1":5,"2":5,"3":0,"4":5,"5":1,"6":3,"7":0,"8":3},"b":{"0":[1,4],"1":[1,2],"2":[3,2],"3":[1,1],"4":[2,1],"5":[1,0],"6":[1],"7":[1,1,0],"8":[1,1],"9":[1,1,0],"10":[1,1],"11":[1,1,0],"12":[1,1]}}
,"/home/vagrant/Documents/devops/src/main/webapp/app/account/register/register.service.ts": {"path":"/home/vagrant/Documents/devops/src/main/webapp/app/account/register/register.service.ts","statementMap":{"0":{"start":{"line":1,"column":0},"end":{"line":1,"column":42}},"1":{"start":{"line":2,"column":0},"end":{"line":2,"column":49}},"2":{"start":{"line":5,"column":0},"end":{"line":5,"column":50}},"3":{"start":{"line":8,"column":0},"end":{"line":14,"column":0}},"4":{"start":{"line":9,"column":24},"end":{"line":9,"column":40}},"5":{"start":{"line":11,"column":4},"end":{"line":13,"column":5}},"6":{"start":{"line":12,"column":8},"end":{"line":12,"column":72}},"7":{"start":{"line":8,"column":13},"end":{"line":14,"column":1}},"8":{"start":{"line":14,"column":0},"end":{"line":14,"column":1}},"9":{"start":{"line":8,"column":13},"end":{"line":8,"column":21}}},"fnMap":{"0":{"name":"(anonymous_0)","decl":{"start":{"line":8,"column":0},"end":{"line":null,"column":-1}},"loc":{"start":{"line":8,"column":0},"end":{"line":8,"column":-1}}},"1":{"name":"Register","decl":{"start":{"line":9,"column":4},"end":{"line":9,"column":23}},"loc":{"start":{"line":9,"column":40},"end":{"line":9,"column":44}}},"2":{"name":"(anonymous_2)","decl":{"start":{"line":11,"column":4},"end":{"line":11,"column":8}},"loc":{"start":{"line":11,"column":21},"end":{"line":13,"column":5}}}},"branchMap":{"0":{"loc":{"start":{"line":9,"column":40},"end":{"line":null,"column":-1}},"type":"binary-expr","locations":[{"start":{"line":9,"column":40},"end":{"line":null,"column":-1}},{"start":{"line":9,"column":40},"end":{"line":null,"column":-1}}]},"1":{"loc":{"start":{"line":9,"column":30},"end":{"line":9,"column":40}},"type":"binary-expr","locations":[{"start":{"line":9,"column":30},"end":{"line":9,"column":40}}]}},"s":{"0":1,"1":1,"2":1,"3":1,"4":5,"5":1,"6":0,"7":1,"8":1,"9":1},"f":{"0":1,"1":5,"2":0},"b":{"0":[1,0],"1":[1]}}
,"/home/vagrant/Documents/devops/src/main/webapp/app/account/settings/settings.component.html": {"path":"/home/vagrant/Documents/devops/src/main/webapp/app/account/settings/settings.component.html","statementMap":{"0":{"start":{"line":1,"column":0},"end":{"line":81,"column":2}}},"fnMap":{},"branchMap":{},"s":{"0":1},"f":{},"b":{},"_coverageSchema":"332fd63041d2c1bcb487cc26dd0d5f7d97098a6c","hash":"bf9c65fcc1b9baaa6780ed0d8e1e6ba4e84b7c5c"}
,"/home/vagrant/Documents/devops/src/main/webapp/app/account/settings/settings.component.ts": {"path":"/home/vagrant/Documents/devops/src/main/webapp/app/account/settings/settings.component.ts","statementMap":{"0":{"start":{"line":1,"column":0},"end":{"line":1,"column":49}},"1":{"start":{"line":3,"column":0},"end":{"line":3,"column":52}},"2":{"start":{"line":9,"column":0},"end":{"line":50,"column":0}},"3":{"start":{"line":15,"column":24},"end":{"line":15,"column":47}},"4":{"start":{"line":15,"column":57},"end":{"line":15,"column":77}},"5":{"start":{"line":17,"column":4},"end":{"line":21,"column":5}},"6":{"start":{"line":17,"column":4},"end":{"line":21,"column":4}},"7":{"start":{"line":18,"column":8},"end":{"line":20,"column":11}},"8":{"start":{"line":19,"column":12},"end":{"line":19,"column":61}},"9":{"start":{"line":23,"column":4},"end":{"line":37,"column":5}},"10":{"start":{"line":23,"column":4},"end":{"line":37,"column":4}},"11":{"start":{"line":24,"column":8},"end":{"line":36,"column":10}},"12":{"start":{"line":26,"column":16},"end":{"line":26,"column":34}},"13":{"start":{"line":27,"column":16},"end":{"line":27,"column":36}},"14":{"start":{"line":28,"column":16},"end":{"line":30,"column":19}},"15":{"start":{"line":29,"column":20},"end":{"line":29,"column":69}},"16":{"start":{"line":33,"column":16},"end":{"line":33,"column":36}},"17":{"start":{"line":34,"column":16},"end":{"line":34,"column":37}},"18":{"start":{"line":39,"column":4},"end":{"line":49,"column":5}},"19":{"start":{"line":40,"column":8},"end":{"line":48,"column":10}},"20":{"start":{"line":9,"column":13},"end":{"line":50,"column":1}},"21":{"start":{"line":50,"column":0},"end":{"line":50,"column":1}},"22":{"start":{"line":9,"column":13},"end":{"line":9,"column":30}}},"fnMap":{"0":{"name":"(anonymous_0)","decl":{"start":{"line":9,"column":0},"end":{"line":null,"column":-1}},"loc":{"start":{"line":9,"column":0},"end":{"line":9,"column":-1}}},"1":{"name":"SettingsComponent","decl":{"start":{"line":15,"column":4},"end":{"line":15,"column":23}},"loc":{"start":{"line":15,"column":77},"end":{"line":15,"column":81}}},"2":{"name":"(anonymous_2)","decl":{"start":{"line":17,"column":4},"end":{"line":null,"column":-1}},"loc":{"start":{"line":17,"column":4},"end":{"line":21,"column":5}}},"3":{"name":"(anonymous_3)","decl":{"start":{"line":18,"column":39},"end":{"line":18,"column":38}},"loc":{"start":{"line":18,"column":46},"end":{"line":20,"column":9}}},"4":{"name":"(anonymous_4)","decl":{"start":{"line":23,"column":4},"end":{"line":null,"column":-1}},"loc":{"start":{"line":23,"column":4},"end":{"line":37,"column":5}}},"5":{"name":"(anonymous_5)","decl":{"start":{"line":25,"column":12},"end":{"line":null,"column":-1}},"loc":{"start":{"line":25,"column":12},"end":{"line":31,"column":13}}},"6":{"name":"(anonymous_6)","decl":{"start":{"line":28,"column":51},"end":{"line":28,"column":50}},"loc":{"start":{"line":28,"column":58},"end":{"line":30,"column":17}}},"7":{"name":"(anonymous_7)","decl":{"start":{"line":32,"column":12},"end":{"line":null,"column":-1}},"loc":{"start":{"line":32,"column":12},"end":{"line":35,"column":13}}},"8":{"name":"(anonymous_8)","decl":{"start":{"line":39,"column":4},"end":{"line":39,"column":15}},"loc":{"start":{"line":39,"column":23},"end":{"line":49,"column":5}}}},"branchMap":{"0":{"loc":{"start":{"line":15,"column":47},"end":{"line":15,"column":67}},"type":"binary-expr","locations":[{"start":{"line":15,"column":47},"end":{"line":15,"column":67}},{"start":{"line":15,"column":47},"end":{"line":15,"column":67}}]},"1":{"loc":{"start":{"line":15,"column":33},"end":{"line":15,"column":47}},"type":"binary-expr","locations":[{"start":{"line":15,"column":33},"end":{"line":15,"column":47}}]},"2":{"loc":{"start":{"line":15,"column":47},"end":{"line":15,"column":77}},"type":"binary-expr","locations":[{"start":{"line":15,"column":47},"end":{"line":15,"column":77}},{"start":{"line":15,"column":77},"end":{"line":null,"column":-1}},{"start":{"line":15,"column":77},"end":{"line":null,"column":-1}}]},"3":{"loc":{"start":{"line":15,"column":47},"end":{"line":15,"column":77}},"type":"binary-expr","locations":[{"start":{"line":15,"column":47},"end":{"line":15,"column":77}},{"start":{"line":15,"column":68},"end":{"line":15,"column":77}}]}},"s":{"0":1,"1":1,"2":1,"3":3,"4":3,"5":1,"6":0,"7":0,"8":0,"9":1,"10":3,"11":3,"12":2,"13":2,"14":2,"15":2,"16":1,"17":1,"18":1,"19":2,"20":1,"21":1,"22":1},"f":{"0":1,"1":3,"2":0,"3":0,"4":3,"5":2,"6":2,"7":1,"8":2},"b":{"0":[1,0],"1":[1],"2":[1,1,0],"3":[1,1]}}
,"/home/vagrant/Documents/devops/src/main/webapp/app/admin/admin.route.ts": {"path":"/home/vagrant/Documents/devops/src/main/webapp/app/admin/admin.route.ts","statementMap":{"0":{"start":{"line":3,"column":0},"end":{"line":3,"column":116}},"1":{"start":{"line":5,"column":0},"end":{"line":5,"column":49}},"2":{"start":{"line":7,"column":18},"end":{"line":7,"column":121}},"3":{"start":{"line":9,"column":13},"end":{"line":18,"column":2}}},"fnMap":{},"branchMap":{},"s":{"0":2,"1":2,"2":2,"3":2},"f":{},"b":{}}
,"/home/vagrant/Documents/devops/src/main/webapp/app/admin/index.ts": {"path":"/home/vagrant/Documents/devops/src/main/webapp/app/admin/index.ts","statementMap":{"0":{"start":{"line":1,"column":0},"end":{"line":1,"column":42}},"1":{"start":{"line":2,"column":0},"end":{"line":2,"column":40}},"2":{"start":{"line":3,"column":0},"end":{"line":3,"column":38}},"3":{"start":{"line":4,"column":0},"end":{"line":4,"column":37}},"4":{"start":{"line":5,"column":0},"end":{"line":5,"column":42}},"5":{"start":{"line":6,"column":0},"end":{"line":6,"column":56}},"6":{"start":{"line":7,"column":0},"end":{"line":7,"column":54}},"7":{"start":{"line":8,"column":0},"end":{"line":8,"column":52}},"8":{"start":{"line":9,"column":0},"end":{"line":9,"column":38}},"9":{"start":{"line":10,"column":0},"end":{"line":10,"column":34}},"10":{"start":{"line":11,"column":0},"end":{"line":11,"column":42}},"11":{"start":{"line":12,"column":0},"end":{"line":12,"column":48}},"12":{"start":{"line":13,"column":0},"end":{"line":13,"column":40}},"13":{"start":{"line":14,"column":0},"end":{"line":14,"column":38}},"14":{"start":{"line":15,"column":0},"end":{"line":15,"column":38}},"15":{"start":{"line":16,"column":0},"end":{"line":16,"column":36}},"16":{"start":{"line":17,"column":0},"end":{"line":17,"column":34}},"17":{"start":{"line":18,"column":0},"end":{"line":18,"column":33}},"18":{"start":{"line":19,"column":0},"end":{"line":19,"column":44}},"19":{"start":{"line":20,"column":0},"end":{"line":20,"column":50}},"20":{"start":{"line":21,"column":0},"end":{"line":21,"column":42}},"21":{"start":{"line":22,"column":0},"end":{"line":22,"column":40}},"22":{"start":{"line":23,"column":0},"end":{"line":23,"column":67}},"23":{"start":{"line":24,"column":0},"end":{"line":24,"column":74}},"24":{"start":{"line":25,"column":0},"end":{"line":25,"column":67}},"25":{"start":{"line":26,"column":0},"end":{"line":26,"column":60}},"26":{"start":{"line":27,"column":0},"end":{"line":27,"column":56}},"27":{"start":{"line":28,"column":0},"end":{"line":28,"column":30}}},"fnMap":{},"branchMap":{},"s":{"0":2,"1":2,"2":2,"3":2,"4":2,"5":2,"6":2,"7":2,"8":2,"9":2,"10":2,"11":2,"12":2,"13":2,"14":2,"15":2,"16":2,"17":2,"18":2,"19":2,"20":2,"21":2,"22":2,"23":2,"24":2,"25":2,"26":2,"27":2},"f":{},"b":{}}
,"/home/vagrant/Documents/devops/src/main/webapp/app/admin/audits/audit-data.model.ts": {"path":"/home/vagrant/Documents/devops/src/main/webapp/app/admin/audits/audit-data.model.ts","statementMap":{"0":{"start":{"line":1,"column":0},"end":{"line":3,"column":0}},"1":{"start":{"line":2,"column":23},"end":{"line":2,"column":44}},"2":{"start":{"line":2,"column":53},"end":{"line":2,"column":70}},"3":{"start":{"line":3,"column":0},"end":{"line":3,"column":1}},"4":{"start":{"line":1,"column":13},"end":{"line":1,"column":22}}},"fnMap":{"0":{"name":"(anonymous_0)","decl":{"start":{"line":1,"column":0},"end":{"line":null,"column":-1}},"loc":{"start":{"line":1,"column":0},"end":{"line":1,"column":-1}}},"1":{"name":"AuditData","decl":{"start":{"line":2,"column":4},"end":{"line":2,"column":22}},"loc":{"start":{"line":2,"column":70},"end":{"line":2,"column":74}}}},"branchMap":{},"s":{"0":2,"1":0,"2":0,"3":2,"4":2},"f":{"0":2,"1":0},"b":{}}
,"/home/vagrant/Documents/devops/src/main/webapp/app/admin/audits/audit.model.ts": {"path":"/home/vagrant/Documents/devops/src/main/webapp/app/admin/audits/audit.model.ts","statementMap":{"0":{"start":{"line":3,"column":0},"end":{"line":5,"column":0}},"1":{"start":{"line":4,"column":23},"end":{"line":4,"column":38}},"2":{"start":{"line":4,"column":47},"end":{"line":4,"column":64}},"3":{"start":{"line":4,"column":73},"end":{"line":4,"column":90}},"4":{"start":{"line":4,"column":99},"end":{"line":4,"column":111}},"5":{"start":{"line":5,"column":0},"end":{"line":5,"column":1}},"6":{"start":{"line":3,"column":13},"end":{"line":3,"column":18}}},"fnMap":{"0":{"name":"(anonymous_0)","decl":{"start":{"line":3,"column":0},"end":{"line":null,"column":-1}},"loc":{"start":{"line":3,"column":0},"end":{"line":3,"column":-1}}},"1":{"name":"Audit","decl":{"start":{"line":4,"column":4},"end":{"line":4,"column":22}},"loc":{"start":{"line":4,"column":111},"end":{"line":4,"column":115}}}},"branchMap":{},"s":{"0":4,"1":2,"2":2,"3":2,"4":2,"5":4,"6":4},"f":{"0":4,"1":2},"b":{}}
,"/home/vagrant/Documents/devops/src/main/webapp/app/admin/audits/audits.component.html": {"path":"/home/vagrant/Documents/devops/src/main/webapp/app/admin/audits/audits.component.html","statementMap":{"0":{"start":{"line":1,"column":0},"end":{"line":53,"column":2}}},"fnMap":{},"branchMap":{},"s":{"0":3},"f":{},"b":{},"_coverageSchema":"332fd63041d2c1bcb487cc26dd0d5f7d97098a6c","hash":"922c7c47b683f3fc69d06c00c5b21c8787f59089"}
,"/home/vagrant/Documents/devops/src/main/webapp/app/admin/audits/audits.component.ts": {"path":"/home/vagrant/Documents/devops/src/main/webapp/app/admin/audits/audits.component.ts","statementMap":{"0":{"start":{"line":1,"column":0},"end":{"line":1,"column":60}},"1":{"start":{"line":3,"column":0},"end":{"line":3,"column":42}},"2":{"start":{"line":4,"column":0},"end":{"line":4,"column":56}},"3":{"start":{"line":5,"column":0},"end":{"line":5,"column":60}},"4":{"start":{"line":7,"column":0},"end":{"line":7,"column":43}},"5":{"start":{"line":9,"column":0},"end":{"line":9,"column":48}},"6":{"start":{"line":15,"column":0},"end":{"line":128,"column":0}},"7":{"start":{"line":29,"column":4},"end":{"line":44,"column":4}},"8":{"start":{"line":30,"column":16},"end":{"line":30,"column":44}},"9":{"start":{"line":31,"column":16},"end":{"line":31,"column":45}},"10":{"start":{"line":32,"column":16},"end":{"line":32,"column":41}},"11":{"start":{"line":33,"column":16},"end":{"line":33,"column":46}},"12":{"start":{"line":34,"column":16},"end":{"line":34,"column":34}},"13":{"start":{"line":35,"column":16},"end":{"line":35,"column":30}},"14":{"start":{"line":37,"column":8},"end":{"line":37,"column":43}},"15":{"start":{"line":38,"column":8},"end":{"line":43,"column":11}},"16":{"start":{"line":39,"column":12},"end":{"line":39,"column":50}},"17":{"start":{"line":40,"column":12},"end":{"line":40,"column":58}},"18":{"start":{"line":41,"column":12},"end":{"line":41,"column":58}},"19":{"start":{"line":42,"column":12},"end":{"line":42,"column":60}},"20":{"start":{"line":46,"column":4},"end":{"line":50,"column":5}},"21":{"start":{"line":47,"column":8},"end":{"line":47,"column":21}},"22":{"start":{"line":48,"column":8},"end":{"line":48,"column":29}},"23":{"start":{"line":49,"column":8},"end":{"line":49,"column":23}},"24":{"start":{"line":52,"column":4},"end":{"line":54,"column":5}},"25":{"start":{"line":53,"column":8},"end":{"line":53,"column":37}},"26":{"start":{"line":56,"column":4},"end":{"line":67,"column":5}},"27":{"start":{"line":57,"column":27},"end":{"line":57,"column":39}},"28":{"start":{"line":58,"column":29},"end":{"line":58,"column":39}},"29":{"start":{"line":60,"column":8},"end":{"line":64,"column":9}},"30":{"start":{"line":61,"column":12},"end":{"line":61,"column":84}},"31":{"start":{"line":63,"column":12},"end":{"line":63,"column":101}},"32":{"start":{"line":66,"column":8},"end":{"line":66,"column":70}},"33":{"start":{"line":69,"column":4},"end":{"line":76,"column":5}},"34":{"start":{"line":70,"column":27},"end":{"line":70,"column":39}},"35":{"start":{"line":72,"column":28},"end":{"line":72,"column":38}},"36":{"start":{"line":73,"column":8},"end":{"line":73,"column":43}},"37":{"start":{"line":74,"column":21},"end":{"line":74,"column":85}},"38":{"start":{"line":75,"column":8},"end":{"line":75,"column":64}},"39":{"start":{"line":78,"column":4},"end":{"line":91,"column":5}},"40":{"start":{"line":78,"column":4},"end":{"line":91,"column":4}},"41":{"start":{"line":79,"column":8},"end":{"line":90,"column":14}},"42":{"start":{"line":88,"column":48},"end":{"line":88,"column":85}},"43":{"start":{"line":89,"column":44},"end":{"line":89,"column":66}},"44":{"start":{"line":93,"column":4},"end":{"line":99,"column":5}},"45":{"start":{"line":94,"column":23},"end":{"line":94,"column":79}},"46":{"start":{"line":95,"column":8},"end":{"line":97,"column":9}},"47":{"start":{"line":96,"column":12},"end":{"line":96,"column":30}},"48":{"start":{"line":98,"column":8},"end":{"line":98,"column":22}},"49":{"start":{"line":101,"column":4},"end":{"line":106,"column":5}},"50":{"start":{"line":102,"column":8},"end":{"line":105,"column":9}},"51":{"start":{"line":103,"column":12},"end":{"line":103,"column":37}},"52":{"start":{"line":104,"column":12},"end":{"line":104,"column":30}},"53":{"start":{"line":108,"column":4},"end":{"line":116,"column":5}},"54":{"start":{"line":109,"column":8},"end":{"line":114,"column":11}},"55":{"start":{"line":115,"column":8},"end":{"line":115,"column":23}},"56":{"start":{"line":118,"column":12},"end":{"line":123,"column":5}},"57":{"start":{"line":119,"column":8},"end":{"line":119,"column":64}},"58":{"start":{"line":120,"column":8},"end":{"line":120,"column":55}},"59":{"start":{"line":121,"column":8},"end":{"line":121,"column":42}},"60":{"start":{"line":122,"column":8},"end":{"line":122,"column":27}},"61":{"start":{"line":125,"column":12},"end":{"line":127,"column":5}},"62":{"start":{"line":126,"column":8},"end":{"line":126,"column":66}},"63":{"start":{"line":15,"column":13},"end":{"line":128,"column":1}},"64":{"start":{"line":128,"column":0},"end":{"line":128,"column":1}},"65":{"start":{"line":15,"column":13},"end":{"line":15,"column":28}}},"fnMap":{"0":{"name":"(anonymous_0)","decl":{"start":{"line":15,"column":0},"end":{"line":null,"column":-1}},"loc":{"start":{"line":15,"column":0},"end":{"line":15,"column":-1}}},"1":{"name":"AuditsComponent","decl":{"start":{"line":29,"column":4},"end":{"line":30,"column":15}},"loc":{"start":{"line":35,"column":30},"end":{"line":44,"column":5}}},"2":{"name":"(anonymous_2)","decl":{"start":{"line":38,"column":60},"end":{"line":38,"column":59}},"loc":{"start":{"line":38,"column":64},"end":{"line":43,"column":9}}},"3":{"name":"(anonymous_3)","decl":{"start":{"line":46,"column":4},"end":{"line":null,"column":-1}},"loc":{"start":{"line":46,"column":4},"end":{"line":50,"column":5}}},"4":{"name":"(anonymous_4)","decl":{"start":{"line":52,"column":4},"end":{"line":null,"column":-1}},"loc":{"start":{"line":52,"column":4},"end":{"line":54,"column":5}}},"5":{"name":"(anonymous_5)","decl":{"start":{"line":56,"column":4},"end":{"line":null,"column":-1}},"loc":{"start":{"line":56,"column":4},"end":{"line":67,"column":5}}},"6":{"name":"(anonymous_6)","decl":{"start":{"line":69,"column":4},"end":{"line":null,"column":-1}},"loc":{"start":{"line":69,"column":4},"end":{"line":76,"column":5}}},"7":{"name":"(anonymous_7)","decl":{"start":{"line":78,"column":4},"end":{"line":null,"column":-1}},"loc":{"start":{"line":78,"column":4},"end":{"line":91,"column":5}}},"8":{"name":"(anonymous_8)","decl":{"start":{"line":88,"column":16},"end":{"line":88,"column":16}},"loc":{"start":{"line":88,"column":43},"end":{"line":88,"column":85}}},"9":{"name":"(anonymous_9)","decl":{"start":{"line":89,"column":16},"end":{"line":89,"column":16}},"loc":{"start":{"line":89,"column":39},"end":{"line":89,"column":66}}},"10":{"name":"(anonymous_10)","decl":{"start":{"line":93,"column":4},"end":{"line":null,"column":-1}},"loc":{"start":{"line":93,"column":4},"end":{"line":99,"column":5}}},"11":{"name":"(anonymous_11)","decl":{"start":{"line":101,"column":4},"end":{"line":101,"column":12}},"loc":{"start":{"line":101,"column":25},"end":{"line":106,"column":5}}},"12":{"name":"(anonymous_12)","decl":{"start":{"line":108,"column":4},"end":{"line":null,"column":-1}},"loc":{"start":{"line":108,"column":4},"end":{"line":116,"column":5}}},"13":{"name":"(anonymous_13)","decl":{"start":{"line":118,"column":4},"end":{"line":118,"column":21}},"loc":{"start":{"line":118,"column":35},"end":{"line":123,"column":5}}},"14":{"name":"(anonymous_14)","decl":{"start":{"line":125,"column":4},"end":{"line":125,"column":19}},"loc":{"start":{"line":125,"column":25},"end":{"line":127,"column":5}}}},"branchMap":{"0":{"loc":{"start":{"line":60,"column":8},"end":{"line":64,"column":9}},"type":"if","locations":[{"start":{"line":60,"column":8},"end":{"line":64,"column":9}},{"start":{"line":60,"column":8},"end":{"line":64,"column":9}}]},"1":{"loc":{"start":{"line":94,"column":63},"end":{"line":94,"column":68}},"type":"cond-expr","locations":[{"start":{"line":94,"column":63},"end":{"line":94,"column":68}},{"start":{"line":94,"column":71},"end":{"line":94,"column":77}}]},"2":{"loc":{"start":{"line":95,"column":8},"end":{"line":97,"column":9}},"type":"if","locations":[{"start":{"line":95,"column":8},"end":{"line":97,"column":9}},{"start":{"line":95,"column":8},"end":{"line":97,"column":9}}]},"3":{"loc":{"start":{"line":102,"column":8},"end":{"line":105,"column":9}},"type":"if","locations":[{"start":{"line":102,"column":8},"end":{"line":105,"column":9}},{"start":{"line":102,"column":8},"end":{"line":105,"column":9}}]},"4":{"loc":{"start":{"line":112,"column":61},"end":{"line":112,"column":66}},"type":"cond-expr","locations":[{"start":{"line":112,"column":61},"end":{"line":112,"column":66}},{"start":{"line":112,"column":69},"end":{"line":112,"column":75}}]},"5":{"loc":{"start":{"line":30,"column":44},"end":{"line":31,"column":29}},"type":"binary-expr","locations":[{"start":{"line":30,"column":44},"end":{"line":31,"column":29}},{"start":{"line":30,"column":44},"end":{"line":31,"column":29}}]},"6":{"loc":{"start":{"line":30,"column":31},"end":{"line":30,"column":44}},"type":"binary-expr","locations":[{"start":{"line":30,"column":31},"end":{"line":30,"column":44}}]},"7":{"loc":{"start":{"line":30,"column":44},"end":{"line":31,"column":45}},"type":"binary-expr","locations":[{"start":{"line":30,"column":44},"end":{"line":31,"column":45}},{"start":{"line":31,"column":45},"end":{"line":32,"column":27}},{"start":{"line":31,"column":45},"end":{"line":32,"column":27}}]},"8":{"loc":{"start":{"line":30,"column":44},"end":{"line":31,"column":45}},"type":"binary-expr","locations":[{"start":{"line":30,"column":44},"end":{"line":31,"column":45}},{"start":{"line":31,"column":30},"end":{"line":31,"column":45}}]},"9":{"loc":{"start":{"line":31,"column":45},"end":{"line":32,"column":41}},"type":"binary-expr","locations":[{"start":{"line":31,"column":45},"end":{"line":32,"column":41}},{"start":{"line":32,"column":41},"end":{"line":33,"column":31}},{"start":{"line":32,"column":41},"end":{"line":33,"column":31}}]},"10":{"loc":{"start":{"line":31,"column":45},"end":{"line":32,"column":41}},"type":"binary-expr","locations":[{"start":{"line":31,"column":45},"end":{"line":32,"column":41}},{"start":{"line":32,"column":28},"end":{"line":32,"column":41}}]},"11":{"loc":{"start":{"line":32,"column":41},"end":{"line":33,"column":46}},"type":"binary-expr","locations":[{"start":{"line":32,"column":41},"end":{"line":33,"column":46}},{"start":{"line":33,"column":46},"end":{"line":34,"column":25}},{"start":{"line":33,"column":46},"end":{"line":34,"column":25}}]},"12":{"loc":{"start":{"line":32,"column":41},"end":{"line":33,"column":46}},"type":"binary-expr","locations":[{"start":{"line":32,"column":41},"end":{"line":33,"column":46}},{"start":{"line":33,"column":32},"end":{"line":33,"column":46}}]},"13":{"loc":{"start":{"line":33,"column":46},"end":{"line":34,"column":34}},"type":"binary-expr","locations":[{"start":{"line":33,"column":46},"end":{"line":34,"column":34}},{"start":{"line":34,"column":34},"end":{"line":35,"column":23}},{"start":{"line":34,"column":34},"end":{"line":35,"column":23}}]},"14":{"loc":{"start":{"line":33,"column":46},"end":{"line":34,"column":34}},"type":"binary-expr","locations":[{"start":{"line":33,"column":46},"end":{"line":34,"column":34}},{"start":{"line":34,"column":26},"end":{"line":34,"column":34}}]},"15":{"loc":{"start":{"line":34,"column":34},"end":{"line":35,"column":30}},"type":"binary-expr","locations":[{"start":{"line":34,"column":34},"end":{"line":35,"column":30}},{"start":{"line":35,"column":30},"end":{"line":null,"column":-1}},{"start":{"line":35,"column":30},"end":{"line":null,"column":-1}}]},"16":{"loc":{"start":{"line":34,"column":34},"end":{"line":35,"column":30}},"type":"binary-expr","locations":[{"start":{"line":34,"column":34},"end":{"line":35,"column":30}},{"start":{"line":35,"column":24},"end":{"line":35,"column":30}}]}},"s":{"0":3,"1":3,"2":3,"3":3,"4":3,"5":3,"6":3,"7":6,"8":6,"9":6,"10":6,"11":6,"12":6,"13":6,"14":6,"15":6,"16":6,"17":6,"18":6,"19":6,"20":3,"21":2,"22":2,"23":2,"24":3,"25":5,"26":3,"27":3,"28":3,"29":3,"30":0,"31":3,"32":3,"33":3,"34":3,"35":3,"36":3,"37":3,"38":3,"39":3,"40":2,"41":2,"42":1,"43":0,"44":3,"45":4,"46":4,"47":1,"48":4,"49":3,"50":0,"51":0,"52":0,"53":3,"54":0,"55":0,"56":3,"57":1,"58":1,"59":1,"60":1,"61":3,"62":0,"63":3,"64":3,"65":3},"f":{"0":3,"1":6,"2":6,"3":2,"4":5,"5":3,"6":3,"7":2,"8":1,"9":0,"10":4,"11":0,"12":0,"13":1,"14":0},"b":{"0":[0,3],"1":[1,3],"2":[1,3],"3":[0,0],"4":[0,0],"5":[3,0],"6":[3],"7":[3,3,0],"8":[3,3],"9":[3,3,0],"10":[3,3],"11":[3,3,0],"12":[3,3],"13":[3,3,0],"14":[3,3],"15":[3,3,0],"16":[3,3]}}
,"/home/vagrant/Documents/devops/src/main/webapp/app/admin/audits/audits.route.ts": {"path":"/home/vagrant/Documents/devops/src/main/webapp/app/admin/audits/audits.route.ts","statementMap":{"0":{"start":{"line":3,"column":0},"end":{"line":3,"column":71}},"1":{"start":{"line":5,"column":0},"end":{"line":5,"column":52}},"2":{"start":{"line":7,"column":13},"end":{"line":17,"column":2}}},"fnMap":{},"branchMap":{},"s":{"0":2,"1":2,"2":2},"f":{},"b":{}}
,"/home/vagrant/Documents/devops/src/main/webapp/app/admin/audits/audits.service.ts": {"path":"/home/vagrant/Documents/devops/src/main/webapp/app/admin/audits/audits.service.ts","statementMap":{"0":{"start":{"line":1,"column":0},"end":{"line":1,"column":42}},"1":{"start":{"line":2,"column":0},"end":{"line":2,"column":75}},"2":{"start":{"line":5,"column":0},"end":{"line":5,"column":48}},"3":{"start":{"line":6,"column":0},"end":{"line":6,"column":50}},"4":{"start":{"line":10,"column":0},"end":{"line":25,"column":0}},"5":{"start":{"line":11,"column":24},"end":{"line":11,"column":40}},"6":{"start":{"line":13,"column":4},"end":{"line":24,"column":5}},"7":{"start":{"line":14,"column":35},"end":{"line":14,"column":59}},"8":{"start":{"line":15,"column":8},"end":{"line":15,"column":45}},"9":{"start":{"line":16,"column":8},"end":{"line":16,"column":41}},"10":{"start":{"line":18,"column":27},"end":{"line":18,"column":63}},"11":{"start":{"line":20,"column":8},"end":{"line":23,"column":11}},"12":{"start":{"line":10,"column":13},"end":{"line":25,"column":1}},"13":{"start":{"line":25,"column":0},"end":{"line":25,"column":1}},"14":{"start":{"line":10,"column":13},"end":{"line":10,"column":26}}},"fnMap":{"0":{"name":"(anonymous_0)","decl":{"start":{"line":10,"column":0},"end":{"line":null,"column":-1}},"loc":{"start":{"line":10,"column":0},"end":{"line":10,"column":-1}}},"1":{"name":"AuditsService","decl":{"start":{"line":11,"column":4},"end":{"line":11,"column":23}},"loc":{"start":{"line":11,"column":40},"end":{"line":11,"column":44}}},"2":{"name":"(anonymous_2)","decl":{"start":{"line":13,"column":4},"end":{"line":13,"column":9}},"loc":{"start":{"line":13,"column":18},"end":{"line":24,"column":5}}}},"branchMap":{"0":{"loc":{"start":{"line":11,"column":40},"end":{"line":null,"column":-1}},"type":"binary-expr","locations":[{"start":{"line":11,"column":40},"end":{"line":null,"column":-1}},{"start":{"line":11,"column":40},"end":{"line":null,"column":-1}}]},"1":{"loc":{"start":{"line":11,"column":30},"end":{"line":11,"column":40}},"type":"binary-expr","locations":[{"start":{"line":11,"column":30},"end":{"line":11,"column":40}}]}},"s":{"0":4,"1":4,"2":4,"3":4,"4":4,"5":9,"6":4,"7":4,"8":4,"9":4,"10":4,"11":4,"12":4,"13":4,"14":4},"f":{"0":4,"1":9,"2":4},"b":{"0":[4,0],"1":[4]}}
,"/home/vagrant/Documents/devops/src/main/webapp/app/admin/configuration/configuration.component.html": {"path":"/home/vagrant/Documents/devops/src/main/webapp/app/admin/configuration/configuration.component.html","statementMap":{"0":{"start":{"line":1,"column":0},"end":{"line":47,"column":2}}},"fnMap":{},"branchMap":{},"s":{"0":3},"f":{},"b":{},"_coverageSchema":"332fd63041d2c1bcb487cc26dd0d5f7d97098a6c","hash":"5eb27e3f6d9be03c7d1b4d1f3d92fc82df313cb3"}
,"/home/vagrant/Documents/devops/src/main/webapp/app/admin/configuration/configuration.component.ts": {"path":"/home/vagrant/Documents/devops/src/main/webapp/app/admin/configuration/configuration.component.ts","statementMap":{"0":{"start":{"line":1,"column":0},"end":{"line":1,"column":49}},"1":{"start":{"line":3,"column":0},"end":{"line":3,"column":65}},"2":{"start":{"line":9,"column":0},"end":{"line":43,"column":0}},"3":{"start":{"line":17,"column":24},"end":{"line":17,"column":69}},"4":{"start":{"line":10,"column":4},"end":{"line":10,"column":33}},"5":{"start":{"line":11,"column":4},"end":{"line":11,"column":30}},"6":{"start":{"line":18,"column":8},"end":{"line":18,"column":29}},"7":{"start":{"line":19,"column":8},"end":{"line":19,"column":25}},"8":{"start":{"line":20,"column":8},"end":{"line":20,"column":34}},"9":{"start":{"line":21,"column":8},"end":{"line":21,"column":29}},"10":{"start":{"line":24,"column":4},"end":{"line":26,"column":5}},"11":{"start":{"line":25,"column":8},"end":{"line":25,"column":59}},"12":{"start":{"line":28,"column":4},"end":{"line":42,"column":5}},"13":{"start":{"line":28,"column":4},"end":{"line":42,"column":4}},"14":{"start":{"line":29,"column":8},"end":{"line":37,"column":11}},"15":{"start":{"line":30,"column":12},"end":{"line":30,"column":47}},"16":{"start":{"line":32,"column":12},"end":{"line":36,"column":13}},"17":{"start":{"line":32,"column":29},"end":{"line":32,"column":28}},"18":{"start":{"line":33,"column":16},"end":{"line":35,"column":17}},"19":{"start":{"line":34,"column":20},"end":{"line":34,"column":73}},"20":{"start":{"line":39,"column":8},"end":{"line":41,"column":11}},"21":{"start":{"line":40,"column":12},"end":{"line":40,"column":50}},"22":{"start":{"line":9,"column":13},"end":{"line":43,"column":1}},"23":{"start":{"line":43,"column":0},"end":{"line":43,"column":1}},"24":{"start":{"line":9,"column":13},"end":{"line":9,"column":38}}},"fnMap":{"0":{"name":"(anonymous_0)","decl":{"start":{"line":9,"column":0},"end":{"line":null,"column":-1}},"loc":{"start":{"line":9,"column":0},"end":{"line":9,"column":-1}}},"1":{"name":"JhiConfigurationComponent","decl":{"start":{"line":17,"column":4},"end":{"line":17,"column":23}},"loc":{"start":{"line":17,"column":69},"end":{"line":22,"column":5}}},"2":{"name":"(anonymous_2)","decl":{"start":{"line":24,"column":4},"end":{"line":24,"column":8}},"loc":{"start":{"line":24,"column":13},"end":{"line":26,"column":5}}},"3":{"name":"(anonymous_3)","decl":{"start":{"line":28,"column":4},"end":{"line":null,"column":-1}},"loc":{"start":{"line":28,"column":4},"end":{"line":42,"column":5}}},"4":{"name":"(anonymous_4)","decl":{"start":{"line":29
[...]
,"/home/vagrant/Documents/devops/src/test/javascript/spec/helpers/mock-alert.service.ts": {"path":"/home/vagrant/Documents/devops/src/test/javascript/spec/helpers/mock-alert.service.ts","statementMap":{"0":{"start":{"line":1,"column":0},"end":{"line":1,"column":39}},"1":{"start":{"line":2,"column":0},"end":{"line":2,"column":55}},"2":{"start":{"line":4,"column":0},"end":{"line":4,"column":47}},"3":{"start":{"line":4,"column":38},"end":{"line":4,"column":47}},"4":{"start":{"line":8,"column":4},"end":{"line":10,"column":5}},"5":{"start":{"line":9,"column":8},"end":{"line":9,"column":28}},"6":{"start":{"line":11,"column":0},"end":{"line":11,"column":1}},"7":{"start":{"line":4,"column":13},"end":{"line":4,"column":29}}},"fnMap":{"0":{"name":"(anonymous_0)","decl":{"start":{"line":4,"column":0},"end":{"line":null,"column":-1}},"loc":{"start":{"line":4,"column":0},"end":{"line":4,"column":-1}}},"1":{"name":"MockAlertService","decl":{"start":{"line":5,"column":4},"end":{"line":null,"column":-1}},"loc":{"start":{"line":5,"column":4},"end":{"line":7,"column":5}}},"2":{"name":"(anonymous_2)","decl":{"start":{"line":8,"column":4},"end":{"line":8,"column":12}},"loc":{"start":{"line":8,"column":35},"end":{"line":10,"column":5}}}},"branchMap":{"0":{"loc":{"start":{"line":6,"column":8},"end":{"line":6,"column":30}},"type":"binary-expr","locations":[{"start":{"line":6,"column":8},"end":{"line":6,"column":30}},{"start":{"line":6,"column":30},"end":{"line":null,"column":-1}}]}},"s":{"0":1,"1":1,"2":1,"3":1,"4":1,"5":8,"6":1,"7":1},"f":{"0":1,"1":7,"2":8},"b":{"0":[7,7]}}
,"/home/vagrant/Documents/devops/src/test/javascript/spec/helpers/mock-event-manager.service.ts": {"path":"/home/vagrant/Documents/devops/src/test/javascript/spec/helpers/mock-event-manager.service.ts","statementMap":{"0":{"start":{"line":1,"column":0},"end":{"line":1,"column":39}},"1":{"start":{"line":2,"column":0},"end":{"line":2,"column":45}},"2":{"start":{"line":5,"column":0},"end":{"line":5,"column":47}},"3":{"start":{"line":5,"column":38},"end":{"line":5,"column":47}},"4":{"start":{"line":9,"column":8},"end":{"line":9,"column":30}},"5":{"start":{"line":10,"column":8},"end":{"line":10,"column":66}},"6":{"start":{"line":12,"column":0},"end":{"line":12,"column":1}},"7":{"start":{"line":5,"column":13},"end":{"line":5,"column":29}}},"fnMap":{"0":{"name":"(anonymous_0)","decl":{"start":{"line":5,"column":0},"end":{"line":null,"column":-1}},"loc":{"start":{"line":5,"column":0},"end":{"line":5,"column":-1}}},"1":{"name":"MockEventManager","decl":{"start":{"line":8,"column":4},"end":{"line":null,"column":-1}},"loc":{"start":{"line":8,"column":4},"end":{"line":11,"column":5}}}},"branchMap":{"0":{"loc":{"start":{"line":9,"column":8},"end":{"line":9,"column":30}},"type":"binary-expr","locations":[{"start":{"line":9,"column":8},"end":{"line":9,"column":30}},{"start":{"line":9,"column":30},"end":{"line":11,"column":4}}]}},"s":{"0":18,"1":18,"2":18,"3":18,"4":8,"5":8,"6":18,"7":18},"f":{"0":18,"1":8},"b":{"0":[8,8]}}
,"/home/vagrant/Documents/devops/src/test/javascript/spec/helpers/mock-login.service.ts": {"path":"/home/vagrant/Documents/devops/src/test/javascript/spec/helpers/mock-login.service.ts","statementMap":{"0":{"start":{"line":1,"column":0},"end":{"line":1,"column":39}},"1":{"start":{"line":2,"column":0},"end":{"line":2,"column":59}},"2":{"start":{"line":5,"column":0},"end":{"line":5,"column":47}},"3":{"start":{"line":5,"column":38},"end":{"line":5,"column":47}},"4":{"start":{"line":13,"column":8},"end":{"line":13,"column":27}},"5":{"start":{"line":15,"column":8},"end":{"line":15,"column":29}},"6":{"start":{"line":16,"column":8},"end":{"line":16,"column":60}},"7":{"start":{"line":17,"column":8},"end":{"line":17,"column":64}},"8":{"start":{"line":18,"column":8},"end":{"line":18,"column":88}},"9":{"start":{"line":19,"column":8},"end":{"line":19,"column":60}},"10":{"start":{"line":22,"column":4},"end":{"line":24,"column":5}},"11":{"start":{"line":23,"column":8},"end":{"line":23,"column":75}},"12":{"start":{"line":26,"column":4},"end":{"line":28,"column":5}},"13":{"start":{"line":27,"column":8},"end":{"line":27,"column":31}},"14":{"start":{"line":29,"column":0},"end":{"line":29,"column":1}},"15":{"start":{"line":5,"column":13},"end":{"line":5,"column":29}}},"fnMap":{"0":{"name":"(anonymous_0)","decl":{"start":{"line":5,"column":0},"end":{"line":null,"column":-1}},"loc":{"start":{"line":5,"column":0},"end":{"line":5,"column":-1}}},"1":{"name":"MockLoginService","decl":{"start":{"line":12,"column":4},"end":{"line":null,"column":-1}},"loc":{"start":{"line":12,"column":4},"end":{"line":20,"column":5}}},"2":{"name":"(anonymous_2)","decl":{"start":{"line":22,"column":4},"end":{"line":22,"column":15}},"loc":{"start":{"line":22,"column":25},"end":{"line":24,"column":5}}},"3":{"name":"(anonymous_3)","decl":{"start":{"line":26,"column":4},"end":{"line":26,"column":15}},"loc":{"start":{"line":26,"column":25},"end":{"line":28,"column":5}}}},"branchMap":{"0":{"loc":{"start":{"line":13,"column":8},"end":{"line":13,"column":27}},"type":"binary-expr","locations":[{"start":{"line":13,"column":8},"end":{"line":13,"column":27}},{"start":{"line":13,"column":27},"end":{"line":20,"column":4}}]}},"s":{"0":1,"1":1,"2":1,"3":1,"4":5,"5":5,"6":5,"7":5,"8":5,"9":5,"10":1,"11":7,"12":1,"13":2,"14":1,"15":1},"f":{"0":1,"1":5,"2":7,"3":2},"b":{"0":[5,5]}}
,"/home/vagrant/Documents/devops/src/test/javascript/spec/helpers/mock-principal.service.ts": {"path":"/home/vagrant/Documents/devops/src/test/javascript/spec/helpers/mock-principal.service.ts","statementMap":{"0":{"start":{"line":1,"column":0},"end":{"line":1,"column":39}},"1":{"start":{"line":2,"column":0},"end":{"line":2,"column":59}},"2":{"start":{"line":5,"column":0},"end":{"line":5,"column":44}},"3":{"start":{"line":5,"column":35},"end":{"line":5,"column":44}},"4":{"start":{"line":9,"column":8},"end":{"line":9,"column":24}},"5":{"start":{"line":11,"column":8},"end":{"line":11,"column":32}},"6":{"start":{"line":13,"column":4},"end":{"line":15,"column":5}},"7":{"start":{"line":14,"column":8},"end":{"line":14,"column":81}},"8":{"start":{"line":17,"column":4},"end":{"line":19,"column":5}},"9":{"start":{"line":18,"column":8},"end":{"line":18,"column":34}},"10":{"start":{"line":20,"column":0},"end":{"line":20,"column":1}},"11":{"start":{"line":5,"column":13},"end":{"line":5,"column":26}}},"fnMap":{"0":{"name":"(anonymous_0)","decl":{"start":{"line":5,"column":0},"end":{"line":null,"column":-1}},"loc":{"start":{"line":5,"column":0},"end":{"line":5,"column":-1}}},"1":{"name":"MockPrincipal","decl":{"start":{"line":8,"column":4},"end":{"line":null,"column":-1}},"loc":{"start":{"line":8,"column":4},"end":{"line":12,"column":5}}},"2":{"name":"(anonymous_2)","decl":{"start":{"line":13,"column":4},"end":{"line":13,"column":18}},"loc":{"start":{"line":13,"column":28},"end":{"line":15,"column":5}}},"3":{"name":"(anonymous_3)","decl":{"start":{"line":17,"column":4},"end":{"line":17,"column":15}},"loc":{"start":{"line":17,"column":25},"end":{"line":19,"column":5}}}},"branchMap":{"0":{"loc":{"start":{"line":9,"column":8},"end":{"line":9,"column":24}},"type":"binary-expr","locations":[{"start":{"line":9,"column":8},"end":{"line":9,"column":24}},{"start":{"line":9,"column":24},"end":{"line":12,"column":4}}]}},"s":{"0":18,"1":18,"2":18,"3":18,"4":9,"5":9,"6":18,"7":11,"8":18,"9":2,"10":18,"11":18},"f":{"0":18,"1":9,"2":11,"3":2},"b":{"0":[9,9]}}
,"/home/vagrant/Documents/devops/src/test/javascript/spec/helpers/mock-route.service.ts": {"path":"/home/vagrant/Documents/devops/src/test/javascript/spec/helpers/mock-route.service.ts","statementMap":{"0":{"start":{"line":1,"column":0},"end":{"line":1,"column":56}},"1":{"start":{"line":2,"column":0},"end":{"line":2,"column":39}},"2":{"start":{"line":3,"column":0},"end":{"line":3,"column":37}},"3":{"start":{"line":6,"column":0},"end":{"line":6,"column":54}},"4":{"start":{"line":6,"column":40},"end":{"line":6,"column":54}},"5":{"start":{"line":8,"column":8},"end":{"line":8,"column":15}},"6":{"start":{"line":9,"column":8},"end":{"line":9,"column":42}},"7":{"start":{"line":10,"column":8},"end":{"line":10,"column":37}},"8":{"start":{"line":11,"column":8},"end":{"line":18,"column":11}},"9":{"start":{"line":20,"column":0},"end":{"line":20,"column":1}},"10":{"start":{"line":6,"column":13},"end":{"line":6,"column":31}},"11":{"start":{"line":22,"column":0},"end":{"line":22,"column":41}},"12":{"start":{"line":22,"column":32},"end":{"line":22,"column":41}},"13":{"start":{"line":26,"column":8},"end":{"line":26,"column":21}},"14":{"start":{"line":27,"column":8},"end":{"line":27,"column":48}},"15":{"start":{"line":29,"column":0},"end":{"line":29,"column":1}},"16":{"start":{"line":22,"column":13},"end":{"line":22,"column":23}}},"fnMap":{"0":{"name":"(anonymous_0)","decl":{"start":{"line":6,"column":0},"end":{"line":null,"column":-1}},"loc":{"start":{"line":6,"column":0},"end":{"line":6,"column":-1}}},"1":{"name":"MockActivatedRoute","decl":{"start":{"line":7,"column":4},"end":{"line":7,"column":15}},"loc":{"start":{"line":7,"column":32},"end":{"line":19,"column":5}}},"2":{"name":"(anonymous_2)","decl":{"start":{"line":22,"column":0},"end":{"line":null,"column":-1}},"loc":{"start":{"line":22,"column":0},"end":{"line":22,"column":-1}}},"3":{"name":"MockRouter","decl":{"start":{"line":25,"column":4},"end":{"line":null,"column":-1}},"loc":{"start":{"line":25,"column":4},"end":{"line":28,"column":5}}}},"branchMap":{"0":{"loc":{"start":{"line":8,"column":8},"end":{"line":8,"column":15}},"type":"binary-expr","locations":[{"start":{"line":8,"column":8},"end":{"line":8,"column":15}},{"start":{"line":8,"column":15},"end":{"line":19,"column":4}}]},"1":{"loc":{"start":{"line":26,"column":8},"end":{"line":26,"column":21}},"type":"binary-expr","locations":[{"start":{"line":26,"column":8},"end":{"line":26,"column":21}},{"start":{"line":26,"column":21},"end":{"line":28,"column":4}}]}},"s":{"0":18,"1":18,"2":18,"3":18,"4":18,"5":26,"6":26,"7":26,"8":26,"9":18,"10":18,"11":18,"12":18,"13":16,"14":16,"15":18,"16":18},"f":{"0":18,"1":26,"2":18,"3":16},"b":{"0":[26,26],"1":[16,16]}}
,"/home/vagrant/Documents/devops/src/test/javascript/spec/helpers/mock-state-storage.service.ts": {"path":"/home/vagrant/Documents/devops/src/test/javascript/spec/helpers/mock-state-storage.service.ts","statementMap":{"0":{"start":{"line":1,"column":0},"end":{"line":1,"column":39}},"1":{"start":{"line":2,"column":0},"end":{"line":2,"column":73}},"2":{"start":{"line":5,"column":0},"end":{"line":5,"column":54}},"3":{"start":{"line":5,"column":45},"end":{"line":5,"column":54}},"4":{"start":{"line":10,"column":8},"end":{"line":10,"column":34}},"5":{"start":{"line":11,"column":8},"end":{"line":11,"column":27}},"6":{"start":{"line":12,"column":8},"end":{"line":12,"column":64}},"7":{"start":{"line":15,"column":4},"end":{"line":17,"column":5}},"8":{"start":{"line":16,"column":8},"end":{"line":16,"column":60}},"9":{"start":{"line":19,"column":4},"end":{"line":21,"column":5}},"10":{"start":{"line":20,"column":8},"end":{"line":20,"column":29}},"11":{"start":{"line":22,"column":0},"end":{"line":22,"column":1}},"12":{"start":{"line":5,"column":13},"end":{"line":5,"column":36}}},"fnMap":{"0":{"name":"(anonymous_0)","decl":{"start":{"line":5,"column":0},"end":{"line":null,"column":-1}},"loc":{"start":{"line":5,"column":0},"end":{"line":5,"column":-1}}},"1":{"name":"MockStateStorageService","decl":{"start":{"line":9,"column":4},"end":{"line":null,"column":-1}},"loc":{"start":{"line":9,"column":4},"end":{"line":13,"column":5}}},"2":{"name":"(anonymous_2)","decl":{"start":{"line":15,"column":4},"end":{"line":15,"column":13}},"loc":{"start":{"line":15,"column":18},"end":{"line":17,"column":5}}},"3":{"name":"(anonymous_3)","decl":{"start":{"line":19,"column":4},"end":{"line":19,"column":15}},"loc":{"start":{"line":19,"column":25},"end":{"line":21,"column":5}}}},"branchMap":{"0":{"loc":{"start":{"line":10,"column":8},"end":{"line":10,"column":34}},"type":"binary-expr","locations":[{"start":{"line":10,"column":8},"end":{"line":10,"column":34}},{"start":{"line":10,"column":34},"end":{"line":13,"column":4}}]}},"s":{"0":1,"1":1,"2":1,"3":1,"4":5,"5":5,"6":5,"7":1,"8":7,"9":1,"10":2,"11":1,"12":1},"f":{"0":1,"1":5,"2":7,"3":2},"b":{"0":[5,5]}}
,"/home/vagrant/Documents/devops/src/test/javascript/spec/helpers/spyobject.ts": {"path":"/home/vagrant/Documents/devops/src/test/javascript/spec/helpers/spyobject.ts","statementMap":{"0":{"start":{"line":12,"column":0},"end":{"line":69,"column":0}},"1":{"start":{"line":29,"column":16},"end":{"line":29,"column":27}},"2":{"start":{"line":29,"column":4},"end":{"line":46,"column":4}},"3":{"start":{"line":30,"column":8},"end":{"line":45,"column":9}},"4":{"start":{"line":31,"column":12},"end":{"line":44,"column":15}},"5":{"start":{"line":32,"column":24},"end":{"line":32,"column":28}},"6":{"start":{"line":33,"column":16},"end":{"line":40,"column":17}},"7":{"start":{"line":34,"column":20},"end":{"line":34,"column":45}},"8":{"start":{"line":41,"column":16},"end":{"line":43,"column":17}},"9":{"start":{"line":42,"column":20},"end":{"line":42,"column":35}},"10":{"start":{"line":13,"column":11},"end":{"line":27,"column":5}},"11":{"start":{"line":13,"column":16},"end":{"line":13,"column":29}},"12":{"start":{"line":13,"column":31},"end":{"line":13,"column":44}},"13":{"start":{"line":13,"column":46},"end":{"line":13,"column":62}},"14":{"start":{"line":14,"column":8},"end":{"line":18,"column":9}},"15":{"start":{"line":15,"column":12},"end":{"line":15,"column":31}},"16":{"start":{"line":16,"column":12},"end":{"line":16,"column":28}},"17":{"start":{"line":17,"column":12},"end":{"line":17,"column":37}},"18":{"start":{"line":20,"column":18},"end":{"line":20,"column":20}},"19":{"start":{"line":21,"column":8},"end":{"line":21,"column":67}},"20":{"start":{"line":21,"column":43},"end":{"line":21,"column":65}},"21":{"start":{"line":22,"column":8},"end":{"line":22,"column":73}},"22":{"start":{"line":22,"column":46},"end":{"line":22,"column":71}},"23":{"start":{"line":23,"column":8},"end":{"line":25,"column":11}},"24":{"start":{"line":24,"column":12},"end":{"line":24,"column":46}},"25":{"start":{"line":26,"column":8},"end":{"line":26,"column":22}},"26":{"start":{"line":48,"column":4},"end":{"line":53,"column":5}},"27":{"start":{"line":49,"column":8},"end":{"line":51,"column":9}},"28":{"start":{"line":50,"column":12},"end":{"line":50,"column":65}},"29":{"start":{"line":52,"column":8},"end":{"line":52,"column":26}},"30":{"start":{"line":55,"column":4},"end":{"line":57,"column":5}},"31":{"start":{"line":56,"column":8},"end":{"line":56,"column":27}},"32":{"start":{"line":60,"column":4},"end":{"line":68,"column":5}},"33":{"start":{"line":61,"column":50},"end":{"line":61,"column":73}},"34":{"start":{"line":62,"column":8},"end":{"line":62,"column":54}},"35":{"start":{"line":63,"column":8},"end":{"line":63,"column":55}},"36":{"start":{"line":64,"column":8},"end":{"line":64,"column":47}},"37":{"start":{"line":66,"column":8},"end":{"line":66,"column":37}},"38":{"start":{"line":67,"column":8},"end":{"line":67,"column":22}},"39":{"start":{"line":69,"column":0},"end":{"line":69,"column":1}},"40":{"start":{"line":12,"column":13},"end":{"line":12,"column":22}}},"fnMap":{"0":{"name":"(anonymous_0)","decl":{"start":{"line":12,"column":0},"end":{"line":null,"column":-1}},"loc":{"start":{"line":12,"column":0},"end":{"line":12,"column":-1}}},"1":{"name":"SpyObject","decl":{"start":{"line":29,"column":4},"end":{"line":29,"column":15}},"loc":{"start":{"line":29,"column":27},"end":{"line":46,"column":5}}},"2":{"name":"(anonymous_2)","decl":{"start":{"line":31,"column":48},"end":{"line":31,"column":47}},"loc":{"start":{"line":31,"column":52},"end":{"line":44,"column":13}}},"3":{"name":"(anonymous_3)","decl":{"start":{"line":13,"column":4},"end":{"line":13,"column":15}},"loc":{"start":{"line":13,"column":62},"end":{"line":27,"column":5}}},"4":{"name":"(anonymous_4)","decl":{"start":{"line":21,"column":36},"end":{"line":21,"column":35}},"loc":{"start":{"line":21,"column":39},"end":{"line":21,"column":65}}},"5":{"name":"(anonymous_5)","decl":{"start":{"line":22,"column":39},"end":{"line":22,"column":38}},"loc":{"start":{"line":22,"column":42},"end":{"line":22,"column":71}}},"6":{"name":"(anonymous_6)","decl":{"start":{"line":23,"column":31},"end":{"line":23,"column":30}},"loc":{"start":{"line":23,"column":34},"end":{"line":25,"column":9}}},"7":{"name":"(anonymous_7)","decl":{"start":{"line":48,"column":4},"end":{"line":48,"column":7}},"loc":{"start":{"line":48,"column":12},"end":{"line":53,"column":5}}},"8":{"name":"(anonymous_8)","decl":{"start":{"line":55,"column":4},"end":{"line":55,"column":8}},"loc":{"start":{"line":55,"column":20},"end":{"line":57,"column":5}}},"9":{"name":"(anonymous_9)","decl":{"start":{"line":60,"column":4},"end":{"line":60,"column":32}},"loc":{"start":{"line":60,"column":37},"end":{"line":68,"column":5}}}},"branchMap":{"0":{"loc":{"start":{"line":29,"column":16},"end":{"line":29,"column":27}},"type":"if","locations":[{"start":{"line":29,"column":16},"end":{"line":29,"column":27}},{"start":{"line":29,"column":16},"end":{"line":29,"column":27}}]},"1":{"loc":{"start":{"line":30,"column":8},"end":{"line":45,"column":9}},"type":"if","locations":[{"start":{"line":30,"column":8},"end":{"line":45,"column":9}},{"start":{"line":30,"column":8},"end":{"line":45,"column":9}}]},"2":{"loc":{"start":{"line":41,"column":16},"end":{"line":43,"column":17}},"type":"if","locations":[{"start":{"line":41,"column":16},"end":{"line":43,"column":17}},{"start":{"line":41,"column":16},"end":{"line":43,"column":17}}]},"3":{"loc":{"start":{"line":13,"column":16},"end":{"line":13,"column":29}},"type":"if","locations":[{"start":{"line":13,"column":16},"end":{"line":13,"column":29}},{"start":{"line":13,"column":16},"end":{"line":13,"column":29}}]},"4":{"loc":{"start":{"line":13,"column":31},"end":{"line":13,"column":44}},"type":"if","locations":[{"start":{"line":13,"column":31},"end":{"line":13,"column":44}},{"start":{"line":13,"column":31},"end":{"line":13,"column":44}}]},"5":{"loc":{"start":{"line":13,"column":46},"end":{"line":13,"column":62}},"type":"if","locations":[{"start":{"line":13,"column":46},"end":{"line":13,"column":62}},{"start":{"line":13,"column":46},"end":{"line":13,"column":62}}]},"6":{"loc":{"start":{"line":14,"column":8},"end":{"line":18,"column":9}},"type":"if","locations":[{"start":{"line":14,"column":8},"end":{"line":18,"column":9}},{"start":{"line":14,"column":8},"end":{"line":18,"column":9}}]},"7":{"loc":{"start":{"line":49,"column":8},"end":{"line":51,"column":9}},"type":"if","locations":[{"start":{"line":49,"column":8},"end":{"line":51,"column":9}},{"start":{"line":49,"column":8},"end":{"line":51,"column":9}}]}},"s":{"0":18,"1":69,"2":69,"3":69,"4":69,"5":638,"6":638,"7":638,"8":638,"9":622,"10":18,"11":0,"12":0,"13":0,"14":0,"15":0,"16":0,"17":0,"18":0,"19":0,"20":0,"21":0,"22":0,"23":0,"24":0,"25":0,"26":18,"27":718,"28":630,"29":718,"30":18,"31":0,"32":18,"33":630,"34":630,"35":630,"36":630,"37":630,"38":630,"39":18,"40":18},"f":{"0":18,"1":69,"2":638,"3":0,"4":0,"5":0,"6":0,"7":718,"8":0,"9":630},"b":{"0":[0,69],"1":[69,0],"2":[622,16],"3":[0,0],"4":[0,0],"5":[0,0],"6":[0,0],"7":[630,88]}}
}
