TN:
SF:/home/vagrant/Documents/devops/src/main/webapp/app/app.constants.ts
FNF:0
FNH:0
DA:5,23
DA:6,23
DA:7,23
DA:8,23
LF:4
LH:4
BRF:0
BRH:0
end_of_record
TN:
SF:/home/vagrant/Documents/devops/src/main/webapp/app/account/activate/activate.component.html
FNF:0
FNH:0
DA:1,1
LF:1
LH:1
BRF:0
BRH:0
end_of_record
TN:
SF:/home/vagrant/Documents/devops/src/main/webapp/app/account/activate/activate.component.ts
FN:12,(anonymous_0)
FN:17,ActivateComponent
FN:19,(anonymous_2)
FN:20,(anonymous_3)
FN:22,(anonymous_4)
FN:26,(anonymous_5)
FN:34,(anonymous_6)
FNF:7
FNH:6
FNDA:1,(anonymous_0)
FNDA:3,ActivateComponent
FNDA:3,(anonymous_2)
FNDA:3,(anonymous_3)
FNDA:1,(anonymous_4)
FNDA:1,(anonymous_5)
FNDA:0,(anonymous_6)
DA:1,1
DA:3,1
DA:5,1
DA:6,1
DA:12,1
DA:17,3
DA:19,3
DA:20,3
DA:21,3
DA:23,1
DA:24,1
DA:27,1
DA:28,1
DA:34,1
DA:35,0
DA:37,1
LF:16
LH:15
BRDA:17,0,0,1
BRDA:17,0,1,0
BRDA:17,1,0,1
BRDA:17,2,0,1
BRDA:17,2,1,1
BRDA:17,2,2,0
BRDA:17,3,0,1
BRDA:17,3,1,1
BRDA:17,4,0,1
BRDA:17,4,1,1
BRDA:17,4,2,0
BRDA:17,5,0,1
BRDA:17,5,1,1
BRF:13
BRH:10
end_of_record
TN:
SF:/home/vagrant/Documents/devops/src/main/webapp/app/account/activate/activate.service.ts
FN:8,(anonymous_0)
FN:9,ActivateService
FN:11,(anonymous_2)
FNF:3
FNH:2
FNDA:1,(anonymous_0)
FNDA:3,ActivateService
FNDA:0,(anonymous_2)
DA:1,1
DA:2,1
DA:5,1
DA:8,1
DA:9,3
DA:11,1
DA:12,0
DA:16,1
LF:8
LH:7
BRDA:9,0,0,1
BRDA:9,0,1,0
BRDA:9,1,0,1
BRF:3
BRH:2
end_of_record
TN:
SF:/home/vagrant/Documents/devops/src/main/webapp/app/account/password/password-strength-bar.component.ts
FN:18,(anonymous_0)
FN:21,PasswordStrengthBarComponent
FN:23,(anonymous_2)
FN:32,(anonymous_3)
FN:50,(anonymous_4)
FN:67,(anonymous_5)
FNF:6
FNH:5
FNDA:1,(anonymous_0)
FNDA:3,PasswordStrengthBarComponent
FNDA:10,(anonymous_2)
FNDA:40,(anonymous_3)
FNDA:7,(anonymous_4)
FNDA:0,(anonymous_5)
DA:1,1
DA:18,1
DA:19,3
DA:21,3
DA:23,1
DA:24,10
DA:25,10
DA:26,10
DA:27,10
DA:28,10
DA:29,10
DA:31,10
DA:32,10
DA:33,40
DA:36,10
DA:37,10
DA:40,10
DA:43,10
DA:44,10
DA:45,10
DA:47,10
DA:50,1
DA:51,7
DA:52,7
DA:53,3
DA:54,4
DA:55,1
DA:56,3
DA:57,1
DA:58,2
DA:59,1
DA:61,1
DA:63,7
DA:67,2
DA:68,0
DA:69,0
DA:70,0
DA:71,0
DA:72,0
DA:74,0
DA:75,0
DA:76,0
DA:77,0
DA:79,0
DA:84,1
LF:45
LH:35
BRDA:36,0,0,1
BRDA:36,0,1,9
BRDA:40,1,0,7
BRDA:40,1,1,3
BRDA:43,2,0,2
BRDA:43,2,1,8
BRDA:44,3,0,0
BRDA:44,3,1,10
BRDA:45,4,0,2
BRDA:45,4,1,8
BRDA:52,5,0,3
BRDA:52,5,1,4
BRDA:54,6,0,1
BRDA:54,6,1,3
BRDA:56,7,0,1
BRDA:56,7,1,2
BRDA:58,8,0,1
BRDA:58,8,1,1
BRDA:68,9,0,0
BRDA:68,9,1,0
BRDA:71,10,0,0
BRDA:71,10,1,0
BRDA:76,11,0,0
BRDA:76,11,1,0
BRDA:21,12,0,1
BRDA:21,12,1,0
BRDA:21,13,0,1
BRDA:21,14,0,1
BRDA:21,14,1,1
BRDA:21,14,2,0
BRDA:21,15,0,1
BRDA:21,15,1,1
BRF:32
BRH:23
end_of_record
TN:
SF:/home/vagrant/Documents/devops/src/main/webapp/app/account/password/password.component.html
FNF:0
FNH:0
DA:1,1
LF:1
LH:1
BRF:0
BRH:0
end_of_record
TN:
SF:/home/vagrant/Documents/devops/src/main/webapp/app/account/password/password.component.ts
FN:10,(anonymous_0)
FN:19,PasswordComponent
FN:21,(anonymous_2)
FN:22,(anonymous_3)
FN:27,(anonymous_4)
FN:35,(anonymous_5)
FN:39,(anonymous_6)
FNF:7
FNH:5
FNDA:1,(anonymous_0)
FNDA:4,PasswordComponent
FNDA:0,(anonymous_2)
FNDA:0,(anonymous_3)
FNDA:4,(anonymous_4)
FNDA:2,(anonymous_5)
FNDA:1,(anonymous_6)
DA:1,1
DA:3,1
DA:4,1
DA:10,1
DA:19,4
DA:21,1
DA:22,0
DA:23,0
DA:27,4
DA:28,4
DA:29,1
DA:30,1
DA:31,1
DA:33,3
DA:34,3
DA:36,2
DA:37,2
DA:40,1
DA:41,1
DA:46,1
LF:20
LH:18
BRDA:28,0,0,1
BRDA:28,0,1,3
BRDA:19,1,0,1
BRDA:19,1,1,0
BRDA:19,2,0,1
BRDA:19,3,0,1
BRDA:19,3,1,1
BRDA:19,3,2,0
BRDA:19,4,0,1
BRDA:19,4,1,1
BRF:10
BRH:8
end_of_record
TN:
SF:/home/vagrant/Documents/devops/src/main/webapp/app/account/password/password.service.ts
FN:8,(anonymous_0)
FN:9,PasswordService
FN:11,(anonymous_2)
FNF:3
FNH:2
FNDA:1,(anonymous_0)
FNDA:4,PasswordService
FNDA:0,(anonymous_2)
DA:1,1
DA:2,1
DA:5,1
DA:8,1
DA:9,4
DA:11,1
DA:12,0
DA:14,1
LF:8
LH:7
BRDA:9,0,0,1
BRDA:9,0,1,0
BRDA:9,1,0,1
BRF:3
BRH:2
end_of_record
TN:
SF:/home/vagrant/Documents/devops/src/main/webapp/app/account/password-reset/finish/password-reset-finish.component.html
FNF:0
FNH:0
DA:1,1
LF:1
LH:1
BRF:0
BRH:0
end_of_record
TN:
SF:/home/vagrant/Documents/devops/src/main/webapp/app/account/password-reset/finish/password-reset-finish.component.ts
FN:12,(anonymous_0)
FN:22,PasswordResetFinishComponent
FN:30,(anonymous_2)
FN:31,(anonymous_3)
FN:38,(anonymous_4)
FN:44,(anonymous_5)
FN:51,(anonymous_6)
FN:54,(anonymous_7)
FN:62,(anonymous_8)
FNF:9
FNH:8
FNDA:1,(anonymous_0)
FNDA:10,PasswordResetFinishComponent
FNDA:6,(anonymous_2)
FNDA:6,(anonymous_3)
FNDA:1,(anonymous_4)
FNDA:3,(anonymous_5)
FNDA:1,(anonymous_6)
FNDA:1,(anonymous_7)
FNDA:0,(anonymous_8)
DA:1,1
DA:3,1
DA:5,1
DA:6,1
DA:12,1
DA:23,10
DA:24,10
DA:25,10
DA:26,10
DA:27,10
DA:30,6
DA:31,6
DA:32,6
DA:34,6
DA:35,6
DA:38,1
DA:39,1
DA:40,1
DA:44,3
DA:45,3
DA:46,3
DA:47,3
DA:48,1
DA:50,2
DA:52,1
DA:55,1
DA:56,1
DA:62,1
DA:63,0
DA:65,1
LF:30
LH:29
BRDA:39,0,0,1
BRDA:39,0,1,0
BRDA:47,1,0,1
BRDA:47,1,1,2
BRDA:23,2,0,1
BRDA:23,2,1,0
BRDA:23,3,0,1
BRDA:23,4,0,1
BRDA:23,4,1,1
BRDA:23,4,2,0
BRDA:23,5,0,1
BRDA:23,5,1,1
BRDA:24,6,0,1
BRDA:24,6,1,1
BRDA:24,6,2,0
BRDA:24,7,0,1
BRDA:24,7,1,1
BRDA:25,8,0,1
BRDA:25,8,1,1
BRDA:25,8,2,0
BRDA:25,9,0,1
BRDA:25,9,1,1
BRDA:26,10,0,1
BRDA:26,10,1,1
BRDA:26,10,2,0
BRDA:26,11,0,1
BRDA:26,11,1,1
BRF:27
BRH:21
end_of_record
TN:
SF:/home/vagrant/Documents/devops/src/main/webapp/app/account/password-reset/finish/password-reset-finish.service.ts
FN:8,(anonymous_0)
FN:9,PasswordResetFinishService
FN:11,(anonymous_2)
FNF:3
FNH:2
FNDA:1,(anonymous_0)
FNDA:5,PasswordResetFinishService
FNDA:0,(anonymous_2)
DA:1,1
DA:2,1
DA:5,1
DA:8,1
DA:9,5
DA:11,1
DA:12,0
DA:14,1
LF:8
LH:7
BRDA:9,0,0,1
BRDA:9,0,1,0
BRDA:9,1,0,1
BRF:3
BRH:2
end_of_record
TN:
SF:/home/vagrant/Documents/devops/src/main/webapp/app/account/password-reset/init/password-reset-init.component.html
FNF:0
FNH:0
DA:1,1
LF:1
LH:1
BRF:0
BRH:0
end_of_record
TN:
SF:/home/vagrant/Documents/devops/src/main/webapp/app/account/password-reset/init/password-reset-init.component.ts
FN:9,(anonymous_0)
FN:15,PasswordResetInitComponent
FN:17,(anonymous_2)
FN:21,(anonymous_3)
FN:25,(anonymous_4)
FN:30,(anonymous_5)
FN:33,(anonymous_6)
FNF:7
FNH:7
FNDA:1,(anonymous_0)
FNDA:5,PasswordResetInitComponent
FNDA:5,(anonymous_2)
FNDA:1,(anonymous_3)
FNDA:3,(anonymous_4)
FNDA:1,(anonymous_5)
FNDA:2,(anonymous_6)
DA:1,1
DA:2,1
DA:3,1
DA:9,1
DA:15,5
DA:17,1
DA:18,5
DA:21,1
DA:22,1
DA:25,3
DA:26,3
DA:27,3
DA:29,3
DA:31,1
DA:34,2
DA:35,2
DA:36,1
DA:38,1
DA:43,1
LF:19
LH:19
BRDA:35,0,0,1
BRDA:35,0,1,1
BRDA:35,1,0,2
BRDA:35,1,1,1
BRDA:15,2,0,1
BRDA:15,2,1,0
BRDA:15,3,0,1
BRDA:15,4,0,1
BRDA:15,4,1,1
BRDA:15,4,2,0
BRDA:15,5,0,1
BRDA:15,5,1,1
BRDA:15,6,0,1
BRDA:15,6,1,1
BRDA:15,6,2,0
BRDA:15,7,0,1
BRDA:15,7,1,1
BRF:17
BRH:14
end_of_record
TN:
SF:/home/vagrant/Documents/devops/src/main/webapp/app/account/password-reset/init/password-reset-init.service.ts
FN:8,(anonymous_0)
FN:9,PasswordResetInitService
FN:11,(anonymous_2)
FNF:3
FNH:2
FNDA:1,(anonymous_0)
FNDA:5,PasswordResetInitService
FNDA:0,(anonymous_2)
DA:1,1
DA:2,1
DA:5,1
DA:8,1
DA:9,5
DA:11,1
DA:12,0
DA:14,1
LF:8
LH:7
BRDA:9,0,0,1
BRDA:9,0,1,0
BRDA:9,1,0,1
BRF:3
BRH:2
end_of_record
TN:
SF:/home/vagrant/Documents/devops/src/main/webapp/app/account/register/register.component.html
FNF:0
FNH:0
DA:1,1
LF:1
LH:1
BRF:0
BRH:0
end_of_record
TN:
SF:/home/vagrant/Documents/devops/src/main/webapp/app/account/register/register.component.ts
FN:13,(anonymous_0)
FN:23,RegisterComponent
FN:30,(anonymous_2)
FN:35,(anonymous_3)
FN:39,(anonymous_4)
FN:49,(anonymous_5)
FN:52,(anonymous_6)
FN:57,(anonymous_7)
FN:61,(anonymous_8)
FNF:9
FNH:7
FNDA:1,(anonymous_0)
FNDA:5,RegisterComponent
FNDA:5,(anonymous_2)
FNDA:0,(anonymous_3)
FNDA:5,(anonymous_4)
FNDA:1,(anonymous_5)
FNDA:3,(anonymous_6)
FNDA:0,(anonymous_7)
FNDA:3,(anonymous_8)
DA:1,1
DA:5,1
DA:6,1
DA:7,1
DA:13,1
DA:24,5
DA:25,5
DA:26,5
DA:27,5
DA:30,1
DA:31,5
DA:32,5
DA:35,1
DA:36,0
DA:39,5
DA:40,5
DA:41,1
DA:43,4
DA:44,4
DA:45,4
DA:46,4
DA:47,4
DA:48,4
DA:50,1
DA:52,3
DA:57,1
DA:58,0
DA:61,1
DA:62,3
DA:63,3
DA:64,1
DA:65,2
DA:66,1
DA:68,1
DA:71,1
LF:35
LH:33
BRDA:40,0,0,1
BRDA:40,0,1,4
BRDA:63,1,0,1
BRDA:63,1,1,2
BRDA:63,2,0,3
BRDA:63,2,1,2
BRDA:65,3,0,1
BRDA:65,3,1,1
BRDA:65,4,0,2
BRDA:65,4,1,1
BRDA:24,5,0,1
BRDA:24,5,1,0
BRDA:24,6,0,1
BRDA:24,7,0,1
BRDA:24,7,1,1
BRDA:24,7,2,0
BRDA:24,8,0,1
BRDA:24,8,1,1
BRDA:25,9,0,1
BRDA:25,9,1,1
BRDA:25,9,2,0
BRDA:25,10,0,1
BRDA:25,10,1,1
BRDA:26,11,0,1
BRDA:26,11,1,1
BRDA:26,11,2,0
BRDA:26,12,0,1
BRDA:26,12,1,1
BRF:28
BRH:24
end_of_record
TN:
SF:/home/vagrant/Documents/devops/src/main/webapp/app/account/register/register.service.ts
FN:8,(anonymous_0)
FN:9,Register
FN:11,(anonymous_2)
FNF:3
FNH:2
FNDA:1,(anonymous_0)
FNDA:5,Register
FNDA:0,(anonymous_2)
DA:1,1
DA:2,1
DA:5,1
DA:8,1
DA:9,5
DA:11,1
DA:12,0
DA:14,1
LF:8
LH:7
BRDA:9,0,0,1
BRDA:9,0,1,0
BRDA:9,1,0,1
BRF:3
BRH:2
end_of_record
TN:
SF:/home/vagrant/Documents/devops/src/main/webapp/app/account/settings/settings.component.html
FNF:0
FNH:0
DA:1,1
LF:1
LH:1
BRF:0
BRH:0
end_of_record
TN:
SF:/home/vagrant/Documents/devops/src/main/webapp/app/account/settings/settings.component.ts
FN:9,(anonymous_0)
FN:15,SettingsComponent
FN:17,(anonymous_2)
FN:18,(anonymous_3)
FN:23,(anonymous_4)
FN:25,(anonymous_5)
FN:28,(anonymous_6)
FN:32,(anonymous_7)
FN:39,(anonymous_8)
FNF:9
FNH:7
FNDA:1,(anonymous_0)
FNDA:3,SettingsComponent
FNDA:0,(anonymous_2)
FNDA:0,(anonymous_3)
FNDA:3,(anonymous_4)
FNDA:2,(anonymous_5)
FNDA:2,(anonymous_6)
FNDA:1,(anonymous_7)
FNDA:2,(anonymous_8)
DA:1,1
DA:3,1
DA:9,1
DA:15,3
DA:17,1
DA:18,0
DA:19,0
DA:23,3
DA:24,3
DA:26,2
DA:27,2
DA:28,2
DA:29,2
DA:33,1
DA:34,1
DA:39,1
DA:40,2
DA:50,1
LF:18
LH:16
BRDA:15,0,0,1
BRDA:15,0,1,0
BRDA:15,1,0,1
BRDA:15,2,0,1
BRDA:15,2,1,1
BRDA:15,2,2,0
BRDA:15,3,0,1
BRDA:15,3,1,1
BRF:8
BRH:6
end_of_record
TN:
SF:/home/vagrant/Documents/devops/src/main/webapp/app/admin/admin.route.ts
FNF:0
FNH:0
DA:3,2
DA:5,2
DA:7,2
DA:9,2
LF:4
LH:4
BRF:0
BRH:0
end_of_record
TN:
SF:/home/vagrant/Documents/devops/src/main/webapp/app/admin/index.ts
FNF:0
FNH:0
DA:1,2
DA:2,2
DA:3,2
DA:4,2
DA:5,2
DA:6,2
DA:7,2
DA:8,2
DA:9,2
DA:10,2
DA:11,2
DA:12,2
DA:13,2
DA:14,2
DA:15,2
DA:16,2
DA:17,2
DA:18,2
DA:19,2
DA:20,2
DA:21,2
DA:22,2
DA:23,2
DA:24,2
DA:25,2
DA:26,2
DA:27,2
DA:28,2
LF:28
LH:28
BRF:0
BRH:0
end_of_record
TN:
SF:/home/vagrant/Documents/devops/src/main/webapp/app/admin/audits/audit-data.model.ts
FN:1,(anonymous_0)
FN:2,AuditData
FNF:2
FNH:1
FNDA:2,(anonymous_0)
FNDA:0,AuditData
DA:1,2
DA:2,0
DA:3,2
LF:3
LH:2
BRF:0
BRH:0
end_of_record
TN:
SF:/home/vagrant/Documents/devops/src/main/webapp/app/admin/audits/audit.model.ts
FN:3,(anonymous_0)
FN:4,Audit
FNF:2
FNH:2
FNDA:4,(anonymous_0)
FNDA:2,Audit
DA:3,4
DA:4,2
DA:5,4
LF:3
LH:3
BRF:0
BRH:0
end_of_record
TN:
SF:/home/vagrant/Documents/devops/src/main/webapp/app/admin/audits/audits.component.html
FNF:0
FNH:0
DA:1,3
LF:1
LH:1
BRF:0
BRH:0
end_of_record
TN:
SF:/home/vagrant/Documents/devops/src/main/webapp/app/admin/audits/audits.component.ts
FN:15,(anonymous_0)
FN:29,AuditsComponent
FN:38,(anonymous_2)
FN:46,(anonymous_3)
FN:52,(anonymous_4)
FN:56,(anonymous_5)
FN:69,(anonymous_6)
FN:78,(anonymous_7)
FN:88,(anonymous_8)
FN:89,(anonymous_9)
FN:93,(anonymous_10)
FN:101,(anonymous_11)
FN:108,(anonymous_12)
FN:118,(anonymous_13)
FN:125,(anonymous_14)
FNF:15
FNH:11
FNDA:3,(anonymous_0)
FNDA:6,AuditsComponent
FNDA:6,(anonymous_2)
FNDA:2,(anonymous_3)
FNDA:5,(anonymous_4)
FNDA:3,(anonymous_5)
FNDA:3,(anonymous_6)
FNDA:2,(anonymous_7)
FNDA:1,(anonymous_8)
FNDA:0,(anonymous_9)
FNDA:4,(anonymous_10)
FNDA:0,(anonymous_11)
FNDA:0,(anonymous_12)
FNDA:1,(anonymous_13)
FNDA:0,(anonymous_14)
DA:1,3
DA:3,3
DA:4,3
DA:5,3
DA:7,3
DA:9,3
DA:15,3
DA:29,6
DA:30,6
DA:31,6
DA:32,6
DA:33,6
DA:34,6
DA:35,6
DA:37,6
DA:38,6
DA:39,6
DA:40,6
DA:41,6
DA:42,6
DA:46,3
DA:47,2
DA:48,2
DA:49,2
DA:52,3
DA:53,5
DA:56,3
DA:57,3
DA:58,3
DA:60,3
DA:61,0
DA:63,3
DA:66,3
DA:69,3
DA:70,3
DA:72,3
DA:73,3
DA:74,3
DA:75,3
DA:78,3
DA:79,2
DA:88,1
DA:89,0
DA:93,3
DA:94,4
DA:95,4
DA:96,1
DA:98,4
DA:101,3
DA:102,0
DA:103,0
DA:104,0
DA:108,3
DA:109,0
DA:115,0
DA:118,3
DA:119,1
DA:120,1
DA:121,1
DA:122,1
DA:125,3
DA:126,0
DA:128,3
LF:63
LH:55
BRDA:60,0,0,0
BRDA:60,0,1,3
BRDA:94,1,0,1
BRDA:94,1,1,3
BRDA:95,2,0,1
BRDA:95,2,1,3
BRDA:102,3,0,0
BRDA:102,3,1,0
BRDA:112,4,0,0
BRDA:112,4,1,0
BRDA:30,5,0,3
BRDA:30,5,1,0
BRDA:30,6,0,3
BRDA:30,7,0,3
BRDA:30,7,1,3
BRDA:30,7,2,0
BRDA:30,8,0,3
BRDA:30,8,1,3
BRDA:31,9,0,3
BRDA:31,9,1,3
BRDA:31,9,2,0
BRDA:31,10,0,3
BRDA:31,10,1,3
BRDA:32,11,0,3
BRDA:32,11,1,3
BRDA:32,11,2,0
BRDA:32,12,0,3
BRDA:32,12,1,3
BRDA:33,13,0,3
BRDA:33,13,1,3
BRDA:33,13,2,0
BRDA:33,14,0,3
BRDA:33,14,1,3
BRDA:34,15,0,3
BRDA:34,15,1,3
BRDA:34,15,2,0
BRDA:34,16,0,3
BRDA:34,16,1,3
BRF:38
BRH:27
end_of_record
TN:
SF:/home/vagrant/Documents/devops/src/main/webapp/app/admin/audits/audits.route.ts
FNF:0
FNH:0
DA:3,2
DA:5,2
DA:7,2
LF:3
LH:3
BRF:0
BRH:0
end_of_record
TN:
SF:/home/vagrant/Documents/devops/src/main/webapp/app/admin/audits/audits.service.ts
FN:10,(anonymous_0)
FN:11,AuditsService
FN:13,(anonymous_2)
FNF:3
FNH:3
FNDA:4,(anonymous_0)
FNDA:9,AuditsService
FNDA:4,(anonymous_2)
DA:1,4
DA:2,4
DA:5,4
DA:6,4
DA:10,4
DA:11,9
DA:13,4
DA:14,4
DA:15,4
DA:16,4
DA:18,4
DA:20,4
DA:25,4
LF:13
LH:13
BRDA:11,0,0,4
BRDA:11,0,1,0
BRDA:11,1,0,4
BRF:3
BRH:2
end_of_record
TN:
SF:/home/vagrant/Documents/devops/src/main/webapp/app/admin/configuration/configuration.component.html
FNF:0
FNH:0
DA:1,3
LF:1
LH:1
BRF:0
BRH:0
end_of_record
TN:
SF:/home/vagrant/Documents/devops/src/main/webapp/app/admin/configuration/configuration.component.ts
FN:9,(anonymous_0)
FN:17,JhiConfigurationComponent
FN:24,(anonymous_2)
FN:28,(anonymous_3)
FN:29,(anonymous_4)
FN:39,(anonymous_5)
FNF:6
FNH:6
FNDA:3,(anonymous_0)
FNDA:3,JhiConfigurationComponent
FNDA:2,(anonymous_2)
FNDA:1,(anonymous_3)
FNDA:1,(anonymous_4)
FNDA:1,(anonymous_5)
DA:1,3
DA:3,3
DA:9,3
DA:10,3
DA:11,3
DA:17,3
DA:18,3
DA:19,3
DA:20,3
DA:21,3
DA:24,3
DA:25,2
DA:28,3
DA:29,1
DA:30,1
DA:32,2
DA:33,2
DA:34,1
DA:39,1
DA:40,1
DA:43,3
LF:21
LH:21
BRDA:25,0,0,1
BRDA:25,0,1,1
BRDA:33,1,0,1
BRDA:33,1,1,1
BRDA:17,2,0,3
BRDA:17,2,1,0
BRDA:17,3,0,3
BRF:7
BRH:6
end_of_record
TN:
SF:/home/vagrant/Documents/devops/src/main/webapp/app/admin/configuration/configuration.route.ts
FNF:0
FNH:0
DA:3,2
DA:5,2
LF:2
LH:2
BRF:0
BRH:0
end_of_record
TN:
SF:/home/vagrant/Documents/devops/src/main/webapp/app/admin/configuration/configuration.service.ts
FN:9,(anonymous_0)
FN:10,JhiConfigurationService
FN:12,(anonymous_2)
FN:14,(anonymous_3)
FN:23,(anonymous_4)
FN:30,(anonymous_5)
FN:46,(anonymous_6)
FN:48,(anonymous_7)
FNF:8
FNH:5
FNDA:4,(anonymous_0)
FNDA:6,JhiConfigurationService
FNDA:3,(anonymous_2)
FNDA:2,(anonymous_3)
FNDA:0,(anonymous_4)
FNDA:2,(anonymous_5)
FNDA:0,(anonymous_6)
FNDA:0,(anonymous_7)
DA:1,4
DA:2,4
DA:4,4
DA:6,4
DA:9,4
DA:10,6
DA:12,4
DA:13,3
DA:15,2
DA:16,2
DA:17,1
DA:18,1
DA:19,1
DA:23,1
DA:24,0
DA:30,4
DA:32,2
DA:33,1
DA:37,1
DA:38,1
DA:43,1
DA:46,4
DA:47,0
DA:49,0
DA:50,0
DA:52,0
DA:53,0
DA:54,0
DA:55,0
DA:56,0
DA:57,0
DA:58,0
DA:61,0
DA:63,0
DA:67,4
LF:35
LH:22
BRDA:18,0,0,1
BRDA:18,0,1,0
BRDA:24,1,0,0
BRDA:24,1,1,0
BRDA:24,2,0,0
BRDA:24,2,1,0
BRDA:32,3,0,1
BRDA:32,3,1,1
BRDA:37,4,0,1
BRDA:37,4,1,0
BRDA:57,5,0,0
BRDA:57,5,1,0
BRDA:10,6,0,4
BRDA:10,6,1,0
BRDA:10,7,0,4
BRF:15
BRH:6
end_of_record
TN:
SF:/home/vagrant/Documents/devops/src/main/webapp/app/admin/docs/docs.component.html
FNF:0
FNH:0
DA:1,2
LF:1
LH:1
BRF:0
BRH:0
end_of_record
TN:
SF:/home/vagrant/Documents/devops/src/main/webapp/app/admin/docs/docs.component.ts
FN:7,(anonymous_0)
FN:8,JhiDocsComponent
FNF:2
FNH:1
FNDA:2,(anonymous_0)
FNDA:0,JhiDocsComponent
DA:1,2
DA:7,2
DA:9,2
LF:3
LH:3
BRF:0
BRH:0
end_of_record
TN:
SF:/home/vagrant/Documents/devops/src/main/webapp/app/admin/docs/docs.route.ts
FNF:0
FNH:0
DA:3,2
DA:5,2
LF:2
LH:2
BRF:0
BRH:0
end_of_record
TN:
SF:/home/vagrant/Documents/devops/src/main/webapp/app/admin/health/health-modal.component.html
FNF:0
FNH:0
DA:1,3
LF:1
LH:1
BRF:0
BRH:0
end_of_record
TN:
SF:/home/vagrant/Documents/devops/src/main/webapp/app/admin/health/health-modal.component.ts
FN:10,(anonymous_0)
FN:13,JhiHealthModalComponent
FN:15,(anonymous_2)
FN:19,(anonymous_3)
FN:23,(anonymous_4)
FNF:5
FNH:1
FNDA:3,(anonymous_0)
FNDA:0,JhiHealthModalComponent
FNDA:0,(anonymous_2)
FNDA:0,(anonymous_3)
FNDA:0,(anonymous_4)
DA:1,3
DA:2,3
DA:4,3
DA:10,3
DA:13,0
DA:15,3
DA:16,0
DA:19,3
DA:20,0
DA:23,3
DA:24,0
DA:26,0
DA:27,0
DA:29,0
DA:31,0
DA:35,0
DA:36,0
DA:38,0
DA:41,3
LF:19
LH:8
BRDA:24,0,0,0
BRDA:24,0,1,0
BRDA:27,1,0,0
BRDA:27,1,1,0
BRDA:35,2,0,0
BRDA:35,2,1,0
BRDA:13,3,0,3
BRDA:13,3,1,0
BRDA:13,4,0,3
BRDA:13,5,0,3
BRDA:13,5,1,3
BRDA:13,5,2,0
BRDA:13,6,0,3
BRDA:13,6,1,3
BRF:14
BRH:6
end_of_record
TN:
SF:/home/vagrant/Documents/devops/src/main/webapp/app/admin/health/health.component.html
FNF:0
FNH:0
DA:1,3
LF:1
LH:1
BRF:0
BRH:0
end_of_record
TN:
SF:/home/vagrant/Documents/devops/src/main/webapp/app/admin/health/health.component.ts
FN:11,(anonymous_0)
FN:15,JhiHealthCheckComponent
FN:17,(anonymous_2)
FN:21,(anonymous_3)
FN:25,(anonymous_4)
FN:33,(anonymous_5)
FN:37,(anonymous_6)
FN:41,(anonymous_7)
FN:50,(anonymous_8)
FN:54,(anonymous_9)
FN:57,(anonymous_10)
FN:63,(anonymous_11)
FNF:12
FNH:9
FNDA:3,(anonymous_0)
FNDA:12,JhiHealthCheckComponent
FNDA:1,(anonymous_2)
FNDA:2,(anonymous_3)
FNDA:2,(anonymous_4)
FNDA:2,(anonymous_5)
FNDA:1,(anonymous_6)
FNDA:1,(anonymous_7)
FNDA:0,(anonymous_8)
FNDA:0,(anonymous_9)
FNDA:0,(anonymous_10)
FNDA:2,(anonymous_11)
DA:1,3
DA:2,3
DA:4,3
DA:5,3
DA:11,3
DA:15,12
DA:17,3
DA:18,1
DA:21,3
DA:22,2
DA:25,3
DA:26,2
DA:27,1
DA:29,1
DA:33,3
DA:34,2
DA:36,2
DA:38,1
DA:39,1
DA:42,1
DA:43,1
DA:44,1
DA:50,3
DA:51,0
DA:52,0
DA:53,0
DA:63,3
DA:64,2
DA:66,3
LF:29
LH:26
BRDA:26,0,0,1
BRDA:26,0,1,1
BRDA:42,1,0,1
BRDA:42,1,1,0
BRDA:15,2,0,3
BRDA:15,2,1,0
BRDA:15,3,0,3
BRDA:15,4,0,3
BRDA:15,4,1,3
BRDA:15,4,2,0
BRDA:15,5,0,3
BRDA:15,5,1,3
BRF:12
BRH:9
end_of_record
TN:
SF:/home/vagrant/Documents/devops/src/main/webapp/app/admin/health/health.route.ts
FNF:0
FNH:0
DA:3,2
DA:5,2
LF:2
LH:2
BRF:0
BRH:0
end_of_record
TN:
SF:/home/vagrant/Documents/devops/src/main/webapp/app/admin/health/health.service.ts
FN:8,(anonymous_0)
FN:11,JhiHealthService
FN:15,(anonymous_2)
FN:19,(anonymous_3)
FN:25,(anonymous_4)
FN:32,(anonymous_5)
FN:42,(anonymous_6)
FN:76,(anonymous_7)
FN:93,(anonymous_8)
FN:107,(anonymous_9)
FN:121,(anonymous_10)
FNF:11
FNH:10
FNDA:3,(anonymous_0)
FNDA:12,JhiHealthService
FNDA:0,(anonymous_2)
FNDA:5,(anonymous_3)
FNDA:2,(anonymous_4)
FNDA:2,(anonymous_5)
FNDA:17,(anonymous_6)
FNDA:8,(anonymous_7)
FNDA:20,(anonymous_8)
FNDA:17,(anonymous_9)
FNDA:47,(anonymous_10)
DA:1,3
DA:2,3
DA:5,3
DA:8,3
DA:11,12
DA:12,12
DA:15,3
DA:16,0
DA:19,3
DA:20,5
DA:21,5
DA:22,5
DA:25,3
DA:26,2
DA:27,2
DA:28,2
DA:32,3
DA:33,2
DA:34,2
DA:35,2
DA:36,2
DA:37,2
DA:42,3
DA:43,17
DA:47,17
DA:48,17
DA:50,17
DA:51,46
DA:52,46
DA:53,46
DA:54,25
DA:56,21
DA:57,15
DA:58,15
DA:65,17
DA:66,11
DA:70,17
DA:71,16
DA:73,17
DA:76,3
DA:77,8
DA:78,26
DA:79,26
DA:80,26
DA:81,17
DA:82,3
DA:83,3
DA:85,14
DA:90,8
DA:93,3
DA:95,20
DA:96,6
DA:97,14
DA:98,0
DA:99,14
DA:100,14
DA:102,0
DA:104,20
DA:107,3
DA:108,17
DA:110,17
DA:111,46
DA:112,46
DA:113,46
DA:114,6
DA:118,17
DA:121,3
DA:122,47
DA:124,47
DA:125,294
DA:126,294
DA:127,23
DA:131,47
DA:133,3
LF:74
LH:71
BRDA:26,0,0,2
BRDA:26,0,1,0
BRDA:33,1,0,2
BRDA:33,1,1,0
BRDA:37,2,0,1
BRDA:37,2,1,1
BRDA:51,3,0,46
BRDA:51,3,1,0
BRDA:53,4,0,25
BRDA:53,4,1,21
BRDA:53,5,0,46
BRDA:53,5,1,29
BRDA:56,6,0,15
BRDA:56,6,1,6
BRDA:65,7,0,11
BRDA:65,7,1,6
BRDA:70,8,0,16
BRDA:70,8,1,1
BRDA:70,9,0,17
BRDA:70,9,1,3
BRDA:70,9,2,2
BRDA:78,10,0,26
BRDA:78,10,1,0
BRDA:80,11,0,17
BRDA:80,11,1,9
BRDA:81,12,0,3
BRDA:81,12,1,14
BRDA:95,13,0,6
BRDA:95,13,1,14
BRDA:95,14,0,20
BRDA:95,14,1,6
BRDA:97,15,0,0
BRDA:97,15,1,14
BRDA:99,16,0,14
BRDA:99,16,1,0
BRDA:111,17,0,46
BRDA:111,17,1,0
BRDA:113,18,0,6
BRDA:113,18,1,40
BRDA:113,19,0,46
BRDA:113,19,1,46
BRDA:125,20,0,294
BRDA:125,20,1,0
BRDA:126,21,0,23
BRDA:126,21,1,271
BRDA:11,22,0,3
BRDA:11,22,1,0
BRDA:11,23,0,3
BRF:48
BRH:39
end_of_record
TN:
SF:/home/vagrant/Documents/devops/src/main/webapp/app/admin/logs/log.model.ts
FN:1,(anonymous_0)
FN:2,Log
FNF:2
FNH:2
FNDA:3,(anonymous_0)
FNDA:5,Log
DA:1,3
DA:2,5
DA:3,3
LF:3
LH:3
BRF:0
BRH:0
end_of_record
TN:
SF:/home/vagrant/Documents/devops/src/main/webapp/app/admin/logs/logs.component.html
FNF:0
FNH:0
DA:1,2
LF:1
LH:1
BRF:0
BRH:0
end_of_record
TN:
SF:/home/vagrant/Documents/devops/src/main/webapp/app/admin/logs/logs.component.ts
FN:10,(anonymous_0)
FN:16,LogsComponent
FN:22,(anonymous_2)
FN:23,(anonymous_3)
FN:26,(anonymous_4)
FN:28,(anonymous_5)
FN:29,(anonymous_6)
FNF:7
FNH:7
FNDA:2,(anonymous_0)
FNDA:3,LogsComponent
FNDA:1,(anonymous_2)
FNDA:1,(anonymous_3)
FNDA:1,(anonymous_4)
FNDA:1,(anonymous_5)
FNDA:1,(anonymous_6)
DA:1,2
DA:3,2
DA:4,2
DA:10,2
DA:16,3
DA:17,3
DA:18,3
DA:19,3
DA:22,2
DA:23,1
DA:26,2
DA:27,1
DA:28,1
DA:29,1
DA:32,2
LF:15
LH:15
BRDA:16,0,0,2
BRDA:16,0,1,0
BRDA:16,1,0,2
BRF:3
BRH:2
end_of_record
TN:
SF:/home/vagrant/Documents/devops/src/main/webapp/app/admin/logs/logs.route.ts
FNF:0
FNH:0
DA:3,2
DA:5,2
LF:2
LH:2
BRF:0
BRH:0
end_of_record
TN:
SF:/home/vagrant/Documents/devops/src/main/webapp/app/admin/logs/logs.service.ts
FN:9,(anonymous_0)
FN:10,LogsService
FN:12,(anonymous_2)
FN:16,(anonymous_3)
FNF:4
FNH:4
FNDA:3,(anonymous_0)
FNDA:6,LogsService
FNDA:1,(anonymous_2)
FNDA:2,(anonymous_3)
DA:1,3
DA:2,3
DA:5,3
DA:9,3
DA:10,6
DA:12,3
DA:13,1
DA:16,3
DA:17,2
DA:19,3
LF:10
LH:10
BRDA:10,0,0,3
BRDA:10,0,1,0
BRDA:10,1,0,3
BRF:3
BRH:2
end_of_record
TN:
SF:/home/vagrant/Documents/devops/src/main/webapp/app/admin/metrics/metrics-modal.component.html
FNF:0
FNH:0
DA:1,4
LF:1
LH:1
BRF:0
BRH:0
end_of_record
TN:
SF:/home/vagrant/Documents/devops/src/main/webapp/app/admin/metrics/metrics-modal.component.ts
FN:8,(anonymous_0)
FN:17,JhiMetricsMonitoringModalComponent
FN:19,(anonymous_2)
FN:20,(anonymous_3)
FN:35,(anonymous_4)
FNF:5
FNH:5
FNDA:4,(anonymous_0)
FNDA:10,JhiMetricsMonitoringModalComponent
FNDA:1,(anonymous_2)
FNDA:6,(anonymous_3)
FNDA:9,(anonymous_4)
DA:1,4
DA:2,4
DA:8,4
DA:11,10
DA:12,10
DA:13,10
DA:14,10
DA:15,10
DA:17,10
DA:19,4
DA:20,1
DA:21,6
DA:22,1
DA:23,5
DA:24,1
DA:25,4
DA:26,1
DA:27,3
DA:28,2
DA:32,1
DA:35,4
DA:36,9
DA:37,1
DA:38,8
DA:39,2
DA:40,6
DA:41,2
DA:42,4
DA:43,2
DA:46,4
LF:30
LH:30
BRDA:21,0,0,1
BRDA:21,0,1,5
BRDA:23,1,0,1
BRDA:23,1,1,4
BRDA:25,2,0,1
BRDA:25,2,1,3
BRDA:27,3,0,2
BRDA:27,3,1,1
BRDA:36,4,0,1
BRDA:36,4,1,8
BRDA:38,5,0,2
BRDA:38,5,1,6
BRDA:40,6,0,2
BRDA:40,6,1,4
BRDA:42,7,0,2
BRDA:42,7,1,2
BRDA:17,8,0,4
BRDA:17,8,1,0
BRDA:17,9,0,4
BRF:19
BRH:18
end_of_record
TN:
SF:/home/vagrant/Documents/devops/src/main/webapp/app/admin/metrics/metrics.component.html
FNF:0
FNH:0
DA:1,3
LF:1
LH:1
BRF:0
BRH:0
end_of_record
TN:
SF:/home/vagrant/Documents/devops/src/main/webapp/app/admin/metrics/metrics.component.ts
FN:11,(anonymous_0)
FN:18,JhiMetricsMonitoringComponent
FN:22,(anonymous_2)
FN:26,(anonymous_3)
FN:28,(anonymous_4)
FN:33,(anonymous_5)
FN:39,(anonymous_6)
FN:56,(anonymous_7)
FN:57,(anonymous_8)
FN:61,(anonymous_9)
FN:64,(anonymous_10)
FN:71,(anonymous_11)
FNF:12
FNH:8
FNDA:3,(anonymous_0)
FNDA:2,JhiMetricsMonitoringComponent
FNDA:1,(anonymous_2)
FNDA:1,(anonymous_3)
FNDA:1,(anonymous_4)
FNDA:2,(anonymous_5)
FNDA:2,(anonymous_6)
FNDA:0,(anonymous_7)
FNDA:0,(anonymous_8)
FNDA:0,(anonymous_9)
FNDA:0,(anonymous_10)
FNDA:2,(anonymous_11)
DA:1,3
DA:2,3
DA:4,3
DA:5,3
DA:11,3
DA:12,2
DA:13,2
DA:14,2
DA:15,2
DA:18,2
DA:19,2
DA:22,3
DA:23,1
DA:26,3
DA:27,1
DA:28,1
DA:29,1
DA:30,1
DA:31,1
DA:32,1
DA:33,1
DA:34,2
DA:35,2
DA:36,1
DA:39,1
DA:40,2
DA:41,1
DA:43,1
DA:44,1
DA:47,1
DA:56,3
DA:57,0
DA:58,0
DA:59,0
DA:60,0
DA:71,3
DA:72,2
DA:73,1
DA:75,1
DA:77,3
LF:40
LH:36
BRDA:35,0,0,1
BRDA:35,0,1,1
BRDA:35,1,0,2
BRDA:35,1,1,2
BRDA:40,2,0,1
BRDA:40,2,1,1
BRDA:72,3,0,1
BRDA:72,3,1,1
BRDA:18,4,0,3
BRDA:18,4,1,0
BRDA:18,5,0,3
BRDA:18,6,0,3
BRDA:18,6,1,3
BRDA:18,6,2,0
BRDA:18,7,0,3
BRDA:18,7,1,3
BRF:16
BRH:14
end_of_record
TN:
SF:/home/vagrant/Documents/devops/src/main/webapp/app/admin/metrics/metrics.route.ts
FNF:0
FNH:0
DA:3,2
DA:5,2
LF:2
LH:2
BRF:0
BRH:0
end_of_record
TN:
SF:/home/vagrant/Documents/devops/src/main/webapp/app/admin/metrics/metrics.service.ts
FN:8,(anonymous_0)
FN:9,JhiMetricsService
FN:11,(anonymous_2)
FN:15,(anonymous_3)
FNF:4
FNH:4
FNDA:5,(anonymous_0)
FNDA:15,JhiMetricsService
FNDA:2,(anonymous_2)
FNDA:1,(anonymous_3)
DA:1,5
DA:2,5
DA:5,5
DA:8,5
DA:9,15
DA:11,5
DA:12,2
DA:15,5
DA:16,1
DA:18,5
LF:10
LH:10
BRDA:9,0,0,5
BRDA:9,0,1,0
BRDA:9,1,0,5
BRF:3
BRH:2
end_of_record
TN:
SF:/home/vagrant/Documents/devops/src/main/webapp/app/admin/user-management/user-management-delete-dialog.component.html
FNF:0
FNH:0
DA:1,3
LF:1
LH:1
BRF:0
BRH:0
end_of_record
TN:
SF:/home/vagrant/Documents/devops/src/main/webapp/app/admin/user-management/user-management-delete-dialog.component.ts
FN:11,(anonymous_0)
FN:14,UserMgmtDeleteDialogComponent
FN:16,(anonymous_2)
FN:20,(anonymous_3)
FN:21,(anonymous_4)
FNF:5
FNH:4
FNDA:3,(anonymous_0)
FNDA:1,UserMgmtDeleteDialogComponent
FNDA:0,(anonymous_2)
FNDA:1,(anonymous_3)
FNDA:1,(anonymous_4)
DA:1,3
DA:2,3
DA:3,3
DA:5,3
DA:11,3
DA:14,1
DA:16,3
DA:17,0
DA:20,3
DA:21,1
DA:22,1
DA:26,1
DA:29,3
LF:13
LH:12
BRDA:14,0,0,3
BRDA:14,0,1,0
BRDA:14,1,0,3
BRDA:14,2,0,3
BRDA:14,2,1,3
BRDA:14,2,2,0
BRDA:14,3,0,3
BRDA:14,3,1,3
BRDA:14,4,0,3
BRDA:14,4,1,3
BRDA:14,4,2,0
BRDA:14,5,0,3
BRDA:14,5,1,3
BRF:13
BRH:10
end_of_record
TN:
SF:/home/vagrant/Documents/devops/src/main/webapp/app/admin/user-management/user-management-detail.component.html
FNF:0
FNH:0
DA:1,3
LF:1
LH:1
BRF:0
BRH:0
end_of_record
TN:
SF:/home/vagrant/Documents/devops/src/main/webapp/app/admin/user-management/user-management-detail.component.ts
FN:10,(anonymous_0)
FN:13,UserMgmtDetailComponent
FN:15,(anonymous_2)
FN:16,(anonymous_3)
FNF:4
FNH:4
FNDA:3,(anonymous_0)
FNDA:1,UserMgmtDetailComponent
FNDA:1,(anonymous_2)
FNDA:1,(anonymous_3)
DA:1,3
DA:2,3
DA:10,3
DA:13,1
DA:15,3
DA:16,1
DA:17,1
DA:20,3
LF:8
LH:8
BRDA:17,0,0,0
BRDA:17,0,1,1
BRDA:13,1,0,3
BRDA:13,1,1,0
BRDA:13,2,0,3
BRF:5
BRH:3
end_of_record
TN:
SF:/home/vagrant/Documents/devops/src/main/webapp/app/admin/user-management/user-management-update.component.html
FNF:0
FNH:0
DA:1,3
LF:1
LH:1
BRF:0
BRH:0
end_of_record
TN:
SF:/home/vagrant/Documents/devops/src/main/webapp/app/admin/user-management/user-management-update.component.ts
FN:10,(anonymous_0)
FN:16,UserMgmtUpdateComponent
FN:18,(anonymous_2)
FN:20,(anonymous_3)
FN:24,(anonymous_4)
FN:29,(anonymous_5)
FN:33,(anonymous_6)
FN:36,(anonymous_7)
FN:36,(anonymous_8)
FN:39,(anonymous_9)
FN:39,(anonymous_10)
FN:43,(anonymous_11)
FN:48,(anonymous_12)
FNF:13
FNH:10
FNDA:3,(anonymous_0)
FNDA:3,UserMgmtUpdateComponent
FNDA:1,(anonymous_2)
FNDA:1,(anonymous_3)
FNDA:1,(anonymous_4)
FNDA:2,(anonymous_5)
FNDA:2,(anonymous_6)
FNDA:1,(anonymous_7)
FNDA:0,(anonymous_8)
FNDA:1,(anonymous_9)
FNDA:0,(anonymous_10)
FNDA:2,(anonymous_11)
FNDA:0,(anonymous_12)
DA:1,3
DA:2,3
DA:4,3
DA:10,3
DA:16,3
DA:18,3
DA:19,1
DA:20,1
DA:21,1
DA:23,1
DA:24,1
DA:25,1
DA:29,3
DA:30,2
DA:33,3
DA:34,2
DA:35,2
DA:36,1
DA:38,1
DA:39,1
DA:43,3
DA:44,2
DA:45,2
DA:48,3
DA:49,0
DA:51,3
LF:26
LH:25
BRDA:21,0,0,0
BRDA:21,0,1,1
BRDA:35,1,0,1
BRDA:35,1,1,1
BRDA:16,2,0,3
BRDA:16,2,1,0
BRDA:16,3,0,3
BRDA:16,4,0,3
BRDA:16,4,1,3
BRDA:16,4,2,0
BRDA:16,5,0,3
BRDA:16,5,1,3
BRDA:16,6,0,3
BRDA:16,6,1,3
BRDA:16,6,2,0
BRDA:16,7,0,3
BRDA:16,7,1,3
BRF:17
BRH:13
end_of_record
TN:
SF:/home/vagrant/Documents/devops/src/main/webapp/app/admin/user-management/user-management.component.html
FNF:0
FNH:0
DA:1,2
LF:1
LH:1
BRF:0
BRH:0
end_of_record
TN:
SF:/home/vagrant/Documents/devops/src/main/webapp/app/admin/user-management/user-management.component.ts
FN:16,(anonymous_0)
FN:31,UserMgmtComponent
FN:42,(anonymous_2)
FN:50,(anonymous_3)
FN:51,(anonymous_4)
FN:58,(anonymous_5)
FN:62,(anonymous_6)
FN:63,(anonymous_7)
FN:66,(anonymous_8)
FN:69,(anonymous_9)
FN:81,(anonymous_10)
FN:89,(anonymous_11)
FN:90,(anonymous_12)
FN:94,(anonymous_13)
FN:98,(anonymous_14)
FN:106,(anonymous_15)
FN:113,(anonymous_16)
FN:123,(anonymous_17)
FN:127,(anonymous_18)
FN:130,(anonymous_19)
FN:136,(anonymous_20)
FN:143,(anonymous_21)
FNF:22
FNH:13
FNDA:2,(anonymous_0)
FNDA:2,UserMgmtComponent
FNDA:2,(anonymous_2)
FNDA:1,(anonymous_3)
FNDA:1,(anonymous_4)
FNDA:1,(anonymous_5)
FNDA:1,(anonymous_6)
FNDA:0,(anonymous_7)
FNDA:1,(anonymous_8)
FNDA:1,(anonymous_9)
FNDA:2,(anonymous_10)
FNDA:2,(anonymous_11)
FNDA:0,(anonymous_12)
FNDA:0,(anonymous_13)
FNDA:2,(anonymous_14)
FNDA:0,(anonymous_15)
FNDA:0,(anonymous_16)
FNDA:0,(anonymous_17)
FNDA:0,(anonymous_18)
FNDA:0,(anonymous_19)
FNDA:2,(anonymous_20)
FNDA:0,(anonymous_21)
DA:1,2
DA:3,2
DA:5,2
DA:6,2
DA:8,2
DA:9,2
DA:10,2
DA:16,2
DA:31,2
DA:32,2
DA:33,2
DA:34,2
DA:35,2
DA:36,2
DA:37,2
DA:38,2
DA:39,2
DA:41,2
DA:42,2
DA:43,2
DA:44,2
DA:45,2
DA:46,2
DA:50,2
DA:51,1
DA:52,1
DA:53,1
DA:54,1
DA:58,2
DA:59,1
DA:62,2
DA:63,1
DA:66,2
DA:67,1
DA:69,1
DA:70,1
DA:71,1
DA:72,1
DA:73,1
DA:75,0
DA:76,0
DA:81,2
DA:82,2
DA:89,2
DA:90,0
DA:94,2
DA:95,0
DA:98,2
DA:99,2
DA:100,2
DA:101,0
DA:103,2
DA:106,2
DA:107,0
DA:108,0
DA:109,0
DA:113,2
DA:114,0
DA:120,0
DA:123,2
DA:124,0
DA:125,0
DA:126,0
DA:136,2
DA:137,2
DA:138,2
DA:139,2
DA:140,2
DA:143,2
DA:144,0
DA:146,2
LF:71
LH:57
BRDA:70,0,0,1
BRDA:70,0,1,0
BRDA:99,1,0,0
BRDA:99,1,1,2
BRDA:100,2,0,0
BRDA:100,2,1,2
BRDA:107,3,0,0
BRDA:107,3,1,0
BRDA:117,4,0,0
BRDA:117,4,1,0
BRDA:32,5,0,2
BRDA:32,5,1,0
BRDA:32,6,0,2
BRDA:32,7,0,2
BRDA:32,7,1,2
BRDA:32,7,2,0
BRDA:32,8,0,2
BRDA:32,8,1,2
BRDA:33,9,0,2
BRDA:33,9,1,2
BRDA:33,9,2,0
BRDA:33,10,0,2
BRDA:33,10,1,2
BRDA:34,11,0,2
BRDA:34,11,1,2
BRDA:34,11,2,0
BRDA:34,12,0,2
BRDA:34,12,1,2
BRDA:35,13,0,2
BRDA:35,13,1,2
BRDA:35,13,2,0
BRDA:35,14,0,2
BRDA:35,14,1,2
BRDA:36,15,0,2
BRDA:36,15,1,2
BRDA:36,15,2,0
BRDA:36,16,0,2
BRDA:36,16,1,2
BRDA:37,17,0,2
BRDA:37,17,1,2
BRDA:37,17,2,0
BRDA:37,18,0,2
BRDA:37,18,1,2
BRDA:38,19,0,2
BRDA:38,19,1,2
BRDA:38,19,2,0
BRDA:38,20,0,2
BRDA:38,20,1,2
BRF:48
BRH:33
end_of_record
TN:
SF:/home/vagrant/Documents/devops/src/main/webapp/app/admin/user-management/user-management.route.ts
FN:11,(anonymous_0)
FN:12,UserResolve
FN:14,(anonymous_2)
FN:15,(anonymous_3)
FN:20,(anonymous_4)
FN:21,UserMgmtResolve
FN:23,(anonymous_6)
FNF:7
FNH:2
FNDA:2,(anonymous_0)
FNDA:0,UserResolve
FNDA:0,(anonymous_2)
FNDA:0,(anonymous_3)
FNDA:2,(anonymous_4)
FNDA:0,UserMgmtResolve
FNDA:0,(anonymous_6)
DA:1,2
DA:3,2
DA:5,2
DA:6,2
DA:7,2
DA:8,2
DA:11,2
DA:12,0
DA:14,2
DA:15,0
DA:17,2
DA:20,2
DA:21,0
DA:23,2
DA:24,0
DA:25,0
DA:26,0
DA:28,0
DA:30,2
DA:32,2
LF:20
LH:13
BRDA:12,0,0,2
BRDA:12,0,1,0
BRDA:12,1,0,2
BRDA:24,2,0,0
BRDA:24,2,1,0
BRDA:25,3,0,0
BRDA:25,3,1,0
BRDA:21,4,0,2
BRDA:21,4,1,0
BRDA:21,5,0,2
BRF:10
BRH:4
end_of_record
TN:
SF:/home/vagrant/Documents/devops/src/main/webapp/app/core/core.module.ts
FN:20,(anonymous_0)
FN:21,DevopsCoreModule
FNF:2
FNH:1
FNDA:19,(anonymous_0)
FNDA:0,DevopsCoreModule
DA:1,19
DA:2,19
DA:3,19
DA:4,19
DA:5,19
DA:20,19
DA:22,0
DA:24,19
LF:8
LH:7
BRF:0
BRH:0
end_of_record
TN:
SF:/home/vagrant/Documents/devops/src/main/webapp/app/core/index.ts
FNF:0
FNH:0
DA:1,19
DA:2,19
DA:3,19
DA:4,19
DA:5,19
DA:6,19
DA:7,19
DA:8,19
DA:9,19
DA:10,19
DA:11,19
DA:12,19
LF:12
LH:12
BRF:0
BRH:0
end_of_record
TN:
SF:/home/vagrant/Documents/devops/src/main/webapp/app/core/auth/account.service.ts
FN:8,(anonymous_0)
FN:9,AccountService
FN:11,(anonymous_2)
FN:15,(anonymous_3)
FNF:4
FNH:1
FNDA:20,(anonymous_0)
FNDA:0,AccountService
FNDA:0,(anonymous_2)
FNDA:0,(anonymous_3)
DA:1,20
DA:2,20
DA:5,20
DA:8,20
DA:9,0
DA:11,20
DA:12,0
DA:15,20
DA:16,0
DA:18,20
LF:10
LH:7
BRDA:9,0,0,20
BRDA:9,0,1,0
BRDA:9,1,0,20
BRF:3
BRH:2
end_of_record
TN:
SF:/home/vagrant/Documents/devops/src/main/webapp/app/core/auth/auth-jwt.service.ts
FN:10,(anonymous_0)
FN:11,AuthServerProvider
FN:13,(anonymous_2)
FN:17,(anonymous_3)
FN:25,authenticateSuccess
FN:35,(anonymous_5)
FN:44,(anonymous_6)
FN:52,(anonymous_7)
FN:53,(anonymous_8)
FNF:9
FNH:1
FNDA:20,(anonymous_0)
FNDA:0,AuthServerProvider
FNDA:0,(anonymous_2)
FNDA:0,(anonymous_3)
FNDA:0,authenticateSuccess
FNDA:0,(anonymous_5)
FNDA:0,(anonymous_6)
FNDA:0,(anonymous_7)
FNDA:0,(anonymous_8)
DA:1,20
DA:2,20
DA:3,20
DA:4,20
DA:5,20
DA:7,20
DA:10,20
DA:11,0
DA:13,20
DA:14,0
DA:17,20
DA:18,0
DA:23,0
DA:26,0
DA:27,0
DA:28,0
DA:29,0
DA:30,0
DA:35,20
DA:36,0
DA:37,0
DA:38,0
DA:40,0
DA:44,20
DA:45,0
DA:46,0
DA:48,0
DA:52,20
DA:53,0
DA:54,0
DA:55,0
DA:56,0
DA:59,20
LF:33
LH:13
BRDA:14,0,0,0
BRDA:14,0,1,0
BRDA:27,1,0,0
BRDA:27,1,1,0
BRDA:27,2,0,0
BRDA:27,2,1,0
BRDA:36,3,0,0
BRDA:36,3,1,0
BRDA:45,4,0,0
BRDA:45,4,1,0
BRDA:11,5,0,20
BRDA:11,5,1,0
BRDA:11,6,0,20
BRDA:11,7,0,20
BRDA:11,7,1,20
BRDA:11,7,2,0
BRDA:11,8,0,20
BRDA:11,8,1,20
BRDA:11,9,0,20
BRDA:11,9,1,20
BRDA:11,9,2,0
BRDA:11,10,0,20
BRDA:11,10,1,20
BRF:23
BRH:10
end_of_record
TN:
SF:/home/vagrant/Documents/devops/src/main/webapp/app/core/auth/csrf.service.ts
FN:5,(anonymous_0)
FN:6,CSRFService
FN:8,(anonymous_2)
FNF:3
FNH:1
FNDA:19,(anonymous_0)
FNDA:0,CSRFService
FNDA:0,(anonymous_2)
DA:1,19
DA:2,19
DA:5,19
DA:6,0
DA:8,19
DA:9,0
DA:10,0
DA:12,19
LF:8
LH:5
BRDA:9,0,0,0
BRDA:9,0,1,0
BRDA:6,1,0,19
BRDA:6,1,1,0
BRDA:6,2,0,19
BRF:5
BRH:2
end_of_record
TN:
SF:/home/vagrant/Documents/devops/src/main/webapp/app/core/auth/principal.service.ts
FN:6,(anonymous_0)
FN:11,Principal
FN:13,(anonymous_2)
FN:19,(anonymous_3)
FN:23,(anonymous_4)
FN:37,(anonymous_5)
FN:43,(anonymous_6)
FN:46,(anonymous_7)
FN:52,(anonymous_8)
FN:67,(anonymous_9)
FN:79,(anonymous_10)
FN:87,(anonymous_11)
FN:91,(anonymous_12)
FN:95,(anonymous_13)
FN:99,(anonymous_14)
FNF:15
FNH:1
FNDA:20,(anonymous_0)
FNDA:0,Principal
FNDA:0,(anonymous_2)
FNDA:0,(anonymous_3)
FNDA:0,(anonymous_4)
FNDA:0,(anonymous_5)
FNDA:0,(anonymous_6)
FNDA:0,(anonymous_7)
FNDA:0,(anonymous_8)
FNDA:0,(anonymous_9)
FNDA:0,(anonymous_10)
FNDA:0,(anonymous_11)
FNDA:0,(anonymous_12)
FNDA:0,(anonymous_13)
FNDA:0,(anonymous_14)
DA:1,20
DA:2,20
DA:3,20
DA:6,20
DA:8,0
DA:9,0
DA:11,0
DA:13,20
DA:14,0
DA:15,0
DA:16,0
DA:19,20
DA:20,0
DA:23,20
DA:24,0
DA:25,0
DA:28,0
DA:29,0
DA:30,0
DA:34,0
DA:37,20
DA:38,0
DA:39,0
DA:42,0
DA:44,0
DA:47,0
DA:52,20
DA:53,0
DA:54,0
DA:59,0
DA:60,0
DA:64,0
DA:68,0
DA:69,0
DA:70,0
DA:71,0
DA:73,0
DA:74,0
DA:76,0
DA:77,0
DA:80,0
DA:81,0
DA:82,0
DA:83,0
DA:87,20
DA:88,0
DA:91,20
DA:92,0
DA:95,20
DA:96,0
DA:99,20
DA:100,0
DA:102,20
LF:53
LH:14
BRDA:24,0,0,0
BRDA:24,0,1,0
BRDA:24,1,0,0
BRDA:24,1,1,0
BRDA:24,1,2,0
BRDA:29,2,0,0
BRDA:29,2,1,0
BRDA:38,3,0,0
BRDA:38,3,1,0
BRDA:44,4,0,0
BRDA:44,4,1,0
BRDA:53,5,0,0
BRDA:53,5,1,0
BRDA:59,6,0,0
BRDA:59,6,1,0
BRDA:69,7,0,0
BRDA:69,7,1,0
BRDA:100,8,0,0
BRDA:100,8,1,0
BRDA:11,9,0,20
BRDA:11,9,1,0
BRDA:11,10,0,20
BRF:22
BRH:2
end_of_record
TN:
SF:/home/vagrant/Documents/devops/src/main/webapp/app/core/auth/state-storage.service.ts
FN:5,(anonymous_0)
FN:6,StateStorageService
FN:8,(anonymous_2)
FN:12,(anonymous_3)
FN:16,(anonymous_4)
FN:21,(anonymous_5)
FN:25,(anonymous_6)
FN:29,(anonymous_7)
FN:33,(anonymous_8)
FNF:9
FNH:1
FNDA:20,(anonymous_0)
FNDA:0,StateStorageService
FNDA:0,(anonymous_2)
FNDA:0,(anonymous_3)
FNDA:0,(anonymous_4)
FNDA:0,(anonymous_5)
FNDA:0,(anonymous_6)
FNDA:0,(anonymous_7)
FNDA:0,(anonymous_8)
DA:1,20
DA:2,20
DA:5,20
DA:6,0
DA:8,20
DA:9,0
DA:12,20
DA:13,0
DA:16,20
DA:17,0
DA:18,0
DA:21,20
DA:22,0
DA:25,20
DA:26,0
DA:29,20
DA:30,0
DA:33,20
DA:34,0
DA:44,0
DA:46,20
LF:21
LH:11
BRDA:6,0,0,20
BRDA:6,0,1,0
BRDA:6,1,0,20
BRF:3
BRH:2
end_of_record
TN:
SF:/home/vagrant/Documents/devops/src/main/webapp/app/core/auth/user-route-access-service.ts
FN:9,(anonymous_0)
FN:10,UserRouteAccessService
FN:17,(anonymous_2)
FN:25,(anonymous_3)
FN:28,(anonymous_4)
FN:34,(anonymous_5)
FN:46,(anonymous_6)
FNF:7
FNH:1
FNDA:19,(anonymous_0)
FNDA:0,UserRouteAccessService
FNDA:0,(anonymous_2)
FNDA:0,(anonymous_3)
FNDA:0,(anonymous_4)
FNDA:0,(anonymous_5)
FNDA:0,(anonymous_6)
DA:1,19
DA:2,19
DA:4,19
DA:5,19
DA:6,19
DA:9,19
DA:11,0
DA:12,0
DA:13,0
DA:14,0
DA:17,19
DA:18,0
DA:22,0
DA:25,19
DA:26,0
DA:27,0
DA:29,0
DA:30,0
DA:33,0
DA:34,0
DA:35,0
DA:36,0
DA:38,0
DA:39,0
DA:41,0
DA:45,0
DA:46,0
DA:48,0
DA:49,0
DA:52,0
DA:56,19
LF:31
LH:9
BRDA:29,0,0,0
BRDA:29,0,1,0
BRDA:29,1,0,0
BRDA:29,1,1,0
BRDA:33,2,0,0
BRDA:33,2,1,0
BRDA:35,3,0,0
BRDA:35,3,1,0
BRDA:38,4,0,0
BRDA:38,4,1,0
BRDA:48,5,0,0
BRDA:48,5,1,0
BRDA:11,6,0,19
BRDA:11,6,1,0
BRDA:11,7,0,19
BRDA:11,8,0,19
BRDA:11,8,1,19
BRDA:11,8,2,0
BRDA:11,9,0,19
BRDA:11,9,1,19
BRDA:12,10,0,19
BRDA:12,10,1,19
BRDA:12,10,2,0
BRDA:12,11,0,19
BRDA:12,11,1,19
BRDA:13,12,0,19
BRDA:13,12,1,19
BRDA:13,12,2,0
BRDA:13,13,0,19
BRDA:13,13,1,19
BRF:30
BRH:14
end_of_record
TN:
SF:/home/vagrant/Documents/devops/src/main/webapp/app/core/login/login-modal.service.ts
FN:7,(anonymous_0)
FN:9,LoginModalService
FN:11,(anonymous_2)
FN:18,(anonymous_3)
FN:21,(anonymous_4)
FNF:5
FNH:1
FNDA:19,(anonymous_0)
FNDA:0,LoginModalService
FNDA:0,(anonymous_2)
FNDA:0,(anonymous_3)
FNDA:0,(anonymous_4)
DA:1,19
DA:2,19
DA:4,19
DA:7,19
DA:8,0
DA:9,0
DA:11,19
DA:12,0
DA:13,0
DA:15,0
DA:16,0
DA:17,0
DA:19,0
DA:22,0
DA:25,0
DA:27,19
LF:16
LH:6
BRDA:12,0,0,0
BRDA:12,0,1,0
BRDA:9,1,0,19
BRDA:9,1,1,0
BRDA:9,2,0,19
BRF:5
BRH:2
end_of_record
TN:
SF:/home/vagrant/Documents/devops/src/main/webapp/app/core/login/login.service.ts
FN:7,(anonymous_0)
FN:8,LoginService
FN:10,(anonymous_2)
FN:11,(anonymous_3)
FN:13,(anonymous_4)
FN:15,(anonymous_5)
FN:16,(anonymous_6)
FN:21,(anonymous_7)
FN:30,(anonymous_8)
FN:34,(anonymous_9)
FNF:10
FNH:1
FNDA:20,(anonymous_0)
FNDA:0,LoginService
FNDA:0,(anonymous_2)
FNDA:0,(anonymous_3)
FNDA:0,(anonymous_4)
FNDA:0,(anonymous_5)
FNDA:0,(anonymous_6)
FNDA:0,(anonymous_7)
FNDA:0,(anonymous_8)
FNDA:0,(anonymous_9)
DA:1,20
DA:3,20
DA:4,20
DA:7,20
DA:8,0
DA:10,20
DA:11,0
DA:13,0
DA:14,0
DA:16,0
DA:17,0
DA:19,0
DA:22,0
DA:23,0
DA:24,0
DA:30,20
DA:31,0
DA:34,20
DA:35,0
DA:36,0
DA:38,20
LF:21
LH:8
BRDA:11,0,0,0
BRDA:11,0,1,0
BRDA:8,1,0,20
BRDA:8,1,1,0
BRDA:8,2,0,20
BRDA:8,3,0,20
BRDA:8,3,1,20
BRDA:8,3,2,0
BRDA:8,4,0,20
BRDA:8,4,1,20
BRF:10
BRH:6
end_of_record
TN:
SF:/home/vagrant/Documents/devops/src/main/webapp/app/core/user/account.model.ts
FN:1,(anonymous_0)
FN:2,Account
FNF:2
FNH:1
FNDA:19,(anonymous_0)
FNDA:0,Account
DA:1,19
DA:3,0
DA:4,0
DA:5,0
DA:6,0
DA:7,0
DA:8,0
DA:9,0
DA:10,0
DA:12,19
LF:10
LH:2
BRF:0
BRH:0
end_of_record
TN:
SF:/home/vagrant/Documents/devops/src/main/webapp/app/core/user/user.model.ts
FN:17,(anonymous_0)
FN:18,User
FNF:2
FNH:2
FNDA:19,(anonymous_0)
FNDA:7,User
DA:17,19
DA:19,7
DA:20,7
DA:21,7
DA:22,7
DA:23,7
DA:24,7
DA:25,7
DA:26,7
DA:27,7
DA:28,7
DA:29,7
DA:30,7
DA:31,7
DA:33,7
DA:34,7
DA:35,7
DA:36,7
DA:37,7
DA:38,7
DA:39,7
DA:40,7
DA:41,7
DA:42,7
DA:43,7
DA:44,7
DA:45,7
DA:47,19
LF:28
LH:28
BRDA:33,0,0,6
BRDA:33,0,1,1
BRDA:34,1,0,3
BRDA:34,1,1,4
BRDA:35,2,0,2
BRDA:35,2,1,5
BRDA:36,3,0,2
BRDA:36,3,1,5
BRDA:37,4,0,2
BRDA:37,4,1,5
BRDA:38,5,0,2
BRDA:38,5,1,5
BRDA:39,6,0,2
BRDA:39,6,1,5
BRDA:40,7,0,2
BRDA:40,7,1,5
BRDA:41,8,0,2
BRDA:41,8,1,5
BRDA:42,9,0,0
BRDA:42,9,1,7
BRDA:43,10,0,0
BRDA:43,10,1,7
BRDA:44,11,0,0
BRDA:44,11,1,7
BRDA:45,12,0,0
BRDA:45,12,1,7
BRF:26
BRH:22
end_of_record
TN:
SF:/home/vagrant/Documents/devops/src/main/webapp/app/core/user/user.service.ts
FN:10,(anonymous_0)
FN:13,UserService
FN:15,(anonymous_2)
FN:19,(anonymous_3)
FN:23,(anonymous_4)
FN:27,(anonymous_5)
FN:32,(anonymous_6)
FN:36,(anonymous_7)
FNF:8
FNH:4
FNDA:19,(anonymous_0)
FNDA:10,UserService
FNDA:0,(anonymous_2)
FNDA:0,(anonymous_3)
FNDA:3,(anonymous_4)
FNDA:0,(anonymous_5)
FNDA:0,(anonymous_6)
FNDA:1,(anonymous_7)
DA:1,19
DA:2,19
DA:5,19
DA:6,19
DA:10,19
DA:11,10
DA:13,10
DA:15,19
DA:16,0
DA:19,19
DA:20,0
DA:23,19
DA:24,3
DA:27,19
DA:28,0
DA:29,0
DA:32,19
DA:33,0
DA:36,19
DA:37,1
DA:39,19
LF:21
LH:16
BRDA:13,0,0,19
BRDA:13,0,1,0
BRDA:13,1,0,19
BRF:3
BRH:2
end_of_record
TN:
SF:/home/vagrant/Documents/devops/src/main/webapp/app/shared/index.ts
FNF:0
FNH:0
DA:1,6
DA:2,6
DA:3,6
DA:4,6
DA:5,6
DA:6,6
DA:7,6
DA:8,6
DA:9,6
DA:10,6
DA:11,6
DA:12,6
LF:12
LH:12
BRF:0
BRH:0
end_of_record
TN:
SF:/home/vagrant/Documents/devops/src/main/webapp/app/shared/shared-common.module.ts
FN:10,(anonymous_0)
FNF:1
FNH:1
FNDA:6,(anonymous_0)
DA:1,6
DA:3,6
DA:10,6
LF:3
LH:3
BRF:0
BRH:0
end_of_record
TN:
SF:/home/vagrant/Documents/devops/src/main/webapp/app/shared/shared-libs.module.ts
FN:23,(anonymous_0)
FNF:1
FNH:1
FNDA:6,(anonymous_0)
DA:1,6
DA:2,6
DA:3,6
DA:4,6
DA:5,6
DA:6,6
DA:7,6
DA:8,6
DA:23,6
LF:9
LH:9
BRF:0
BRH:0
end_of_record
TN:
SF:/home/vagrant/Documents/devops/src/main/webapp/app/shared/shared.module.ts
FN:15,(anonymous_0)
FNF:1
FNH:1
FNDA:6,(anonymous_0)
DA:1,6
DA:2,6
DA:4,6
DA:5,6
DA:15,6
LF:5
LH:5
BRF:0
BRH:0
end_of_record
TN:
SF:/home/vagrant/Documents/devops/src/main/webapp/app/shared/alert/alert-error.component.ts
FN:16,(anonymous_0)
FN:20,JhiAlertErrorComponent
FN:24,(anonymous_2)
FN:37,(anonymous_3)
FN:84,(anonymous_4)
FN:91,(anonymous_5)
FN:98,(anonymous_6)
FNF:7
FNH:6
FNDA:7,(anonymous_0)
FNDA:7,JhiAlertErrorComponent
FNDA:8,(anonymous_2)
FNDA:2,(anonymous_3)
FNDA:0,(anonymous_4)
FNDA:6,(anonymous_5)
FNDA:8,(anonymous_6)
DA:1,7
DA:2,7
DA:16,7
DA:20,7
DA:22,7
DA:24,7
DA:26,8
DA:27,8
DA:30,1
DA:31,1
DA:34,4
DA:35,4
DA:36,4
DA:37,4
DA:38,2
DA:39,1
DA:40,1
DA:41,1
DA:44,4
DA:45,1
DA:46,1
DA:47,3
DA:48,1
DA:49,1
DA:50,1
DA:51,1
DA:52,1
DA:55,1
DA:56,1
DA:57,1
DA:59,2
DA:60,1
DA:66,1
DA:68,4
DA:71,1
DA:72,1
DA:75,2
DA:76,1
DA:78,1
DA:84,7
DA:85,0
DA:91,7
DA:92,6
DA:93,6
DA:94,6
DA:98,7
DA:99,8
DA:112,7
LF:48
LH:47
BRDA:29,0,0,1
BRDA:29,0,1,4
BRDA:29,0,2,1
BRDA:29,0,3,2
BRDA:38,1,0,1
BRDA:38,1,1,1
BRDA:40,2,0,1
BRDA:40,2,1,0
BRDA:44,3,0,1
BRDA:44,3,1,3
BRDA:47,4,0,1
BRDA:47,4,1,2
BRDA:47,5,0,3
BRDA:47,5,1,3
BRDA:51,6,0,1
BRDA:51,6,1,0
BRDA:59,7,0,1
BRDA:59,7,1,1
BRDA:59,8,0,2
BRDA:59,8,1,2
BRDA:75,9,0,1
BRDA:75,9,1,1
BRDA:75,10,0,2
BRDA:75,10,1,2
BRDA:92,11,0,6
BRDA:92,11,1,0
BRDA:92,12,0,6
BRDA:92,12,1,6
BRDA:20,13,0,7
BRDA:20,13,1,0
BRDA:20,14,0,7
BRDA:20,15,0,7
BRDA:20,15,1,7
BRDA:20,15,2,0
BRDA:20,16,0,7
BRDA:20,16,1,7
BRF:36
BRH:31
end_of_record
TN:
SF:/home/vagrant/Documents/devops/src/main/webapp/app/shared/alert/alert.component.ts
FN:15,(anonymous_0)
FN:18,JhiAlertComponent
FN:20,(anonymous_2)
FN:24,(anonymous_3)
FN:31,(anonymous_4)
FNF:5
FNH:1
FNDA:6,(anonymous_0)
FNDA:0,JhiAlertComponent
FNDA:0,(anonymous_2)
FNDA:0,(anonymous_3)
FNDA:0,(anonymous_4)
DA:1,6
DA:2,6
DA:15,6
DA:18,0
DA:20,6
DA:21,0
DA:24,6
DA:25,0
DA:31,6
DA:32,0
DA:34,6
LF:11
LH:7
BRDA:18,0,0,6
BRDA:18,0,1,0
BRDA:18,1,0,6
BRF:3
BRH:2
end_of_record
TN:
SF:/home/vagrant/Documents/devops/src/main/webapp/app/shared/auth/has-any-authority.directive.ts
FN:18,(anonymous_0)
FN:21,HasAnyAuthorityDirective
FN:24,(anonymous_2)
FN:28,(anonymous_3)
FN:31,(anonymous_4)
FN:32,(anonymous_5)
FNF:6
FNH:1
FNDA:6,(anonymous_0)
FNDA:0,HasAnyAuthorityDirective
FNDA:0,(anonymous_2)
FNDA:0,(anonymous_3)
FNDA:0,(anonymous_4)
FNDA:0,(anonymous_5)
DA:1,6
DA:2,6
DA:18,6
DA:21,0
DA:23,0
DA:24,12
DA:25,0
DA:26,0
DA:28,0
DA:31,6
DA:32,0
DA:33,0
DA:34,0
DA:35,0
DA:39,6
LF:15
LH:6
BRDA:25,0,0,0
BRDA:25,0,1,0
BRDA:34,1,0,0
BRDA:34,1,1,0
BRDA:21,2,0,6
BRDA:21,2,1,0
BRDA:21,3,0,6
BRDA:21,4,0,6
BRDA:21,4,1,6
BRDA:21,4,2,0
BRDA:21,5,0,6
BRDA:21,5,1,6
BRDA:21,6,0,6
BRDA:21,6,1,6
BRDA:21,6,2,0
BRDA:21,7,0,6
BRDA:21,7,1,6
BRF:17
BRH:10
end_of_record
TN:
SF:/home/vagrant/Documents/devops/src/main/webapp/app/shared/constants/error.constants.ts
FNF:0
FNH:0
DA:1,6
DA:2,6
DA:3,6
DA:4,6
LF:4
LH:4
BRF:0
BRH:0
end_of_record
TN:
SF:/home/vagrant/Documents/devops/src/main/webapp/app/shared/constants/input.constants.ts
FNF:0
FNH:0
DA:1,6
DA:2,6
LF:2
LH:2
BRF:0
BRH:0
end_of_record
TN:
SF:/home/vagrant/Documents/devops/src/main/webapp/app/shared/constants/pagination.constants.ts
FNF:0
FNH:0
DA:1,6
LF:1
LH:1
BRF:0
BRH:0
end_of_record
TN:
SF:/home/vagrant/Documents/devops/src/main/webapp/app/shared/login/login.component.html
FNF:0
FNH:0
DA:1,20
LF:1
LH:1
BRF:0
BRH:0
end_of_record
TN:
SF:/home/vagrant/Documents/devops/src/main/webapp/app/shared/login/login.component.ts
FN:13,(anonymous_0)
FN:20,JhiLoginModalComponent
FN:32,(anonymous_2)
FN:33,(anonymous_3)
FN:36,(anonymous_4)
FN:46,(anonymous_5)
FN:53,(anonymous_6)
FN:73,(anonymous_7)
FN:78,(anonymous_8)
FN:83,(anonymous_9)
FNF:10
FNH:7
FNDA:20,(anonymous_0)
FNDA:5,JhiLoginModalComponent
FNDA:0,(anonymous_2)
FNDA:0,(anonymous_3)
FNDA:1,(anonymous_4)
FNDA:2,(anonymous_5)
FNDA:2,(anonymous_6)
FNDA:0,(anonymous_7)
FNDA:1,(anonymous_8)
FNDA:1,(anonymous_9)
DA:1,20
DA:2,20
DA:3,20
DA:4,20
DA:6,20
DA:7,20
DA:13,20
DA:21,5
DA:22,5
DA:23,5
DA:24,5
DA:25,5
DA:26,5
DA:27,5
DA:29,5
DA:32,20
DA:33,0
DA:36,20
DA:37,1
DA:42,1
DA:43,1
DA:46,20
DA:47,2
DA:54,2
DA:55,2
DA:56,2
DA:57,0
DA:60,2
DA:67,2
DA:68,2
DA:69,1
DA:70,1
DA:74,0
DA:78,20
DA:79,1
DA:80,1
DA:83,20
DA:84,1
DA:85,1
DA:87,20
LF:40
LH:37
BRDA:56,0,0,0
BRDA:56,0,1,2
BRDA:56,1,0,2
BRDA:56,1,1,2
BRDA:56,1,2,2
BRDA:68,2,0,1
BRDA:68,2,1,1
BRDA:21,3,0,20
BRDA:21,3,1,0
BRDA:21,4,0,20
BRDA:21,5,0,20
BRDA:21,5,1,20
BRDA:21,5,2,0
BRDA:21,6,0,20
BRDA:21,6,1,20
BRDA:22,7,0,20
BRDA:22,7,1,20
BRDA:22,7,2,0
BRDA:22,8,0,20
BRDA:22,8,1,20
BRDA:23,9,0,20
BRDA:23,9,1,20
BRDA:23,9,2,0
BRDA:23,10,0,20
BRDA:23,10,1,20
BRDA:24,11,0,20
BRDA:24,11,1,20
BRDA:24,11,2,0
BRDA:24,12,0,20
BRDA:24,12,1,20
BRDA:25,13,0,20
BRDA:25,13,1,20
BRDA:25,13,2,0
BRDA:25,14,0,20
BRDA:25,14,1,20
BRDA:26,15,0,20
BRDA:26,15,1,20
BRDA:26,15,2,0
BRDA:26,16,0,20
BRDA:26,16,1,20
BRF:40
BRH:32
end_of_record
TN:
SF:/home/vagrant/Documents/devops/src/main/webapp/app/shared/util/datepicker-adapter.ts
FN:10,(anonymous_0)
FN:11,(anonymous_2)
FN:18,(anonymous_3)
FNF:3
FNH:1
FNDA:6,(anonymous_0)
FNDA:0,(anonymous_2)
FNDA:0,(anonymous_3)
DA:4,6
DA:5,6
DA:7,6
DA:10,6
DA:11,6
DA:12,0
DA:13,0
DA:15,0
DA:18,6
DA:19,0
DA:21,6
LF:11
LH:7
BRDA:12,0,0,0
BRDA:12,0,1,0
BRDA:12,1,0,0
BRDA:12,1,1,0
BRDA:19,2,0,0
BRDA:19,2,1,0
BRF:6
BRH:0
end_of_record
TN:
SF:/home/vagrant/Documents/devops/src/main/webapp/app/shared/util/request-util.ts
FN:3,(anonymous_0)
FN:6,(anonymous_1)
FN:12,(anonymous_2)
FNF:3
FNH:3
FNDA:4,(anonymous_0)
FNDA:5,(anonymous_1)
FNDA:1,(anonymous_2)
DA:1,20
DA:3,20
DA:4,4
DA:5,4
DA:6,4
DA:7,5
DA:8,4
DA:11,4
DA:12,1
DA:13,1
DA:17,4
LF:11
LH:11
BRDA:5,0,0,4
BRDA:5,0,1,0
BRDA:7,1,0,4
BRDA:7,1,1,1
BRDA:11,2,0,1
BRDA:11,2,1,3
BRF:6
BRH:5
end_of_record
TN:
SF:/home/vagrant/Documents/devops/src/test/javascript/jest-global-mocks.ts
FN:1,(anonymous_0)
FN:4,(anonymous_1)
FN:5,(anonymous_2)
FN:6,(anonymous_3)
FN:7,(anonymous_4)
FN:14,(anonymous_5)
FNF:6
FNH:1
FNDA:48,(anonymous_0)
FNDA:0,(anonymous_1)
FNDA:0,(anonymous_2)
FNDA:0,(anonymous_3)
FNDA:0,(anonymous_4)
FNDA:0,(anonymous_5)
DA:1,24
DA:2,48
DA:3,48
DA:4,0
DA:5,0
DA:6,0
DA:7,0
DA:11,24
DA:12,24
DA:13,24
DA:14,0
LF:11
LH:6
BRDA:4,0,0,0
BRDA:4,0,1,0
BRDA:5,1,0,0
BRDA:5,1,1,0
BRF:4
BRH:0
end_of_record
TN:
SF:/home/vagrant/Documents/devops/src/test/javascript/jest.ts
FNF:0
FNH:0
DA:1,24
DA:2,24
LF:2
LH:2
BRF:0
BRH:0
end_of_record
TN:
SF:/home/vagrant/Documents/devops/src/test/javascript/spec/test.module.ts
FN:68,(anonymous_0)
FNF:1
FNH:1
FNDA:98,(anonymous_0)
DA:1,18
DA:2,18
DA:3,18
DA:4,18
DA:5,18
DA:6,18
DA:8,18
DA:9,18
DA:10,18
DA:11,18
DA:12,18
DA:13,18
DA:68,18
LF:13
LH:13
BRF:0
BRH:0
end_of_record
TN:
SF:/home/vagrant/Documents/devops/src/test/javascript/spec/helpers/mock-account.service.ts
FN:5,(anonymous_0)
FN:10,MockAccountService
FN:18,(anonymous_2)
FN:22,(anonymous_3)
FNF:4
FNH:3
FNDA:18,(anonymous_0)
FNDA:3,MockAccountService
FNDA:2,(anonymous_2)
FNDA:0,(anonymous_3)
DA:1,18
DA:2,18
DA:5,18
DA:11,3
DA:13,3
DA:14,3
DA:15,3
DA:18,18
DA:19,2
DA:22,18
DA:23,0
DA:25,18
LF:12
LH:11
BRDA:11,0,0,3
BRDA:11,0,1,3
BRF:2
BRH:2
end_of_record
TN:
SF:/home/vagrant/Documents/devops/src/test/javascript/spec/helpers/mock-active-modal.service.ts
FN:5,(anonymous_0)
FN:8,MockActiveModal
FNF:2
FNH:2
FNDA:18,(anonymous_0)
FNDA:16,MockActiveModal
DA:1,18
DA:2,18
DA:5,18
DA:9,16
DA:10,16
DA:12,18
LF:6
LH:6
BRDA:9,0,0,16
BRDA:9,0,1,16
BRF:2
BRH:2
end_of_record
TN:
SF:/home/vagrant/Documents/devops/src/test/javascript/spec/helpers/mock-alert.service.ts
FN:4,(anonymous_0)
FN:5,MockAlertService
FN:8,(anonymous_2)
FNF:3
FNH:3
FNDA:1,(anonymous_0)
FNDA:7,MockAlertService
FNDA:8,(anonymous_2)
DA:1,1
DA:2,1
DA:4,1
DA:8,1
DA:9,8
DA:11,1
LF:6
LH:6
BRDA:6,0,0,7
BRDA:6,0,1,7
BRF:2
BRH:2
end_of_record
TN:
SF:/home/vagrant/Documents/devops/src/test/javascript/spec/helpers/mock-event-manager.service.ts
FN:5,(anonymous_0)
FN:8,MockEventManager
FNF:2
FNH:2
FNDA:18,(anonymous_0)
FNDA:8,MockEventManager
DA:1,18
DA:2,18
DA:5,18
DA:9,8
DA:10,8
DA:12,18
LF:6
LH:6
BRDA:9,0,0,8
BRDA:9,0,1,8
BRF:2
BRH:2
end_of_record
TN:
SF:/home/vagrant/Documents/devops/src/test/javascript/spec/helpers/mock-login.service.ts
FN:5,(anonymous_0)
FN:12,MockLoginService
FN:22,(anonymous_2)
FN:26,(anonymous_3)
FNF:4
FNH:4
FNDA:1,(anonymous_0)
FNDA:5,MockLoginService
FNDA:7,(anonymous_2)
FNDA:2,(anonymous_3)
DA:1,1
DA:2,1
DA:5,1
DA:13,5
DA:15,5
DA:16,5
DA:17,5
DA:18,5
DA:19,5
DA:22,1
DA:23,7
DA:26,1
DA:27,2
DA:29,1
LF:14
LH:14
BRDA:13,0,0,5
BRDA:13,0,1,5
BRF:2
BRH:2
end_of_record
TN:
SF:/home/vagrant/Documents/devops/src/test/javascript/spec/helpers/mock-principal.service.ts
FN:5,(anonymous_0)
FN:8,MockPrincipal
FN:13,(anonymous_2)
FN:17,(anonymous_3)
FNF:4
FNH:4
FNDA:18,(anonymous_0)
FNDA:9,MockPrincipal
FNDA:11,(anonymous_2)
FNDA:2,(anonymous_3)
DA:1,18
DA:2,18
DA:5,18
DA:9,9
DA:11,9
DA:13,18
DA:14,11
DA:17,18
DA:18,2
DA:20,18
LF:10
LH:10
BRDA:9,0,0,9
BRDA:9,0,1,9
BRF:2
BRH:2
end_of_record
TN:
SF:/home/vagrant/Documents/devops/src/test/javascript/spec/helpers/mock-route.service.ts
FN:6,(anonymous_0)
FN:7,MockActivatedRoute
FN:22,(anonymous_2)
FN:25,MockRouter
FNF:4
FNH:4
FNDA:18,(anonymous_0)
FNDA:26,MockActivatedRoute
FNDA:18,(anonymous_2)
FNDA:16,MockRouter
DA:1,18
DA:2,18
DA:3,18
DA:6,18
DA:8,26
DA:9,26
DA:10,26
DA:11,26
DA:20,18
DA:22,18
DA:26,16
DA:27,16
DA:29,18
LF:13
LH:13
BRDA:8,0,0,26
BRDA:8,0,1,26
BRDA:26,1,0,16
BRDA:26,1,1,16
BRF:4
BRH:4
end_of_record
TN:
SF:/home/vagrant/Documents/devops/src/test/javascript/spec/helpers/mock-state-storage.service.ts
FN:5,(anonymous_0)
FN:9,MockStateStorageService
FN:15,(anonymous_2)
FN:19,(anonymous_3)
FNF:4
FNH:4
FNDA:1,(anonymous_0)
FNDA:5,MockStateStorageService
FNDA:7,(anonymous_2)
FNDA:2,(anonymous_3)
DA:1,1
DA:2,1
DA:5,1
DA:10,5
DA:11,5
DA:12,5
DA:15,1
DA:16,7
DA:19,1
DA:20,2
DA:22,1
LF:11
LH:11
BRDA:10,0,0,5
BRDA:10,0,1,5
BRF:2
BRH:2
end_of_record
TN:
SF:/home/vagrant/Documents/devops/src/test/javascript/spec/helpers/spyobject.ts
FN:12,(anonymous_0)
FN:29,SpyObject
FN:31,(anonymous_2)
FN:13,(anonymous_3)
FN:21,(anonymous_4)
FN:22,(anonymous_5)
FN:23,(anonymous_6)
FN:48,(anonymous_7)
FN:55,(anonymous_8)
FN:60,(anonymous_9)
FNF:10
FNH:5
FNDA:18,(anonymous_0)
FNDA:69,SpyObject
FNDA:638,(anonymous_2)
FNDA:0,(anonymous_3)
FNDA:0,(anonymous_4)
FNDA:0,(anonymous_5)
FNDA:0,(anonymous_6)
FNDA:718,(anonymous_7)
FNDA:0,(anonymous_8)
FNDA:630,(anonymous_9)
DA:12,18
DA:13,18
DA:14,0
DA:15,0
DA:16,0
DA:17,0
DA:20,0
DA:21,0
DA:22,0
DA:23,0
DA:24,0
DA:26,0
DA:29,69
DA:30,69
DA:31,69
DA:32,638
DA:33,638
DA:34,638
DA:41,638
DA:42,622
DA:48,18
DA:49,718
DA:50,630
DA:52,718
DA:55,18
DA:56,0
DA:60,18
DA:61,630
DA:62,630
DA:63,630
DA:64,630
DA:66,630
DA:67,630
DA:69,18
LF:34
LH:23
BRDA:29,0,0,0
BRDA:29,0,1,69
BRDA:30,1,0,69
BRDA:30,1,1,0
BRDA:41,2,0,622
BRDA:41,2,1,16
BRDA:13,3,0,0
BRDA:13,3,1,0
BRDA:13,4,0,0
BRDA:13,4,1,0
BRDA:13,5,0,0
BRDA:13,5,1,0
BRDA:14,6,0,0
BRDA:14,6,1,0
BRDA:49,7,0,630
BRDA:49,7,1,88
BRF:16
BRH:6
end_of_record
